<?xml version="1.0" encoding="UTF-8"?>
<testsuite xmlns:xsi="http://www.w3.org/2001/XMLSchema-instance" xsi:noNamespaceSchemaLocation="https://maven.apache.org/surefire/maven-surefire-plugin/xsd/surefire-test-report-3.0.xsd" version="3.0" name="com.nathan.hotel_reservas.repository.ReservaRepositoryTest" time="0.045" tests="1" errors="0" skipped="0" failures="0">
  <properties>
[...]
</properties>
  <testcase name="reservarTest" classname="com.nathan.hotel_reservas.repository.ReservaRepositoryTest" time="0.032">
    <system-out><![CDATA[2024-10-07T00:27:06.992-03:00 DEBUG 18250 --- [hotel_reservas] [           main] b.t.a.o.j.DataJpaTestContextBootstrapper : Neither @ContextConfiguration nor @ContextHierarchy found for test class [ReservaRepositoryTest]: using SpringBootContextLoader
2024-10-07T00:27:06.993-03:00 DEBUG 18250 --- [hotel_reservas] [           main] o.s.t.c.support.AbstractContextLoader    : Could not detect default resource locations for test class [com.nathan.hotel_reservas.repository.ReservaRepositoryTest]: no resource found for suffixes {-context.xml, Context.groovy}.
2024-10-07T00:27:06.993-03:00  INFO 18250 --- [hotel_reservas] [           main] t.c.s.AnnotationConfigContextLoaderUtils : Could not detect default configuration classes for test class [com.nathan.hotel_reservas.repository.ReservaRepositoryTest]: ReservaRepositoryTest does not declare any static, non-private, non-final, nested classes annotated with @Configuration.
2024-10-07T00:27:06.993-03:00 DEBUG 18250 --- [hotel_reservas] [           main] b.t.a.o.j.DataJpaTestContextBootstrapper : Using ContextCustomizerFactory implementations for test class [ReservaRepositoryTest]: [ImportsContextCustomizerFactory, ExcludeFilterContextCustomizerFactory, HttpGraphQlTesterContextCustomizerFactory, DuplicateJsonObjectContextCustomizerFactory, MockitoContextCustomizerFactory, TestRestTemplateContextCustomizerFactory, WebTestClientContextCustomizerFactory, DisableReactorResourceFactoryGlobalResourcesContextCustomizerFactory, OverrideAutoConfigurationContextCustomizerFactory, ObservabilityContextCustomizerFactory, TypeExcludeFiltersContextCustomizerFactory, PropertyMappingContextCustomizerFactory, WebDriverContextCustomizerFactory, MockServerContainerContextCustomizerFactory, DynamicPropertiesContextCustomizerFactory]
2024-10-07T00:27:07.002-03:00 DEBUG 18250 --- [hotel_reservas] [           main] b.t.a.o.j.DataJpaTestContextBootstrapper : Using ContextCustomizers for test class [ReservaRepositoryTest]: [ImportsContextCustomizer, ExcludeFilterContextCustomizer, DuplicateJsonObjectContextCustomizer, MockitoContextCustomizer, DisableReactorResourceFactoryGlobalResourcesContextCustomizerCustomizer, DisableAutoConfigurationContextCustomizer, DisableObservabilityContextCustomizer, TypeExcludeFiltersContextCustomizer, PropertyMappingContextCustomizer, WebDriverContextCustomizer]
2024-10-07T00:27:07.002-03:00  INFO 18250 --- [hotel_reservas] [           main] .b.t.c.SpringBootTestContextBootstrapper : Found @SpringBootConfiguration com.nathan.hotel_reservas.HotelReservasApplication for test class com.nathan.hotel_reservas.repository.ReservaRepositoryTest
2024-10-07T00:27:07.002-03:00 DEBUG 18250 --- [hotel_reservas] [           main] .s.t.c.u.TestContextSpringFactoriesUtils : Skipping candidate TestExecutionListener [org.springframework.test.context.observation.MicrometerObservationRegistryTestExecutionListener] due to a missing dependency. Specify custom TestExecutionListener classes or make the default TestExecutionListener classes and their required dependencies available. Offending class: io.micrometer.context.ThreadLocalAccessor. MicrometerObservationRegistryTestExecutionListener requires io.micrometer:micrometer-observation:1.10.8 or higher and io.micrometer:context-propagation:1.0.3 or higher.
2024-10-07T00:27:07.002-03:00 DEBUG 18250 --- [hotel_reservas] [           main] b.t.a.o.j.DataJpaTestContextBootstrapper : Using TestExecutionListeners for test class [ReservaRepositoryTest]: [ServletTestExecutionListener, DirtiesContextBeforeModesTestExecutionListener, ApplicationEventsTestExecutionListener, MockitoTestExecutionListener, DependencyInjectionTestExecutionListener, DirtiesContextTestExecutionListener, TransactionalTestExecutionListener, SqlScriptsTestExecutionListener, EventPublishingTestExecutionListener, ResetMocksTestExecutionListener, RestDocsTestExecutionListener, MockRestServiceServerResetTestExecutionListener, MockMvcPrintOnlyOnFailureTestExecutionListener, WebDriverTestExecutionListener, MockWebServiceServerTestExecutionListener]
2024-10-07T00:27:07.002-03:00 DEBUG 18250 --- [hotel_reservas] [           main] sContextBeforeModesTestExecutionListener : Before test class: class [ReservaRepositoryTest], class annotated with @DirtiesContext [false] with mode [null]
2024-10-07T00:27:07.003-03:00 DEBUG 18250 --- [hotel_reservas] [           main] org.springframework.test.context.cache   : Spring test ApplicationContext cache statistics: [DefaultContextCache@6464f017 size = 1, maxSize = 32, parentContextCount = 0, hitCount = 13, missCount = 1, failureCount = 0]
2024-10-07T00:27:07.003-03:00 DEBUG 18250 --- [hotel_reservas] [           main] DependencyInjectionTestExecutionListener : Performing dependency injection for test class com.nathan.hotel_reservas.repository.ReservaRepositoryTest
2024-10-07T00:27:07.003-03:00 DEBUG 18250 --- [hotel_reservas] [           main] org.springframework.test.context.cache   : Spring test ApplicationContext cache statistics: [DefaultContextCache@6464f017 size = 1, maxSize = 32, parentContextCount = 0, hitCount = 14, missCount = 1, failureCount = 0]
2024-10-07T00:27:07.004-03:00 DEBUG 18250 --- [hotel_reservas] [           main] org.springframework.test.context.cache   : Spring test ApplicationContext cache statistics: [DefaultContextCache@6464f017 size = 1, maxSize = 32, parentContextCount = 0, hitCount = 15, missCount = 1, failureCount = 0]
2024-10-07T00:27:07.004-03:00 DEBUG 18250 --- [hotel_reservas] [           main] sContextBeforeModesTestExecutionListener : Before test method: class [ReservaRepositoryTest], method [reservarTest], class annotated with @DirtiesContext [false] with mode [null], method annotated with @DirtiesContext [false] with mode [null]
2024-10-07T00:27:07.005-03:00 DEBUG 18250 --- [hotel_reservas] [           main] t.c.t.TransactionalTestExecutionListener : Explicit transaction definition [PROPAGATION_REQUIRED,ISOLATION_DEFAULT] found for test class [com.nathan.hotel_reservas.repository.ReservaRepositoryTest] and test method [reservarTest]
2024-10-07T00:27:07.005-03:00 DEBUG 18250 --- [hotel_reservas] [           main] org.springframework.test.context.cache   : Spring test ApplicationContext cache statistics: [DefaultContextCache@6464f017 size = 1, maxSize = 32, parentContextCount = 0, hitCount = 16, missCount = 1, failureCount = 0]
2024-10-07T00:27:07.005-03:00 DEBUG 18250 --- [hotel_reservas] [           main] t.c.t.TransactionalTestExecutionListener : No method-level @Rollback override: using default rollback [true] for test method [public void com.nathan.hotel_reservas.repository.ReservaRepositoryTest.reservarTest()]
2024-10-07T00:27:07.005-03:00 DEBUG 18250 --- [hotel_reservas] [           main] o.s.orm.jpa.JpaTransactionManager        : Creating new transaction with name [com.nathan.hotel_reservas.repository.ReservaRepositoryTest.reservarTest]: PROPAGATION_REQUIRED,ISOLATION_DEFAULT
2024-10-07T00:27:07.005-03:00 DEBUG 18250 --- [hotel_reservas] [           main] o.s.orm.jpa.JpaTransactionManager        : Opened new EntityManager [SessionImpl(743334835<open>)] for JPA transaction
2024-10-07T00:27:07.005-03:00 DEBUG 18250 --- [hotel_reservas] [           main] o.h.e.t.internal.TransactionImpl         : On TransactionImpl creation, JpaCompliance#isJpaTransactionComplianceEnabled == false
2024-10-07T00:27:07.005-03:00 DEBUG 18250 --- [hotel_reservas] [           main] o.h.e.t.internal.TransactionImpl         : begin
2024-10-07T00:27:07.005-03:00 DEBUG 18250 --- [hotel_reservas] [           main] o.s.orm.jpa.JpaTransactionManager        : Exposing JPA transaction as JDBC [org.springframework.orm.jpa.vendor.HibernateJpaDialect$HibernateConnectionHandle@2703785e]
2024-10-07T00:27:07.005-03:00 DEBUG 18250 --- [hotel_reservas] [           main] o.s.t.c.transaction.TransactionContext   : Began transaction (1) for test class [com.nathan.hotel_reservas.repository.ReservaRepositoryTest]; test method [reservarTest]; transaction manager [org.springframework.orm.jpa.JpaTransactionManager@7f53b345]; rollback [true]
2024-10-07T00:27:07.005-03:00 DEBUG 18250 --- [hotel_reservas] [           main] org.springframework.test.context.cache   : Spring test ApplicationContext cache statistics: [DefaultContextCache@6464f017 size = 1, maxSize = 32, parentContextCount = 0, hitCount = 17, missCount = 1, failureCount = 0]
2024-10-07T00:27:07.006-03:00 DEBUG 18250 --- [hotel_reservas] [           main] org.springframework.test.context.cache   : Spring test ApplicationContext cache statistics: [DefaultContextCache@6464f017 size = 1, maxSize = 32, parentContextCount = 0, hitCount = 18, missCount = 1, failureCount = 0]
2024-10-07T00:27:07.006-03:00 DEBUG 18250 --- [hotel_reservas] [           main] org.springframework.test.context.cache   : Spring test ApplicationContext cache statistics: [DefaultContextCache@6464f017 size = 1, maxSize = 32, parentContextCount = 0, hitCount = 19, missCount = 1, failureCount = 0]
2024-10-07T00:27:07.007-03:00 DEBUG 18250 --- [hotel_reservas] [           main] o.s.orm.jpa.JpaTransactionManager        : Found thread-bound EntityManager [SessionImpl(743334835<open>)] for JPA transaction
2024-10-07T00:27:07.007-03:00 DEBUG 18250 --- [hotel_reservas] [           main] o.s.orm.jpa.JpaTransactionManager        : Participating in existing transaction
2024-10-07T00:27:07.007-03:00 DEBUG 18250 --- [hotel_reservas] [           main] o.h.j.internal.PersistenceUnitUtilImpl   : jakarta.persistence.PersistenceUnitUtil.getIdentifier is only intended to work with enhanced entities (although Hibernate also adapts this support to its proxies); however the passed entity was not enhanced (nor a proxy).. may not be able to read identifier
2024-10-07T00:27:07.007-03:00 DEBUG 18250 --- [hotel_reservas] [           main] org.hibernate.SQL                        : select seq_reserva_id.nextval from dual
Hibernate: select seq_reserva_id.nextval from dual
2024-10-07T00:27:07.019-03:00 DEBUG 18250 --- [hotel_reservas] [           main] o.h.id.enhanced.SequenceStructure        : Sequence value obtained: 9
2024-10-07T00:27:07.019-03:00 DEBUG 18250 --- [hotel_reservas] [           main] o.h.e.i.AbstractSaveEventListener        : Generated identifier: 9, using strategy: org.hibernate.id.enhanced.SequenceStyleGenerator
2024-10-07T00:27:07.022-03:00 DEBUG 18250 --- [hotel_reservas] [           main] org.springframework.test.context.cache   : Spring test ApplicationContext cache statistics: [DefaultContextCache@6464f017 size = 1, maxSize = 32, parentContextCount = 0, hitCount = 20, missCount = 1, failureCount = 0]
2024-10-07T00:27:07.022-03:00 DEBUG 18250 --- [hotel_reservas] [           main] org.springframework.test.context.cache   : Spring test ApplicationContext cache statistics: [DefaultContextCache@6464f017 size = 1, maxSize = 32, parentContextCount = 0, hitCount = 21, missCount = 1, failureCount = 0]
2024-10-07T00:27:07.022-03:00 DEBUG 18250 --- [hotel_reservas] [           main] org.springframework.test.context.cache   : Spring test ApplicationContext cache statistics: [DefaultContextCache@6464f017 size = 1, maxSize = 32, parentContextCount = 0, hitCount = 22, missCount = 1, failureCount = 0]
2024-10-07T00:27:07.023-03:00 DEBUG 18250 --- [hotel_reservas] [           main] org.springframework.test.context.cache   : Spring test ApplicationContext cache statistics: [DefaultContextCache@6464f017 size = 1, maxSize = 32, parentContextCount = 0, hitCount = 23, missCount = 1, failureCount = 0]
2024-10-07T00:27:07.023-03:00 DEBUG 18250 --- [hotel_reservas] [           main] org.springframework.test.context.cache   : Spring test ApplicationContext cache statistics: [DefaultContextCache@6464f017 size = 1, maxSize = 32, parentContextCount = 0, hitCount = 24, missCount = 1, failureCount = 0]
2024-10-07T00:27:07.023-03:00 DEBUG 18250 --- [hotel_reservas] [           main] org.springframework.test.context.cache   : Spring test ApplicationContext cache statistics: [DefaultContextCache@6464f017 size = 1, maxSize = 32, parentContextCount = 0, hitCount = 25, missCount = 1, failureCount = 0]
2024-10-07T00:27:07.023-03:00 DEBUG 18250 --- [hotel_reservas] [           main] o.s.orm.jpa.JpaTransactionManager        : Initiating transaction rollback
2024-10-07T00:27:07.023-03:00 DEBUG 18250 --- [hotel_reservas] [           main] o.s.orm.jpa.JpaTransactionManager        : Rolling back JPA transaction on EntityManager [SessionImpl(743334835<open>)]
2024-10-07T00:27:07.023-03:00 DEBUG 18250 --- [hotel_reservas] [           main] o.h.e.t.internal.TransactionImpl         : rolling back
2024-10-07T00:27:07.035-03:00 DEBUG 18250 --- [hotel_reservas] [           main] o.s.orm.jpa.JpaTransactionManager        : Closing JPA EntityManager [SessionImpl(743334835<open>)] after transaction
2024-10-07T00:27:07.036-03:00 DEBUG 18250 --- [hotel_reservas] [           main] o.s.t.c.transaction.TransactionContext   : Rolled back transaction (1) for test class [com.nathan.hotel_reservas.repository.ReservaRepositoryTest]; test method [reservarTest]
2024-10-07T00:27:07.036-03:00 DEBUG 18250 --- [hotel_reservas] [           main] .c.s.DirtiesContextTestExecutionListener : After test method: class [ReservaRepositoryTest], method [reservarTest], class annotated with @DirtiesContext [false] with mode [null], method annotated with @DirtiesContext [false] with mode [null]
]]></system-out>
  </testcase>
</testsuite>