<?xml version="1.0" encoding="UTF-8"?>
<testsuite xmlns:xsi="http://www.w3.org/2001/XMLSchema-instance" xsi:noNamespaceSchemaLocation="https://maven.apache.org/surefire/maven-surefire-plugin/xsd/surefire-test-report-3.0.xsd" version="3.0" name="com.nathan.hotel_reservas.repository.HabitacionRepositoryTest" time="3.272" tests="1" errors="0" skipped="0" failures="0">
  <properties>
[...]
</properties>
  <testcase name="guardarHabitacionTest" classname="com.nathan.hotel_reservas.repository.HabitacionRepositoryTest" time="0.436">
    <system-out><![CDATA[00:27:03.837 [main] INFO org.springframework.test.context.support.AnnotationConfigContextLoaderUtils -- Could not detect default configuration classes for test class [com.nathan.hotel_reservas.repository.HabitacionRepositoryTest]: HabitacionRepositoryTest does not declare any static, non-private, non-final, nested classes annotated with @Configuration.
00:27:03.894 [main] INFO org.springframework.boot.test.context.SpringBootTestContextBootstrapper -- Found @SpringBootConfiguration com.nathan.hotel_reservas.HotelReservasApplication for test class com.nathan.hotel_reservas.repository.HabitacionRepositoryTest
00:27:03.933 [main] INFO org.springframework.boot.devtools.restart.RestartApplicationListener -- Restart disabled due to context in which it is running

  .   ____          _            __ _ _
 /\\ / ___'_ __ _ _(_)_ __  __ _ \ \ \ \
( ( )\___ | '_ | '_| | '_ \/ _` | \ \ \ \
 \\/  ___)| |_)| | | | | || (_| |  ) ) ) )
  '  |____| .__|_| |_|_| |_\__, | / / / /
 =========|_|==============|___/=/_/_/_/

 :: Spring Boot ::                (v3.3.4)

2024-10-07T00:27:04.142-03:00  INFO 18250 --- [hotel_reservas] [           main] c.n.h.r.HabitacionRepositoryTest         : Starting HabitacionRepositoryTest using Java 22.0.2 with PID 18250 (started by jonathanbernal in /Users/jonathanbernal/Documents/Duoc/FullStack/Week9/hotel_reservas)
2024-10-07T00:27:04.143-03:00  INFO 18250 --- [hotel_reservas] [           main] c.n.h.r.HabitacionRepositoryTest         : No active profile set, falling back to 1 default profile: "default"
2024-10-07T00:27:04.143-03:00 DEBUG 18250 --- [hotel_reservas] [           main] o.s.boot.SpringApplication               : Loading source class com.nathan.hotel_reservas.HotelReservasApplication
2024-10-07T00:27:04.150-03:00 DEBUG 18250 --- [hotel_reservas] [           main] s.c.a.AnnotationConfigApplicationContext : Refreshing org.springframework.context.annotation.AnnotationConfigApplicationContext@589b028e
2024-10-07T00:27:04.157-03:00 DEBUG 18250 --- [hotel_reservas] [           main] o.s.b.f.s.DefaultListableBeanFactory     : Creating shared instance of singleton bean 'org.springframework.context.annotation.internalConfigurationAnnotationProcessor'
2024-10-07T00:27:04.163-03:00 DEBUG 18250 --- [hotel_reservas] [           main] o.s.b.f.s.DefaultListableBeanFactory     : Creating shared instance of singleton bean 'org.springframework.boot.autoconfigure.internalCachingMetadataReaderFactory'
2024-10-07T00:27:04.320-03:00  INFO 18250 --- [hotel_reservas] [           main] .s.d.r.c.RepositoryConfigurationDelegate : Bootstrapping Spring Data JPA repositories in DEFAULT mode.
2024-10-07T00:27:04.323-03:00 DEBUG 18250 --- [hotel_reservas] [           main] o.s.b.f.s.DefaultListableBeanFactory     : Creating shared instance of singleton bean 'org.springframework.boot.autoconfigure.AutoConfigurationPackages'
2024-10-07T00:27:04.326-03:00 DEBUG 18250 --- [hotel_reservas] [           main] o.s.b.a.AutoConfigurationPackages        : @EnableAutoConfiguration was declared on a class in the package 'com.nathan.hotel_reservas'. Automatic @Repository and @Entity scanning is enabled.
2024-10-07T00:27:04.327-03:00 DEBUG 18250 --- [hotel_reservas] [           main] .s.d.r.c.RepositoryConfigurationDelegate : Scanning for JPA repositories in packages com.nathan.hotel_reservas.
2024-10-07T00:27:04.333-03:00 DEBUG 18250 --- [hotel_reservas] [           main] o.s.d.r.c.RepositoryComponentProvider    : Identified candidate component class: file [/Users/jonathanbernal/Documents/Duoc/FullStack/Week9/hotel_reservas/target/classes/com/nathan/hotel_reservas/repository/HabitacionRepository.class]
2024-10-07T00:27:04.333-03:00 DEBUG 18250 --- [hotel_reservas] [           main] o.s.d.r.c.RepositoryComponentProvider    : Identified candidate component class: file [/Users/jonathanbernal/Documents/Duoc/FullStack/Week9/hotel_reservas/target/classes/com/nathan/hotel_reservas/repository/ReservaRepository.class]
2024-10-07T00:27:04.352-03:00  INFO 18250 --- [hotel_reservas] [           main] .s.d.r.c.RepositoryConfigurationDelegate : Finished Spring Data repository scanning in 24 ms. Found 2 JPA repository interfaces.
2024-10-07T00:27:04.377-03:00 DEBUG 18250 --- [hotel_reservas] [           main] o.s.b.f.s.DefaultListableBeanFactory     : Creating shared instance of singleton bean 'org.springframework.boot.test.context.ImportsContextCustomizer$ImportsCleanupPostProcessor'
2024-10-07T00:27:04.408-03:00 DEBUG 18250 --- [hotel_reservas] [           main] o.s.b.f.s.DefaultListableBeanFactory     : Creating shared instance of singleton bean 'org.springframework.boot.test.mock.mockito.MockitoPostProcessor'
2024-10-07T00:27:04.409-03:00 DEBUG 18250 --- [hotel_reservas] [           main] o.s.b.f.s.DefaultListableBeanFactory     : Creating shared instance of singleton bean 'emBeanDefinitionRegistrarPostProcessor'
2024-10-07T00:27:04.409-03:00 DEBUG 18250 --- [hotel_reservas] [           main] o.s.b.f.s.DefaultListableBeanFactory     : Creating shared instance of singleton bean 'org.springframework.boot.sql.init.dependency.DatabaseInitializationDependencyConfigurer$DependsOnDatabaseInitializationPostProcessor'
2024-10-07T00:27:04.421-03:00 DEBUG 18250 --- [hotel_reservas] [           main] o.s.b.f.s.DefaultListableBeanFactory     : Creating shared instance of singleton bean 'org.springframework.context.event.internalEventListenerProcessor'
2024-10-07T00:27:04.422-03:00 DEBUG 18250 --- [hotel_reservas] [           main] o.s.b.f.s.DefaultListableBeanFactory     : Creating shared instance of singleton bean 'org.springframework.context.event.internalEventListenerFactory'
2024-10-07T00:27:04.422-03:00 DEBUG 18250 --- [hotel_reservas] [           main] o.s.b.f.s.DefaultListableBeanFactory     : Creating shared instance of singleton bean 'org.springframework.transaction.config.internalTransactionalEventListenerFactory'
2024-10-07T00:27:04.424-03:00 DEBUG 18250 --- [hotel_reservas] [           main] o.s.b.f.s.DefaultListableBeanFactory     : Creating shared instance of singleton bean 'org.springframework.context.annotation.internalAutowiredAnnotationProcessor'
2024-10-07T00:27:04.424-03:00 DEBUG 18250 --- [hotel_reservas] [           main] o.s.b.f.s.DefaultListableBeanFactory     : Creating shared instance of singleton bean 'org.springframework.context.annotation.internalCommonAnnotationProcessor'
2024-10-07T00:27:04.428-03:00 DEBUG 18250 --- [hotel_reservas] [           main] o.s.b.f.s.DefaultListableBeanFactory     : Creating shared instance of singleton bean 'org.springframework.context.annotation.internalPersistenceAnnotationProcessor'
2024-10-07T00:27:04.429-03:00 DEBUG 18250 --- [hotel_reservas] [           main] o.s.b.f.s.DefaultListableBeanFactory     : Creating shared instance of singleton bean 'org.springframework.boot.test.mock.mockito.MockitoPostProcessor$SpyPostProcessor'
2024-10-07T00:27:04.429-03:00 DEBUG 18250 --- [hotel_reservas] [           main] o.s.b.f.s.DefaultListableBeanFactory     : Creating shared instance of singleton bean 'jdbcConnectionDetailsHikariBeanPostProcessor'
2024-10-07T00:27:04.431-03:00 DEBUG 18250 --- [hotel_reservas] [           main] o.s.b.f.s.DefaultListableBeanFactory     : Creating shared instance of singleton bean 'org.springframework.boot.context.properties.ConfigurationPropertiesBindingPostProcessor'
2024-10-07T00:27:04.431-03:00 DEBUG 18250 --- [hotel_reservas] [           main] o.s.b.f.s.DefaultListableBeanFactory     : Creating shared instance of singleton bean 'org.springframework.boot.context.internalConfigurationPropertiesBinder'
2024-10-07T00:27:04.433-03:00 DEBUG 18250 --- [hotel_reservas] [           main] o.s.b.f.s.DefaultListableBeanFactory     : Creating shared instance of singleton bean 'org.springframework.aop.config.internalAutoProxyCreator'
2024-10-07T00:27:04.440-03:00 DEBUG 18250 --- [hotel_reservas] [           main] o.s.b.f.s.DefaultListableBeanFactory     : Creating shared instance of singleton bean 'dataSourceScriptDatabaseInitializer'
2024-10-07T00:27:04.440-03:00 DEBUG 18250 --- [hotel_reservas] [           main] o.s.b.f.s.DefaultListableBeanFactory     : Creating shared instance of singleton bean 'org.springframework.boot.autoconfigure.sql.init.DataSourceInitializationConfiguration'
2024-10-07T00:27:04.441-03:00 DEBUG 18250 --- [hotel_reservas] [           main] o.s.b.f.s.DefaultListableBeanFactory     : Creating shared instance of singleton bean 'org.springframework.transaction.config.internalTransactionAdvisor'
2024-10-07T00:27:04.441-03:00 DEBUG 18250 --- [hotel_reservas] [           main] o.s.b.f.s.DefaultListableBeanFactory     : Creating shared instance of singleton bean 'org.springframework.transaction.annotation.ProxyTransactionManagementConfiguration'
2024-10-07T00:27:04.450-03:00 DEBUG 18250 --- [hotel_reservas] [           main] o.s.b.f.s.DefaultListableBeanFactory     : Creating shared instance of singleton bean 'transactionAttributeSource'
2024-10-07T00:27:04.452-03:00 DEBUG 18250 --- [hotel_reservas] [           main] o.s.b.f.s.DefaultListableBeanFactory     : Creating shared instance of singleton bean 'transactionInterceptor'
2024-10-07T00:27:04.452-03:00 DEBUG 18250 --- [hotel_reservas] [           main] o.s.b.f.s.DefaultListableBeanFactory     : Autowiring by type from bean name 'transactionInterceptor' via factory method to bean named 'transactionAttributeSource'
2024-10-07T00:27:04.458-03:00 DEBUG 18250 --- [hotel_reservas] [           main] o.s.b.f.s.DefaultListableBeanFactory     : Autowiring by type from bean name 'org.springframework.transaction.config.internalTransactionAdvisor' via factory method to bean named 'transactionAttributeSource'
2024-10-07T00:27:04.459-03:00 DEBUG 18250 --- [hotel_reservas] [           main] o.s.b.f.s.DefaultListableBeanFactory     : Autowiring by type from bean name 'org.springframework.transaction.config.internalTransactionAdvisor' via factory method to bean named 'transactionInterceptor'
2024-10-07T00:27:04.462-03:00 DEBUG 18250 --- [hotel_reservas] [           main] o.s.b.f.s.DefaultListableBeanFactory     : Creating shared instance of singleton bean 'dataSource'
2024-10-07T00:27:04.462-03:00 DEBUG 18250 --- [hotel_reservas] [           main] o.s.b.f.s.DefaultListableBeanFactory     : Creating shared instance of singleton bean 'org.springframework.boot.autoconfigure.jdbc.DataSourceConfiguration$Hikari'
2024-10-07T00:27:04.463-03:00 DEBUG 18250 --- [hotel_reservas] [           main] o.s.b.f.s.DefaultListableBeanFactory     : Creating shared instance of singleton bean 'spring.datasource-org.springframework.boot.autoconfigure.jdbc.DataSourceProperties'
2024-10-07T00:27:04.463-03:00 DEBUG 18250 --- [hotel_reservas] [           main] o.s.b.f.s.DefaultListableBeanFactory     : Creating shared instance of singleton bean 'org.springframework.boot.context.properties.BoundConfigurationProperties'
2024-10-07T00:27:04.472-03:00 DEBUG 18250 --- [hotel_reservas] [           main] o.s.b.f.s.DefaultListableBeanFactory     : Creating shared instance of singleton bean 'jdbcConnectionDetails'
2024-10-07T00:27:04.472-03:00 DEBUG 18250 --- [hotel_reservas] [           main] o.s.b.f.s.DefaultListableBeanFactory     : Creating shared instance of singleton bean 'org.springframework.boot.autoconfigure.jdbc.DataSourceAutoConfiguration$PooledDataSourceConfiguration'
2024-10-07T00:27:04.472-03:00 DEBUG 18250 --- [hotel_reservas] [           main] o.s.b.f.s.DefaultListableBeanFactory     : Autowiring by type from bean name 'jdbcConnectionDetails' via factory method to bean named 'spring.datasource-org.springframework.boot.autoconfigure.jdbc.DataSourceProperties'
2024-10-07T00:27:04.473-03:00 DEBUG 18250 --- [hotel_reservas] [           main] o.s.b.f.s.DefaultListableBeanFactory     : Autowiring by type from bean name 'dataSource' via factory method to bean named 'spring.datasource-org.springframework.boot.autoconfigure.jdbc.DataSourceProperties'
2024-10-07T00:27:04.473-03:00 DEBUG 18250 --- [hotel_reservas] [           main] o.s.b.f.s.DefaultListableBeanFactory     : Autowiring by type from bean name 'dataSource' via factory method to bean named 'jdbcConnectionDetails'
2024-10-07T00:27:04.594-03:00 DEBUG 18250 --- [hotel_reservas] [           main] o.s.b.f.s.DefaultListableBeanFactory     : Creating shared instance of singleton bean 'spring.sql.init-org.springframework.boot.autoconfigure.sql.init.SqlInitializationProperties'
2024-10-07T00:27:04.596-03:00 DEBUG 18250 --- [hotel_reservas] [           main] o.s.b.f.s.DefaultListableBeanFactory     : Autowiring by type from bean name 'dataSourceScriptDatabaseInitializer' via factory method to bean named 'dataSource'
2024-10-07T00:27:04.596-03:00 DEBUG 18250 --- [hotel_reservas] [           main] o.s.b.f.s.DefaultListableBeanFactory     : Autowiring by type from bean name 'dataSourceScriptDatabaseInitializer' via factory method to bean named 'spring.sql.init-org.springframework.boot.autoconfigure.sql.init.SqlInitializationProperties'
2024-10-07T00:27:04.598-03:00 DEBUG 18250 --- [hotel_reservas] [           main] o.s.b.f.s.DefaultListableBeanFactory     : Creating shared instance of singleton bean 'entityManagerFactory'
2024-10-07T00:27:04.598-03:00 DEBUG 18250 --- [hotel_reservas] [           main] o.s.b.f.s.DefaultListableBeanFactory     : Creating shared instance of singleton bean 'org.springframework.boot.autoconfigure.orm.jpa.HibernateJpaConfiguration'
2024-10-07T00:27:04.598-03:00 DEBUG 18250 --- [hotel_reservas] [           main] o.s.b.f.s.DefaultListableBeanFactory     : Creating shared instance of singleton bean 'spring.jpa-org.springframework.boot.autoconfigure.orm.jpa.JpaProperties'
2024-10-07T00:27:04.601-03:00 DEBUG 18250 --- [hotel_reservas] [           main] o.s.b.f.s.DefaultListableBeanFactory     : Creating shared instance of singleton bean 'spring.jpa.hibernate-org.springframework.boot.autoconfigure.orm.jpa.HibernateProperties'
2024-10-07T00:27:04.602-03:00 DEBUG 18250 --- [hotel_reservas] [           main] o.s.b.f.s.DefaultListableBeanFactory     : Autowiring by type from bean name 'org.springframework.boot.autoconfigure.orm.jpa.HibernateJpaConfiguration' via constructor to bean named 'dataSource'
2024-10-07T00:27:04.602-03:00 DEBUG 18250 --- [hotel_reservas] [           main] o.s.b.f.s.DefaultListableBeanFactory     : Autowiring by type from bean name 'org.springframework.boot.autoconfigure.orm.jpa.HibernateJpaConfiguration' via constructor to bean named 'spring.jpa-org.springframework.boot.autoconfigure.orm.jpa.JpaProperties'
2024-10-07T00:27:04.602-03:00 DEBUG 18250 --- [hotel_reservas] [           main] o.s.b.f.s.DefaultListableBeanFactory     : Autowiring by type from bean name 'org.springframework.boot.autoconfigure.orm.jpa.HibernateJpaConfiguration' via constructor to bean named 'org.springframework.beans.factory.support.DefaultListableBeanFactory@2234078'
2024-10-07T00:27:04.602-03:00 DEBUG 18250 --- [hotel_reservas] [           main] o.s.b.f.s.DefaultListableBeanFactory     : Autowiring by type from bean name 'org.springframework.boot.autoconfigure.orm.jpa.HibernateJpaConfiguration' via constructor to bean named 'spring.jpa.hibernate-org.springframework.boot.autoconfigure.orm.jpa.HibernateProperties'
2024-10-07T00:27:04.604-03:00 DEBUG 18250 --- [hotel_reservas] [           main] o.s.b.f.s.DefaultListableBeanFactory     : Creating shared instance of singleton bean 'hikariPoolDataSourceMetadataProvider'
2024-10-07T00:27:04.604-03:00 DEBUG 18250 --- [hotel_reservas] [           main] o.s.b.f.s.DefaultListableBeanFactory     : Creating shared instance of singleton bean 'org.springframework.boot.autoconfigure.jdbc.metadata.DataSourcePoolMetadataProvidersConfiguration$HikariPoolDataSourceMetadataProviderConfiguration'
2024-10-07T00:27:04.606-03:00 DEBUG 18250 --- [hotel_reservas] [           main] o.s.b.f.s.DefaultListableBeanFactory     : Creating shared instance of singleton bean 'entityManagerFactoryBuilder'
2024-10-07T00:27:04.606-03:00 DEBUG 18250 --- [hotel_reservas] [           main] o.s.b.f.s.DefaultListableBeanFactory     : Creating shared instance of singleton bean 'jpaVendorAdapter'
2024-10-07T00:27:04.612-03:00 DEBUG 18250 --- [hotel_reservas] [           main] o.s.b.f.s.DefaultListableBeanFactory     : Autowiring by type from bean name 'entityManagerFactoryBuilder' via factory method to bean named 'jpaVendorAdapter'
2024-10-07T00:27:04.614-03:00 DEBUG 18250 --- [hotel_reservas] [           main] o.s.b.f.s.DefaultListableBeanFactory     : Creating shared instance of singleton bean 'persistenceManagedTypes'
2024-10-07T00:27:04.614-03:00 DEBUG 18250 --- [hotel_reservas] [           main] o.s.b.f.s.DefaultListableBeanFactory     : Autowiring by type from bean name 'persistenceManagedTypes' via factory method to bean named 'org.springframework.beans.factory.support.DefaultListableBeanFactory@2234078'
2024-10-07T00:27:04.614-03:00 DEBUG 18250 --- [hotel_reservas] [           main] o.s.b.f.s.DefaultListableBeanFactory     : Autowiring by type from bean name 'persistenceManagedTypes' via factory method to bean named 'org.springframework.context.annotation.AnnotationConfigApplicationContext@589b028e'
2024-10-07T00:27:04.619-03:00 DEBUG 18250 --- [hotel_reservas] [           main] o.s.b.f.s.DefaultListableBeanFactory     : Autowiring by type from bean name 'entityManagerFactory' via factory method to bean named 'entityManagerFactoryBuilder'
2024-10-07T00:27:04.619-03:00 DEBUG 18250 --- [hotel_reservas] [           main] o.s.b.f.s.DefaultListableBeanFactory     : Autowiring by type from bean name 'entityManagerFactory' via factory method to bean named 'persistenceManagedTypes'
2024-10-07T00:27:04.626-03:00 DEBUG 18250 --- [hotel_reservas] [           main] j.LocalContainerEntityManagerFactoryBean : Building JPA container EntityManagerFactory for persistence unit 'default'
2024-10-07T00:27:04.635-03:00 DEBUG 18250 --- [hotel_reservas] [           main] o.hibernate.jpa.internal.util.LogHelper  : PersistenceUnitInfo [
	name: default
	persistence provider classname: null
	classloader: jdk.internal.loader.ClassLoaders$AppClassLoader@43e45247
	excludeUnlistedClasses: true
	JTA datasource: null
	Non JTA datasource: HikariDataSource (null)
	Transaction type: RESOURCE_LOCAL
	PU root URL: file:/Users/jonathanbernal/Documents/Duoc/FullStack/Week9/hotel_reservas/target/test-classes/
	Shared Cache Mode: UNSPECIFIED
	Validation Mode: AUTO
	Jar files URLs []
	Managed classes names [
		com.nathan.hotel_reservas.models.HabitacionModel
		com.nathan.hotel_reservas.models.ReservaModel]
	Mapping files names []
	Properties []
2024-10-07T00:27:04.639-03:00 DEBUG 18250 --- [hotel_reservas] [           main] o.h.i.internal.IntegratorServiceImpl     : Adding Integrator [org.hibernate.boot.beanvalidation.BeanValidationIntegrator].
2024-10-07T00:27:04.640-03:00 DEBUG 18250 --- [hotel_reservas] [           main] o.h.i.internal.IntegratorServiceImpl     : Adding Integrator [org.hibernate.cache.internal.CollectionCacheInvalidator].
2024-10-07T00:27:04.660-03:00  INFO 18250 --- [hotel_reservas] [           main] org.hibernate.Version                    : HHH000412: Hibernate ORM core version 6.5.3.Final
2024-10-07T00:27:04.660-03:00 DEBUG 18250 --- [hotel_reservas] [           main] org.hibernate.cfg.Environment            : HHH000206: 'hibernate.properties' not found
2024-10-07T00:27:04.672-03:00 DEBUG 18250 --- [hotel_reservas] [           main] org.hibernate.orm.idgen.factory          : Registering IdentifierGenerator strategy [uuid2] -> [org.hibernate.id.UUIDGenerator]
2024-10-07T00:27:04.672-03:00 DEBUG 18250 --- [hotel_reservas] [           main] org.hibernate.orm.idgen.factory          : Registering IdentifierGenerator strategy [guid] -> [org.hibernate.id.GUIDGenerator]
2024-10-07T00:27:04.673-03:00 DEBUG 18250 --- [hotel_reservas] [           main] org.hibernate.orm.idgen.factory          : Registering IdentifierGenerator strategy [uuid] -> [org.hibernate.id.UUIDHexGenerator]
2024-10-07T00:27:04.673-03:00 DEBUG 18250 --- [hotel_reservas] [           main] org.hibernate.orm.idgen.factory          : Registering IdentifierGenerator strategy [uuid.hex] -> [org.hibernate.id.UUIDHexGenerator]
2024-10-07T00:27:04.673-03:00 DEBUG 18250 --- [hotel_reservas] [           main] org.hibernate.orm.idgen.factory          : Registering IdentifierGenerator strategy [assigned] -> [org.hibernate.id.Assigned]
2024-10-07T00:27:04.673-03:00 DEBUG 18250 --- [hotel_reservas] [           main] org.hibernate.orm.idgen.factory          : Registering IdentifierGenerator strategy [identity] -> [org.hibernate.id.IdentityGenerator]
2024-10-07T00:27:04.673-03:00 DEBUG 18250 --- [hotel_reservas] [           main] org.hibernate.orm.idgen.factory          : Registering IdentifierGenerator strategy [select] -> [org.hibernate.id.SelectGenerator]
2024-10-07T00:27:04.674-03:00 DEBUG 18250 --- [hotel_reservas] [           main] org.hibernate.orm.idgen.factory          : Registering IdentifierGenerator strategy [sequence] -> [org.hibernate.id.enhanced.SequenceStyleGenerator]
2024-10-07T00:27:04.674-03:00 DEBUG 18250 --- [hotel_reservas] [           main] org.hibernate.orm.idgen.factory          : Registering IdentifierGenerator strategy [increment] -> [org.hibernate.id.IncrementGenerator]
2024-10-07T00:27:04.674-03:00 DEBUG 18250 --- [hotel_reservas] [           main] org.hibernate.orm.idgen.factory          : Registering IdentifierGenerator strategy [foreign] -> [org.hibernate.id.ForeignGenerator]
2024-10-07T00:27:04.674-03:00 DEBUG 18250 --- [hotel_reservas] [           main] org.hibernate.orm.idgen.factory          : Registering IdentifierGenerator strategy [enhanced-sequence] -> [org.hibernate.id.enhanced.SequenceStyleGenerator]
2024-10-07T00:27:04.675-03:00 DEBUG 18250 --- [hotel_reservas] [           main] org.hibernate.orm.idgen.factory          : Registering IdentifierGenerator strategy [enhanced-table] -> [org.hibernate.id.enhanced.TableGenerator]
2024-10-07T00:27:04.677-03:00 DEBUG 18250 --- [hotel_reservas] [           main] o.h.c.internal.RegionFactoryInitiator    : Cannot default RegionFactory based on registered strategies as `[]` RegionFactory strategies were registered
2024-10-07T00:27:04.677-03:00  INFO 18250 --- [hotel_reservas] [           main] o.h.c.internal.RegionFactoryInitiator    : HHH000026: Second-level cache disabled
2024-10-07T00:27:04.717-03:00 DEBUG 18250 --- [hotel_reservas] [           main] org.hibernate.type.BasicTypeRegistry     : Adding type registration boolean -> org.hibernate.type.BasicTypeReference@738d37fc
2024-10-07T00:27:04.717-03:00 DEBUG 18250 --- [hotel_reservas] [           main] org.hibernate.type.BasicTypeRegistry     : Adding type registration boolean -> org.hibernate.type.BasicTypeReference@738d37fc
2024-10-07T00:27:04.717-03:00 DEBUG 18250 --- [hotel_reservas] [           main] org.hibernate.type.BasicTypeRegistry     : Adding type registration java.lang.Boolean -> org.hibernate.type.BasicTypeReference@738d37fc
2024-10-07T00:27:04.717-03:00 DEBUG 18250 --- [hotel_reservas] [           main] org.hibernate.type.BasicTypeRegistry     : Adding type registration numeric_boolean -> org.hibernate.type.BasicTypeReference@6fa2448b
2024-10-07T00:27:04.717-03:00 DEBUG 18250 --- [hotel_reservas] [           main] org.hibernate.type.BasicTypeRegistry     : Adding type registration org.hibernate.type.NumericBooleanConverter -> org.hibernate.type.BasicTypeReference@6fa2448b
2024-10-07T00:27:04.717-03:00 DEBUG 18250 --- [hotel_reservas] [           main] org.hibernate.type.BasicTypeRegistry     : Adding type registration true_false -> org.hibernate.type.BasicTypeReference@61bb1e4d
2024-10-07T00:27:04.717-03:00 DEBUG 18250 --- [hotel_reservas] [           main] org.hibernate.type.BasicTypeRegistry     : Adding type registration org.hibernate.type.TrueFalseConverter -> org.hibernate.type.BasicTypeReference@61bb1e4d
2024-10-07T00:27:04.717-03:00 DEBUG 18250 --- [hotel_reservas] [           main] org.hibernate.type.BasicTypeRegistry     : Adding type registration yes_no -> org.hibernate.type.BasicTypeReference@5c53f292
2024-10-07T00:27:04.717-03:00 DEBUG 18250 --- [hotel_reservas] [           main] org.hibernate.type.BasicTypeRegistry     : Adding type registration org.hibernate.type.YesNoConverter -> org.hibernate.type.BasicTypeReference@5c53f292
2024-10-07T00:27:04.717-03:00 DEBUG 18250 --- [hotel_reservas] [           main] org.hibernate.type.BasicTypeRegistry     : Adding type registration byte -> org.hibernate.type.BasicTypeReference@46fb0c33
2024-10-07T00:27:04.717-03:00 DEBUG 18250 --- [hotel_reservas] [           main] org.hibernate.type.BasicTypeRegistry     : Adding type registration byte -> org.hibernate.type.BasicTypeReference@46fb0c33
2024-10-07T00:27:04.717-03:00 DEBUG 18250 --- [hotel_reservas] [           main] org.hibernate.type.BasicTypeRegistry     : Adding type registration java.lang.Byte -> org.hibernate.type.BasicTypeReference@46fb0c33
2024-10-07T00:27:04.717-03:00 DEBUG 18250 --- [hotel_reservas] [           main] org.hibernate.type.BasicTypeRegistry     : Adding type registration binary -> org.hibernate.type.BasicTypeReference@3b009e7b
2024-10-07T00:27:04.717-03:00 DEBUG 18250 --- [hotel_reservas] [           main] org.hibernate.type.BasicTypeRegistry     : Adding type registration byte[] -> org.hibernate.type.BasicTypeReference@3b009e7b
2024-10-07T00:27:04.718-03:00 DEBUG 18250 --- [hotel_reservas] [           main] org.hibernate.type.BasicTypeRegistry     : Adding type registration [B -> org.hibernate.type.BasicTypeReference@3b009e7b
2024-10-07T00:27:04.718-03:00 DEBUG 18250 --- [hotel_reservas] [           main] org.hibernate.type.BasicTypeRegistry     : Adding type registration binary_wrapper -> org.hibernate.type.BasicTypeReference@270a620
2024-10-07T00:27:04.718-03:00 DEBUG 18250 --- [hotel_reservas] [           main] org.hibernate.type.BasicTypeRegistry     : Adding type registration wrapper-binary -> org.hibernate.type.BasicTypeReference@270a620
2024-10-07T00:27:04.718-03:00 DEBUG 18250 --- [hotel_reservas] [           main] org.hibernate.type.BasicTypeRegistry     : Adding type registration image -> org.hibernate.type.BasicTypeReference@41f4039e
2024-10-07T00:27:04.718-03:00 DEBUG 18250 --- [hotel_reservas] [           main] org.hibernate.type.BasicTypeRegistry     : Adding type registration blob -> org.hibernate.type.BasicTypeReference@5ff00507
2024-10-07T00:27:04.718-03:00 DEBUG 18250 --- [hotel_reservas] [           main] org.hibernate.type.BasicTypeRegistry     : Adding type registration java.sql.Blob -> org.hibernate.type.BasicTypeReference@5ff00507
2024-10-07T00:27:04.718-03:00 DEBUG 18250 --- [hotel_reservas] [           main] org.hibernate.type.BasicTypeRegistry     : Adding type registration materialized_blob -> org.hibernate.type.BasicTypeReference@603cabc4
2024-10-07T00:27:04.718-03:00 DEBUG 18250 --- [hotel_reservas] [           main] org.hibernate.type.BasicTypeRegistry     : Adding type registration materialized_blob_wrapper -> org.hibernate.type.BasicTypeReference@67fa5045
2024-10-07T00:27:04.718-03:00 DEBUG 18250 --- [hotel_reservas] [           main] org.hibernate.type.BasicTypeRegistry     : Adding type registration short -> org.hibernate.type.BasicTypeReference@6f347d7
2024-10-07T00:27:04.718-03:00 DEBUG 18250 --- [hotel_reservas] [           main] org.hibernate.type.BasicTypeRegistry     : Adding type registration short -> org.hibernate.type.BasicTypeReference@6f347d7
2024-10-07T00:27:04.718-03:00 DEBUG 18250 --- [hotel_reservas] [           main] org.hibernate.type.BasicTypeRegistry     : Adding type registration java.lang.Short -> org.hibernate.type.BasicTypeReference@6f347d7
2024-10-07T00:27:04.718-03:00 DEBUG 18250 --- [hotel_reservas] [           main] org.hibernate.type.BasicTypeRegistry     : Adding type registration integer -> org.hibernate.type.BasicTypeReference@5974b233
2024-10-07T00:27:04.718-03:00 DEBUG 18250 --- [hotel_reservas] [           main] org.hibernate.type.BasicTypeRegistry     : Adding type registration int -> org.hibernate.type.BasicTypeReference@5974b233
2024-10-07T00:27:04.718-03:00 DEBUG 18250 --- [hotel_reservas] [           main] org.hibernate.type.BasicTypeRegistry     : Adding type registration java.lang.Integer -> org.hibernate.type.BasicTypeReference@5974b233
2024-10-07T00:27:04.718-03:00 DEBUG 18250 --- [hotel_reservas] [           main] org.hibernate.type.BasicTypeRegistry     : Adding type registration long -> org.hibernate.type.BasicTypeReference@5c134052
2024-10-07T00:27:04.718-03:00 DEBUG 18250 --- [hotel_reservas] [           main] org.hibernate.type.BasicTypeRegistry     : Adding type registration long -> org.hibernate.type.BasicTypeReference@5c134052
2024-10-07T00:27:04.718-03:00 DEBUG 18250 --- [hotel_reservas] [           main] org.hibernate.type.BasicTypeRegistry     : Adding type registration java.lang.Long -> org.hibernate.type.BasicTypeReference@5c134052
2024-10-07T00:27:04.718-03:00 DEBUG 18250 --- [hotel_reservas] [           main] org.hibernate.type.BasicTypeRegistry     : Adding type registration float -> org.hibernate.type.BasicTypeReference@69de5bed
2024-10-07T00:27:04.718-03:00 DEBUG 18250 --- [hotel_reservas] [           main] org.hibernate.type.BasicTypeRegistry     : Adding type registration float -> org.hibernate.type.BasicTypeReference@69de5bed
2024-10-07T00:27:04.718-03:00 DEBUG 18250 --- [hotel_reservas] [           main] org.hibernate.type.BasicTypeRegistry     : Adding type registration java.lang.Float -> org.hibernate.type.BasicTypeReference@69de5bed
2024-10-07T00:27:04.719-03:00 DEBUG 18250 --- [hotel_reservas] [           main] org.hibernate.type.BasicTypeRegistry     : Adding type registration double -> org.hibernate.type.BasicTypeReference@750f64fe
2024-10-07T00:27:04.719-03:00 DEBUG 18250 --- [hotel_reservas] [           main] org.hibernate.type.BasicTypeRegistry     : Adding type registration double -> org.hibernate.type.BasicTypeReference@750f64fe
2024-10-07T00:27:04.719-03:00 DEBUG 18250 --- [hotel_reservas] [           main] org.hibernate.type.BasicTypeRegistry     : Adding type registration java.lang.Double -> org.hibernate.type.BasicTypeReference@750f64fe
2024-10-07T00:27:04.719-03:00 DEBUG 18250 --- [hotel_reservas] [           main] org.hibernate.type.BasicTypeRegistry     : Adding type registration big_integer -> org.hibernate.type.BasicTypeReference@996a546
2024-10-07T00:27:04.719-03:00 DEBUG 18250 --- [hotel_reservas] [           main] org.hibernate.type.BasicTypeRegistry     : Adding type registration java.math.BigInteger -> org.hibernate.type.BasicTypeReference@996a546
2024-10-07T00:27:04.719-03:00 DEBUG 18250 --- [hotel_reservas] [           main] org.hibernate.type.BasicTypeRegistry     : Adding type registration big_decimal -> org.hibernate.type.BasicTypeReference@4fc165f6
2024-10-07T00:27:04.719-03:00 DEBUG 18250 --- [hotel_reservas] [           main] org.hibernate.type.BasicTypeRegistry     : Adding type registration java.math.BigDecimal -> org.hibernate.type.BasicTypeReference@4fc165f6
2024-10-07T00:27:04.719-03:00 DEBUG 18250 --- [hotel_reservas] [           main] org.hibernate.type.BasicTypeRegistry     : Adding type registration character -> org.hibernate.type.BasicTypeReference@545b5ed0
2024-10-07T00:27:04.719-03:00 DEBUG 18250 --- [hotel_reservas] [           main] org.hibernate.type.BasicTypeRegistry     : Adding type registration char -> org.hibernate.type.BasicTypeReference@545b5ed0
2024-10-07T00:27:04.719-03:00 DEBUG 18250 --- [hotel_reservas] [           main] org.hibernate.type.BasicTypeRegistry     : Adding type registration java.lang.Character -> org.hibernate.type.BasicTypeReference@545b5ed0
2024-10-07T00:27:04.719-03:00 DEBUG 18250 --- [hotel_reservas] [           main] org.hibernate.type.BasicTypeRegistry     : Adding type registration character_nchar -> org.hibernate.type.BasicTypeReference@5a7df831
2024-10-07T00:27:04.719-03:00 DEBUG 18250 --- [hotel_reservas] [           main] org.hibernate.type.BasicTypeRegistry     : Adding type registration string -> org.hibernate.type.BasicTypeReference@667dcaad
2024-10-07T00:27:04.719-03:00 DEBUG 18250 --- [hotel_reservas] [           main] org.hibernate.type.BasicTypeRegistry     : Adding type registration java.lang.String -> org.hibernate.type.BasicTypeReference@667dcaad
2024-10-07T00:27:04.719-03:00 DEBUG 18250 --- [hotel_reservas] [           main] org.hibernate.type.BasicTypeRegistry     : Adding type registration nstring -> org.hibernate.type.BasicTypeReference@22d7fd41
2024-10-07T00:27:04.719-03:00 DEBUG 18250 --- [hotel_reservas] [           main] org.hibernate.type.BasicTypeRegistry     : Adding type registration characters -> org.hibernate.type.BasicTypeReference@2c748a15
2024-10-07T00:27:04.719-03:00 DEBUG 18250 --- [hotel_reservas] [           main] org.hibernate.type.BasicTypeRegistry     : Adding type registration char[] -> org.hibernate.type.BasicTypeReference@2c748a15
2024-10-07T00:27:04.719-03:00 DEBUG 18250 --- [hotel_reservas] [           main] org.hibernate.type.BasicTypeRegistry     : Adding type registration [C -> org.hibernate.type.BasicTypeReference@2c748a15
2024-10-07T00:27:04.719-03:00 DEBUG 18250 --- [hotel_reservas] [           main] org.hibernate.type.BasicTypeRegistry     : Adding type registration wrapper-characters -> org.hibernate.type.BasicTypeReference@19fd43da
2024-10-07T00:27:04.719-03:00 DEBUG 18250 --- [hotel_reservas] [           main] org.hibernate.type.BasicTypeRegistry     : Adding type registration text -> org.hibernate.type.BasicTypeReference@115dcaea
2024-10-07T00:27:04.719-03:00 DEBUG 18250 --- [hotel_reservas] [           main] org.hibernate.type.BasicTypeRegistry     : Adding type registration ntext -> org.hibernate.type.BasicTypeReference@cfd1075
2024-10-07T00:27:04.719-03:00 DEBUG 18250 --- [hotel_reservas] [           main] org.hibernate.type.BasicTypeRegistry     : Adding type registration clob -> org.hibernate.type.BasicTypeReference@45117dd
2024-10-07T00:27:04.719-03:00 DEBUG 18250 --- [hotel_reservas] [           main] org.hibernate.type.BasicTypeRegistry     : Adding type registration java.sql.Clob -> org.hibernate.type.BasicTypeReference@45117dd
2024-10-07T00:27:04.719-03:00 DEBUG 18250 --- [hotel_reservas] [           main] org.hibernate.type.BasicTypeRegistry     : Adding type registration nclob -> org.hibernate.type.BasicTypeReference@7741771e
2024-10-07T00:27:04.719-03:00 DEBUG 18250 --- [hotel_reservas] [           main] org.hibernate.type.BasicTypeRegistry     : Adding type registration java.sql.NClob -> org.hibernate.type.BasicTypeReference@7741771e
2024-10-07T00:27:04.719-03:00 DEBUG 18250 --- [hotel_reservas] [           main] org.hibernate.type.BasicTypeRegistry     : Adding type registration materialized_clob -> org.hibernate.type.BasicTypeReference@834e986
2024-10-07T00:27:04.720-03:00 DEBUG 18250 --- [hotel_reservas] [           main] org.hibernate.type.BasicTypeRegistry     : Adding type registration materialized_clob_char_array -> org.hibernate.type.BasicTypeReference@6cae2e4d
2024-10-07T00:27:04.720-03:00 DEBUG 18250 --- [hotel_reservas] [           main] org.hibernate.type.BasicTypeRegistry     : Adding type registration materialized_clob_character_array -> org.hibernate.type.BasicTypeReference@604d23fa
2024-10-07T00:27:04.720-03:00 DEBUG 18250 --- [hotel_reservas] [           main] org.hibernate.type.BasicTypeRegistry     : Adding type registration materialized_nclob -> org.hibernate.type.BasicTypeReference@1cc8416a
2024-10-07T00:27:04.720-03:00 DEBUG 18250 --- [hotel_reservas] [           main] org.hibernate.type.BasicTypeRegistry     : Adding type registration materialized_nclob_character_array -> org.hibernate.type.BasicTypeReference@331ff3ac
2024-10-07T00:27:04.720-03:00 DEBUG 18250 --- [hotel_reservas] [           main] org.hibernate.type.BasicTypeRegistry     : Adding type registration materialized_nclob_char_array -> org.hibernate.type.BasicTypeReference@2e5e6fc4
2024-10-07T00:27:04.720-03:00 DEBUG 18250 --- [hotel_reservas] [           main] org.hibernate.type.BasicTypeRegistry     : Adding type registration Duration -> org.hibernate.type.BasicTypeReference@2785db06
2024-10-07T00:27:04.720-03:00 DEBUG 18250 --- [hotel_reservas] [           main] org.hibernate.type.BasicTypeRegistry     : Adding type registration java.time.Duration -> org.hibernate.type.BasicTypeReference@2785db06
2024-10-07T00:27:04.720-03:00 DEBUG 18250 --- [hotel_reservas] [           main] org.hibernate.type.BasicTypeRegistry     : Adding type registration LocalDateTime -> org.hibernate.type.BasicTypeReference@79980d8d
2024-10-07T00:27:04.720-03:00 DEBUG 18250 --- [hotel_reservas] [           main] org.hibernate.type.BasicTypeRegistry     : Adding type registration java.time.LocalDateTime -> org.hibernate.type.BasicTypeReference@79980d8d
2024-10-07T00:27:04.720-03:00 DEBUG 18250 --- [hotel_reservas] [           main] org.hibernate.type.BasicTypeRegistry     : Adding type registration LocalDate -> org.hibernate.type.BasicTypeReference@35d60381
2024-10-07T00:27:04.720-03:00 DEBUG 18250 --- [hotel_reservas] [           main] org.hibernate.type.BasicTypeRegistry     : Adding type registration java.time.LocalDate -> org.hibernate.type.BasicTypeReference@35d60381
2024-10-07T00:27:04.720-03:00 DEBUG 18250 --- [hotel_reservas] [           main] org.hibernate.type.BasicTypeRegistry     : Adding type registration LocalTime -> org.hibernate.type.BasicTypeReference@68ab6ab0
2024-10-07T00:27:04.720-03:00 DEBUG 18250 --- [hotel_reservas] [           main] org.hibernate.type.BasicTypeRegistry     : Adding type registration java.time.LocalTime -> org.hibernate.type.BasicTypeReference@68ab6ab0
2024-10-07T00:27:04.720-03:00 DEBUG 18250 --- [hotel_reservas] [           main] org.hibernate.type.BasicTypeRegistry     : Adding type registration OffsetDateTime -> org.hibernate.type.BasicTypeReference@61ffd148
2024-10-07T00:27:04.720-03:00 DEBUG 18250 --- [hotel_reservas] [           main] org.hibernate.type.BasicTypeRegistry     : Adding type registration java.time.OffsetDateTime -> org.hibernate.type.BasicTypeReference@61ffd148
2024-10-07T00:27:04.720-03:00 DEBUG 18250 --- [hotel_reservas] [           main] org.hibernate.type.BasicTypeRegistry     : Adding type registration OffsetDateTimeWithTimezone -> org.hibernate.type.BasicTypeReference@58324c9f
2024-10-07T00:27:04.720-03:00 DEBUG 18250 --- [hotel_reservas] [           main] org.hibernate.type.BasicTypeRegistry     : Adding type registration OffsetDateTimeWithoutTimezone -> org.hibernate.type.BasicTypeReference@5d7d8613
2024-10-07T00:27:04.720-03:00 DEBUG 18250 --- [hotel_reservas] [           main] org.hibernate.type.BasicTypeRegistry     : Adding type registration OffsetTime -> org.hibernate.type.BasicTypeReference@6eb089e6
2024-10-07T00:27:04.720-03:00 DEBUG 18250 --- [hotel_reservas] [           main] org.hibernate.type.BasicTypeRegistry     : Adding type registration java.time.OffsetTime -> org.hibernate.type.BasicTypeReference@6eb089e6
2024-10-07T00:27:04.720-03:00 DEBUG 18250 --- [hotel_reservas] [           main] org.hibernate.type.BasicTypeRegistry     : Adding type registration OffsetTimeUtc -> org.hibernate.type.BasicTypeReference@715a70e9
2024-10-07T00:27:04.720-03:00 DEBUG 18250 --- [hotel_reservas] [           main] org.hibernate.type.BasicTypeRegistry     : Adding type registration OffsetTimeWithTimezone -> org.hibernate.type.BasicTypeReference@3bc69ce9
2024-10-07T00:27:04.720-03:00 DEBUG 18250 --- [hotel_reservas] [           main] org.hibernate.type.BasicTypeRegistry     : Adding type registration OffsetTimeWithoutTimezone -> org.hibernate.type.BasicTypeReference@abad89c
2024-10-07T00:27:04.720-03:00 DEBUG 18250 --- [hotel_reservas] [           main] org.hibernate.type.BasicTypeRegistry     : Adding type registration ZonedDateTime -> org.hibernate.type.BasicTypeReference@602f8f94
2024-10-07T00:27:04.720-03:00 DEBUG 18250 --- [hotel_reservas] [           main] org.hibernate.type.BasicTypeRegistry     : Adding type registration java.time.ZonedDateTime -> org.hibernate.type.BasicTypeReference@602f8f94
2024-10-07T00:27:04.720-03:00 DEBUG 18250 --- [hotel_reservas] [           main] org.hibernate.type.BasicTypeRegistry     : Adding type registration ZonedDateTimeWithTimezone -> org.hibernate.type.BasicTypeReference@42507640
2024-10-07T00:27:04.721-03:00 DEBUG 18250 --- [hotel_reservas] [           main] org.hibernate.type.BasicTypeRegistry     : Adding type registration ZonedDateTimeWithoutTimezone -> org.hibernate.type.BasicTypeReference@4dfe8b37
2024-10-07T00:27:04.721-03:00 DEBUG 18250 --- [hotel_reservas] [           main] org.hibernate.type.BasicTypeRegistry     : Adding type registration date -> org.hibernate.type.BasicTypeReference@11dcd42c
2024-10-07T00:27:04.721-03:00 DEBUG 18250 --- [hotel_reservas] [           main] org.hibernate.type.BasicTypeRegistry     : Adding type registration java.sql.Date -> org.hibernate.type.BasicTypeReference@11dcd42c
2024-10-07T00:27:04.721-03:00 DEBUG 18250 --- [hotel_reservas] [           main] org.hibernate.type.BasicTypeRegistry     : Adding type registration time -> org.hibernate.type.BasicTypeReference@d13baac
2024-10-07T00:27:04.721-03:00 DEBUG 18250 --- [hotel_reservas] [           main] org.hibernate.type.BasicTypeRegistry     : Adding type registration java.sql.Time -> org.hibernate.type.BasicTypeReference@d13baac
2024-10-07T00:27:04.721-03:00 DEBUG 18250 --- [hotel_reservas] [           main] org.hibernate.type.BasicTypeRegistry     : Adding type registration timestamp -> org.hibernate.type.BasicTypeReference@4c302f38
2024-10-07T00:27:04.721-03:00 DEBUG 18250 --- [hotel_reservas] [           main] org.hibernate.type.BasicTypeRegistry     : Adding type registration java.sql.Timestamp -> org.hibernate.type.BasicTypeReference@4c302f38
2024-10-07T00:27:04.721-03:00 DEBUG 18250 --- [hotel_reservas] [           main] org.hibernate.type.BasicTypeRegistry     : Adding type registration java.util.Date -> org.hibernate.type.BasicTypeReference@4c302f38
2024-10-07T00:27:04.721-03:00 DEBUG 18250 --- [hotel_reservas] [           main] org.hibernate.type.BasicTypeRegistry     : Adding type registration calendar -> org.hibernate.type.BasicTypeReference@75aea2ba
2024-10-07T00:27:04.721-03:00 DEBUG 18250 --- [hotel_reservas] [           main] org.hibernate.type.BasicTypeRegistry     : Adding type registration java.util.Calendar -> org.hibernate.type.BasicTypeReference@75aea2ba
2024-10-07T00:27:04.721-03:00 DEBUG 18250 --- [hotel_reservas] [           main] org.hibernate.type.BasicTypeRegistry     : Adding type registration java.util.GregorianCalendar -> org.hibernate.type.BasicTypeReference@75aea2ba
2024-10-07T00:27:04.721-03:00 DEBUG 18250 --- [hotel_reservas] [           main] org.hibernate.type.BasicTypeRegistry     : Adding type registration calendar_date -> org.hibernate.type.BasicTypeReference@2a47597
2024-10-07T00:27:04.721-03:00 DEBUG 18250 --- [hotel_reservas] [           main] org.hibernate.type.BasicTypeRegistry     : Adding type registration calendar_time -> org.hibernate.type.BasicTypeReference@12f279b5
2024-10-07T00:27:04.721-03:00 DEBUG 18250 --- [hotel_reservas] [           main] org.hibernate.type.BasicTypeRegistry     : Adding type registration instant -> org.hibernate.type.BasicTypeReference@5ff6dd3c
2024-10-07T00:27:04.721-03:00 DEBUG 18250 --- [hotel_reservas] [           main] org.hibernate.type.BasicTypeRegistry     : Adding type registration java.time.Instant -> org.hibernate.type.BasicTypeReference@5ff6dd3c
2024-10-07T00:27:04.721-03:00 DEBUG 18250 --- [hotel_reservas] [           main] org.hibernate.type.BasicTypeRegistry     : Adding type registration uuid -> org.hibernate.type.BasicTypeReference@5fcd1f0a
2024-10-07T00:27:04.721-03:00 DEBUG 18250 --- [hotel_reservas] [           main] org.hibernate.type.BasicTypeRegistry     : Adding type registration java.util.UUID -> org.hibernate.type.BasicTypeReference@5fcd1f0a
2024-10-07T00:27:04.721-03:00 DEBUG 18250 --- [hotel_reservas] [           main] org.hibernate.type.BasicTypeRegistry     : Adding type registration pg-uuid -> org.hibernate.type.BasicTypeReference@5fcd1f0a
2024-10-07T00:27:04.721-03:00 DEBUG 18250 --- [hotel_reservas] [           main] org.hibernate.type.BasicTypeRegistry     : Adding type registration uuid-binary -> org.hibernate.type.BasicTypeReference@7e64c1a9
2024-10-07T00:27:04.721-03:00 DEBUG 18250 --- [hotel_reservas] [           main] org.hibernate.type.BasicTypeRegistry     : Adding type registration uuid-char -> org.hibernate.type.BasicTypeReference@7fda2001
2024-10-07T00:27:04.721-03:00 DEBUG 18250 --- [hotel_reservas] [           main] org.hibernate.type.BasicTypeRegistry     : Adding type registration class -> org.hibernate.type.BasicTypeReference@162c1dfb
2024-10-07T00:27:04.721-03:00 DEBUG 18250 --- [hotel_reservas] [           main] org.hibernate.type.BasicTypeRegistry     : Adding type registration java.lang.Class -> org.hibernate.type.BasicTypeReference@162c1dfb
2024-10-07T00:27:04.721-03:00 DEBUG 18250 --- [hotel_reservas] [           main] org.hibernate.type.BasicTypeRegistry     : Adding type registration currency -> org.hibernate.type.BasicTypeReference@21ae657b
2024-10-07T00:27:04.721-03:00 DEBUG 18250 --- [hotel_reservas] [           main] org.hibernate.type.BasicTypeRegistry     : Adding type registration Currency -> org.hibernate.type.BasicTypeReference@21ae657b
2024-10-07T00:27:04.722-03:00 DEBUG 18250 --- [hotel_reservas] [           main] org.hibernate.type.BasicTypeRegistry     : Adding type registration java.util.Currency -> org.hibernate.type.BasicTypeReference@21ae657b
2024-10-07T00:27:04.722-03:00 DEBUG 18250 --- [hotel_reservas] [           main] org.hibernate.type.BasicTypeRegistry     : Adding type registration locale -> org.hibernate.type.BasicTypeReference@576b7c74
2024-10-07T00:27:04.722-03:00 DEBUG 18250 --- [hotel_reservas] [           main] org.hibernate.type.BasicTypeRegistry     : Adding type registration java.util.Locale -> org.hibernate.type.BasicTypeReference@576b7c74
2024-10-07T00:27:04.722-03:00 DEBUG 18250 --- [hotel_reservas] [           main] org.hibernate.type.BasicTypeRegistry     : Adding type registration serializable -> org.hibernate.type.BasicTypeReference@21de60a7
2024-10-07T00:27:04.722-03:00 DEBUG 18250 --- [hotel_reservas] [           main] org.hibernate.type.BasicTypeRegistry     : Adding type registration java.io.Serializable -> org.hibernate.type.BasicTypeReference@21de60a7
2024-10-07T00:27:04.722-03:00 DEBUG 18250 --- [hotel_reservas] [           main] org.hibernate.type.BasicTypeRegistry     : Adding type registration timezone -> org.hibernate.type.BasicTypeReference@73894c5a
2024-10-07T00:27:04.722-03:00 DEBUG 18250 --- [hotel_reservas] [           main] org.hibernate.type.BasicTypeRegistry     : Adding type registration java.util.TimeZone -> org.hibernate.type.BasicTypeReference@73894c5a
2024-10-07T00:27:04.722-03:00 DEBUG 18250 --- [hotel_reservas] [           main] org.hibernate.type.BasicTypeRegistry     : Adding type registration ZoneOffset -> org.hibernate.type.BasicTypeReference@7698b7a4
2024-10-07T00:27:04.722-03:00 DEBUG 18250 --- [hotel_reservas] [           main] org.hibernate.type.BasicTypeRegistry     : Adding type registration java.time.ZoneOffset -> org.hibernate.type.BasicTypeReference@7698b7a4
2024-10-07T00:27:04.722-03:00 DEBUG 18250 --- [hotel_reservas] [           main] org.hibernate.type.BasicTypeRegistry     : Adding type registration url -> org.hibernate.type.BasicTypeReference@7a9ceddf
2024-10-07T00:27:04.722-03:00 DEBUG 18250 --- [hotel_reservas] [           main] org.hibernate.type.BasicTypeRegistry     : Adding type registration java.net.URL -> org.hibernate.type.BasicTypeReference@7a9ceddf
2024-10-07T00:27:04.722-03:00 DEBUG 18250 --- [hotel_reservas] [           main] org.hibernate.type.BasicTypeRegistry     : Adding type registration vector -> org.hibernate.type.BasicTypeReference@28157173
2024-10-07T00:27:04.722-03:00 DEBUG 18250 --- [hotel_reservas] [           main] org.hibernate.type.BasicTypeRegistry     : Adding type registration row_version -> org.hibernate.type.BasicTypeReference@11c713b7
2024-10-07T00:27:04.725-03:00 DEBUG 18250 --- [hotel_reservas] [           main] org.hibernate.type.BasicTypeRegistry     : Adding type registration object -> org.hibernate.type.JavaObjectType@78307a56
2024-10-07T00:27:04.725-03:00 DEBUG 18250 --- [hotel_reservas] [           main] org.hibernate.type.BasicTypeRegistry     : Adding type registration java.lang.Object -> org.hibernate.type.JavaObjectType@78307a56
2024-10-07T00:27:04.725-03:00 DEBUG 18250 --- [hotel_reservas] [           main] org.hibernate.type.BasicTypeRegistry     : Adding type registration null -> org.hibernate.type.NullType@286855ea
2024-10-07T00:27:04.725-03:00 DEBUG 18250 --- [hotel_reservas] [           main] org.hibernate.type.BasicTypeRegistry     : Adding type registration imm_date -> org.hibernate.type.BasicTypeReference@64aeaf29
2024-10-07T00:27:04.725-03:00 DEBUG 18250 --- [hotel_reservas] [           main] org.hibernate.type.BasicTypeRegistry     : Adding type registration imm_time -> org.hibernate.type.BasicTypeReference@1e3df614
2024-10-07T00:27:04.725-03:00 DEBUG 18250 --- [hotel_reservas] [           main] org.hibernate.type.BasicTypeRegistry     : Adding type registration imm_timestamp -> org.hibernate.type.BasicTypeReference@6579cdbb
2024-10-07T00:27:04.725-03:00 DEBUG 18250 --- [hotel_reservas] [           main] org.hibernate.type.BasicTypeRegistry     : Adding type registration imm_calendar -> org.hibernate.type.BasicTypeReference@fd413fb
2024-10-07T00:27:04.725-03:00 DEBUG 18250 --- [hotel_reservas] [           main] org.hibernate.type.BasicTypeRegistry     : Adding type registration imm_calendar_date -> org.hibernate.type.BasicTypeReference@1e1232cf
2024-10-07T00:27:04.726-03:00 DEBUG 18250 --- [hotel_reservas] [           main] org.hibernate.type.BasicTypeRegistry     : Adding type registration imm_calendar_time -> org.hibernate.type.BasicTypeReference@6f6efa4f
2024-10-07T00:27:04.726-03:00 DEBUG 18250 --- [hotel_reservas] [           main] org.hibernate.type.BasicTypeRegistry     : Adding type registration imm_binary -> org.hibernate.type.BasicTypeReference@4451f60c
2024-10-07T00:27:04.726-03:00 DEBUG 18250 --- [hotel_reservas] [           main] org.hibernate.type.BasicTypeRegistry     : Adding type registration imm_serializable -> org.hibernate.type.BasicTypeReference@6b357eb6
2024-10-07T00:27:04.728-03:00 DEBUG 18250 --- [hotel_reservas] [           main] o.h.boot.internal.BootstrapContextImpl   : Injecting JPA temp ClassLoader [org.springframework.instrument.classloading.SimpleThrowawayClassLoader@7d8cf9ac] into BootstrapContext; was [null]
2024-10-07T00:27:04.728-03:00 DEBUG 18250 --- [hotel_reservas] [           main] o.h.boot.internal.ClassLoaderAccessImpl  : ClassLoaderAccessImpl#injectTempClassLoader(org.springframework.instrument.classloading.SimpleThrowawayClassLoader@7d8cf9ac) [was null]
2024-10-07T00:27:04.728-03:00 DEBUG 18250 --- [hotel_reservas] [           main] o.h.boot.internal.BootstrapContextImpl   : Injecting ScanEnvironment [org.hibernate.jpa.boot.internal.StandardJpaScanEnvironmentImpl@2b73bd6b] into BootstrapContext; was [null]
2024-10-07T00:27:04.728-03:00 DEBUG 18250 --- [hotel_reservas] [           main] o.h.boot.internal.BootstrapContextImpl   : Injecting ScanOptions [org.hibernate.boot.archive.scan.internal.StandardScanOptions@157d3a45] into BootstrapContext; was [org.hibernate.boot.archive.scan.internal.StandardScanOptions@750ed637]
2024-10-07T00:27:04.827-03:00  INFO 18250 --- [hotel_reservas] [           main] o.s.o.j.p.SpringPersistenceUnitInfo      : No LoadTimeWeaver setup: ignoring JPA class transformer
2024-10-07T00:27:04.827-03:00 DEBUG 18250 --- [hotel_reservas] [           main] o.h.boot.internal.BootstrapContextImpl   : Injecting JPA temp ClassLoader [null] into BootstrapContext; was [org.springframework.instrument.classloading.SimpleThrowawayClassLoader@7d8cf9ac]
2024-10-07T00:27:04.827-03:00 DEBUG 18250 --- [hotel_reservas] [           main] o.h.boot.internal.ClassLoaderAccessImpl  : ClassLoaderAccessImpl#injectTempClassLoader(null) [was org.springframework.instrument.classloading.SimpleThrowawayClassLoader@7d8cf9ac]
2024-10-07T00:27:04.842-03:00  INFO 18250 --- [hotel_reservas] [           main] com.zaxxer.hikari.HikariDataSource       : HikariPool-1 - Starting...
2024-10-07T00:27:04.844-03:00  WARN 18250 --- [hotel_reservas] [           main] c.zaxxer.hikari.util.DriverDataSource    : Registered driver with driverClassName=oracle.jdbc.driver.OracleDriver was not found, trying direct instantiation.
2024-10-07T00:27:05.756-03:00  INFO 18250 --- [hotel_reservas] [           main] com.zaxxer.hikari.pool.HikariPool        : HikariPool-1 - Added connection oracle.jdbc.driver.T4CConnection@6f315b08
2024-10-07T00:27:05.757-03:00  INFO 18250 --- [hotel_reservas] [           main] com.zaxxer.hikari.HikariDataSource       : HikariPool-1 - Start completed.
2024-10-07T00:27:05.760-03:00 DEBUG 18250 --- [hotel_reservas] [           main] o.h.e.j.e.i.JdbcEnvironmentInitiator     : Database ->
	   name : Oracle
	version : Oracle Database 23ai Enterprise Edition Release 23.0.0.0.0 - Production
Version 23.6.0.24.07
	  major : 23
	  minor : 0
2024-10-07T00:27:05.760-03:00 DEBUG 18250 --- [hotel_reservas] [           main] o.h.e.j.e.i.JdbcEnvironmentInitiator     : Driver ->
	   name : Oracle JDBC driver
	version : 21.9.0.0.0
	  major : 21
	  minor : 9
2024-10-07T00:27:05.760-03:00 DEBUG 18250 --- [hotel_reservas] [           main] o.h.e.j.e.i.JdbcEnvironmentInitiator     : JDBC version : 4.3
2024-10-07T00:27:05.847-03:00  WARN 18250 --- [hotel_reservas] [           main] org.hibernate.orm.deprecation            : HHH90000025: OracleDialect does not need to be specified explicitly using 'hibernate.dialect' (remove the property setting and it will be selected by default)
2024-10-07T00:27:05.847-03:00 DEBUG 18250 --- [hotel_reservas] [           main] org.hibernate.orm.dialect                : HHH035001: Using dialect: org.hibernate.dialect.OracleDialect, version: 23.0
2024-10-07T00:27:05.904-03:00 DEBUG 18250 --- [hotel_reservas] [           main] o.h.t.d.jdbc.spi.JdbcTypeRegistry        : addDescriptor(NCharTypeDescriptor) replaced previous registration(CharTypeDescriptor)
2024-10-07T00:27:05.904-03:00 DEBUG 18250 --- [hotel_reservas] [           main] o.h.t.d.jdbc.spi.JdbcTypeRegistry        : addDescriptor(NVarcharTypeDescriptor) replaced previous registration(VarcharTypeDescriptor)
2024-10-07T00:27:05.904-03:00 DEBUG 18250 --- [hotel_reservas] [           main] o.h.t.d.jdbc.spi.JdbcTypeRegistry        : addDescriptor(LongNVarcharTypeDescriptor) replaced previous registration(LongVarcharTypeDescriptor)
2024-10-07T00:27:05.905-03:00 DEBUG 18250 --- [hotel_reservas] [           main] o.h.t.d.jdbc.spi.JdbcTypeRegistry        : addDescriptor(NClobTypeDescriptor(DEFAULT)) replaced previous registration(ClobTypeDescriptor(DEFAULT))
2024-10-07T00:27:05.907-03:00 DEBUG 18250 --- [hotel_reservas] [           main] o.h.t.d.jdbc.spi.JdbcTypeRegistry        : addDescriptor(2005, ClobTypeDescriptor(STREAM_BINDING)) replaced previous registration(ClobTypeDescriptor(DEFAULT))
2024-10-07T00:27:05.908-03:00 DEBUG 18250 --- [hotel_reservas] [           main] o.h.t.d.jdbc.spi.JdbcTypeRegistry        : addDescriptor(BooleanTypeDescriptor) replaced previous registration(BooleanTypeDescriptor)
2024-10-07T00:27:05.912-03:00 DEBUG 18250 --- [hotel_reservas] [           main] org.hibernate.type.BasicTypeRegistry     : Adding type registration null -> org.hibernate.type.NullType@42d174ad
2024-10-07T00:27:05.912-03:00 DEBUG 18250 --- [hotel_reservas] [           main] org.hibernate.type.BasicTypeRegistry     : Type registration key [null] overrode previous entry : `org.hibernate.type.NullType@286855ea`
2024-10-07T00:27:05.912-03:00 DEBUG 18250 --- [hotel_reservas] [           main] org.hibernate.type.BasicTypeRegistry     : Adding type registration JAVA_OBJECT -> org.hibernate.type.JavaObjectType@6fc0e448
2024-10-07T00:27:05.912-03:00 DEBUG 18250 --- [hotel_reservas] [           main] org.hibernate.type.BasicTypeRegistry     : Adding type registration java.lang.Object -> org.hibernate.type.JavaObjectType@6fc0e448
2024-10-07T00:27:05.912-03:00 DEBUG 18250 --- [hotel_reservas] [           main] org.hibernate.type.BasicTypeRegistry     : Type registration key [java.lang.Object] overrode previous entry : `org.hibernate.type.JavaObjectType@78307a56`
2024-10-07T00:27:05.914-03:00 DEBUG 18250 --- [hotel_reservas] [           main] org.hibernate.type.BasicTypeRegistry     : Adding type registration org.hibernate.type.DurationType -> basicType@1(java.time.Duration,3015)
2024-10-07T00:27:05.914-03:00 DEBUG 18250 --- [hotel_reservas] [           main] org.hibernate.type.BasicTypeRegistry     : Adding type registration Duration -> basicType@1(java.time.Duration,3015)
2024-10-07T00:27:05.914-03:00 DEBUG 18250 --- [hotel_reservas] [           main] org.hibernate.type.BasicTypeRegistry     : Adding type registration java.time.Duration -> basicType@1(java.time.Duration,3015)
2024-10-07T00:27:05.916-03:00 DEBUG 18250 --- [hotel_reservas] [           main] o.h.type.spi.TypeConfiguration$Scope     : Scoping TypeConfiguration [org.hibernate.type.spi.TypeConfiguration@4449a60b] to MetadataBuildingContext [org.hibernate.boot.internal.MetadataBuildingContextRootImpl@da5d5e1]
2024-10-07T00:27:05.933-03:00 DEBUG 18250 --- [hotel_reservas] [           main] o.h.boot.model.relational.Namespace      : Created database namespace [logicalName=Name{catalog=null, schema=null}, physicalName=Name{catalog=null, schema=null}]
2024-10-07T00:27:05.946-03:00 DEBUG 18250 --- [hotel_reservas] [           main] o.h.boot.model.internal.EntityBinder     : Binding entity from annotated class: com.nathan.hotel_reservas.models.HabitacionModel
2024-10-07T00:27:05.949-03:00 DEBUG 18250 --- [hotel_reservas] [           main] o.h.boot.model.internal.EntityBinder     : Import with entity name HabitacionModel
2024-10-07T00:27:05.952-03:00 DEBUG 18250 --- [hotel_reservas] [           main] o.h.boot.model.internal.EntityBinder     : Bind entity com.nathan.hotel_reservas.models.HabitacionModel on table ho_habitacion
2024-10-07T00:27:05.956-03:00 DEBUG 18250 --- [hotel_reservas] [           main] o.h.boot.model.internal.AnnotatedColumn  : Binding column: AnnotatedDiscriminatorColumn(column='DTYPE')
2024-10-07T00:27:05.963-03:00 DEBUG 18250 --- [hotel_reservas] [           main] o.h.boot.model.internal.AnnotatedColumn  : Binding column: AnnotatedColumn(column='habitacion_id')
2024-10-07T00:27:05.965-03:00 DEBUG 18250 --- [hotel_reservas] [           main] o.h.boot.internal.ClassLoaderAccessImpl  : Not known whether passed class name [com.nathan.hotel_reservas.models.HabitacionModel] is safe
2024-10-07T00:27:05.965-03:00 DEBUG 18250 --- [hotel_reservas] [           main] o.h.boot.internal.ClassLoaderAccessImpl  : No temp ClassLoader provided; using live ClassLoader for loading potentially unsafe class : com.nathan.hotel_reservas.models.HabitacionModel
2024-10-07T00:27:05.966-03:00 DEBUG 18250 --- [hotel_reservas] [           main] o.h.boot.model.internal.PropertyBinder   : MetadataSourceProcessor property id with lazy=false
2024-10-07T00:27:05.968-03:00 DEBUG 18250 --- [hotel_reservas] [           main] o.h.b.m.internal.AbstractPropertyHolder  : Attempting to locate auto-apply AttributeConverter for property [com.nathan.hotel_reservas.models.HabitacionModel:id]
2024-10-07T00:27:05.970-03:00 DEBUG 18250 --- [hotel_reservas] [           main] o.h.b.model.internal.BasicValueBinder    : building BasicValue for id
2024-10-07T00:27:05.971-03:00 DEBUG 18250 --- [hotel_reservas] [           main] org.hibernate.mapping.BasicValue         : Skipping column re-registration: ho_habitacion.habitacion_id
2024-10-07T00:27:05.971-03:00 DEBUG 18250 --- [hotel_reservas] [           main] o.h.boot.model.internal.PropertyBinder   : Building property id
2024-10-07T00:27:05.973-03:00 DEBUG 18250 --- [hotel_reservas] [           main] o.h.boot.model.internal.BinderHelper     : #makeIdGenerator(BasicValue([Column(habitacion_id)]), id, org.hibernate.id.enhanced.SequenceStyleGenerator, habitacion_sequence, ...)
2024-10-07T00:27:05.973-03:00 DEBUG 18250 --- [hotel_reservas] [           main] o.h.boot.model.internal.AnnotatedColumn  : Binding column: AnnotatedColumn(column='camas')
2024-10-07T00:27:05.973-03:00 DEBUG 18250 --- [hotel_reservas] [           main] o.h.boot.model.internal.PropertyBinder   : MetadataSourceProcessor property camas with lazy=false
2024-10-07T00:27:05.974-03:00 DEBUG 18250 --- [hotel_reservas] [           main] o.h.b.m.internal.AbstractPropertyHolder  : Attempting to locate auto-apply AttributeConverter for property [com.nathan.hotel_reservas.models.HabitacionModel:camas]
2024-10-07T00:27:05.974-03:00 DEBUG 18250 --- [hotel_reservas] [           main] o.h.b.model.internal.BasicValueBinder    : building BasicValue for camas
2024-10-07T00:27:05.974-03:00 DEBUG 18250 --- [hotel_reservas] [           main] org.hibernate.mapping.BasicValue         : Skipping column re-registration: ho_habitacion.camas
2024-10-07T00:27:05.974-03:00 DEBUG 18250 --- [hotel_reservas] [           main] o.h.boot.model.internal.PropertyBinder   : Building property camas
2024-10-07T00:27:05.974-03:00 DEBUG 18250 --- [hotel_reservas] [           main] o.h.boot.model.internal.AnnotatedColumn  : Binding column: AnnotatedColumn(column='numero')
2024-10-07T00:27:05.974-03:00 DEBUG 18250 --- [hotel_reservas] [           main] o.h.boot.model.internal.PropertyBinder   : MetadataSourceProcessor property habitacionNumero with lazy=false
2024-10-07T00:27:05.974-03:00 DEBUG 18250 --- [hotel_reservas] [           main] o.h.b.m.internal.AbstractPropertyHolder  : Attempting to locate auto-apply AttributeConverter for property [com.nathan.hotel_reservas.models.HabitacionModel:habitacionNumero]
2024-10-07T00:27:05.974-03:00 DEBUG 18250 --- [hotel_reservas] [           main] o.h.b.model.internal.BasicValueBinder    : building BasicValue for habitacionNumero
2024-10-07T00:27:05.974-03:00 DEBUG 18250 --- [hotel_reservas] [           main] org.hibernate.mapping.BasicValue         : Skipping column re-registration: ho_habitacion.numero
2024-10-07T00:27:05.974-03:00 DEBUG 18250 --- [hotel_reservas] [           main] o.h.boot.model.internal.PropertyBinder   : Building property habitacionNumero
2024-10-07T00:27:05.974-03:00 DEBUG 18250 --- [hotel_reservas] [           main] o.h.boot.model.internal.AnnotatedColumn  : Binding column: AnnotatedColumn(column='observacion')
2024-10-07T00:27:05.974-03:00 DEBUG 18250 --- [hotel_reservas] [           main] o.h.boot.model.internal.PropertyBinder   : MetadataSourceProcessor property observacion with lazy=false
2024-10-07T00:27:05.974-03:00 DEBUG 18250 --- [hotel_reservas] [           main] o.h.b.m.internal.AbstractPropertyHolder  : Attempting to locate auto-apply AttributeConverter for property [com.nathan.hotel_reservas.models.HabitacionModel:observacion]
2024-10-07T00:27:05.974-03:00 DEBUG 18250 --- [hotel_reservas] [           main] o.h.b.model.internal.BasicValueBinder    : building BasicValue for observacion
2024-10-07T00:27:05.974-03:00 DEBUG 18250 --- [hotel_reservas] [           main] org.hibernate.mapping.BasicValue         : Skipping column re-registration: ho_habitacion.observacion
2024-10-07T00:27:05.974-03:00 DEBUG 18250 --- [hotel_reservas] [           main] o.h.boot.model.internal.PropertyBinder   : Building property observacion
2024-10-07T00:27:05.975-03:00 DEBUG 18250 --- [hotel_reservas] [           main] o.h.boot.model.internal.AnnotatedColumn  : Binding column: AnnotatedColumn(column='piso')
2024-10-07T00:27:05.975-03:00 DEBUG 18250 --- [hotel_reservas] [           main] o.h.boot.model.internal.PropertyBinder   : MetadataSourceProcessor property piso with lazy=false
2024-10-07T00:27:05.975-03:00 DEBUG 18250 --- [hotel_reservas] [           main] o.h.b.m.internal.AbstractPropertyHolder  : Attempting to locate auto-apply AttributeConverter for property [com.nathan.hotel_reservas.models.HabitacionModel:piso]
2024-10-07T00:27:05.975-03:00 DEBUG 18250 --- [hotel_reservas] [           main] o.h.b.model.internal.BasicValueBinder    : building BasicValue for piso
2024-10-07T00:27:05.975-03:00 DEBUG 18250 --- [hotel_reservas] [           main] org.hibernate.mapping.BasicValue         : Skipping column re-registration: ho_habitacion.piso
2024-10-07T00:27:05.975-03:00 DEBUG 18250 --- [hotel_reservas] [           main] o.h.boot.model.internal.PropertyBinder   : Building property piso
2024-10-07T00:27:05.975-03:00 DEBUG 18250 --- [hotel_reservas] [           main] o.h.b.r.c.i.ClassLoaderServiceImpl       : HHH000194: Package not found or no package-info.java: com.nathan.hotel_reservas.models
2024-10-07T00:27:05.978-03:00 DEBUG 18250 --- [hotel_reservas] [           main] o.h.boot.model.internal.EntityBinder     : Binding entity from annotated class: com.nathan.hotel_reservas.models.ReservaModel
2024-10-07T00:27:05.978-03:00 DEBUG 18250 --- [hotel_reservas] [           main] o.h.boot.model.internal.EntityBinder     : Import with entity name ReservaModel
2024-10-07T00:27:05.978-03:00 DEBUG 18250 --- [hotel_reservas] [           main] o.h.boot.model.internal.EntityBinder     : Bind entity com.nathan.hotel_reservas.models.ReservaModel on table ho_reserva
2024-10-07T00:27:05.978-03:00 DEBUG 18250 --- [hotel_reservas] [           main] o.h.boot.model.internal.AnnotatedColumn  : Binding column: AnnotatedDiscriminatorColumn(column='DTYPE')
2024-10-07T00:27:05.979-03:00 DEBUG 18250 --- [hotel_reservas] [           main] o.h.boot.model.internal.AnnotatedColumn  : Binding column: AnnotatedColumn(column='reserva_id')
2024-10-07T00:27:05.979-03:00 DEBUG 18250 --- [hotel_reservas] [           main] o.h.boot.internal.ClassLoaderAccessImpl  : Not known whether passed class name [com.nathan.hotel_reservas.models.ReservaModel] is safe
2024-10-07T00:27:05.979-03:00 DEBUG 18250 --- [hotel_reservas] [           main] o.h.boot.internal.ClassLoaderAccessImpl  : No temp ClassLoader provided; using live ClassLoader for loading potentially unsafe class : com.nathan.hotel_reservas.models.ReservaModel
2024-10-07T00:27:05.979-03:00 DEBUG 18250 --- [hotel_reservas] [           main] o.h.boot.model.internal.PropertyBinder   : MetadataSourceProcessor property reservaId with lazy=false
2024-10-07T00:27:05.979-03:00 DEBUG 18250 --- [hotel_reservas] [           main] o.h.b.m.internal.AbstractPropertyHolder  : Attempting to locate auto-apply AttributeConverter for property [com.nathan.hotel_reservas.models.ReservaModel:reservaId]
2024-10-07T00:27:05.979-03:00 DEBUG 18250 --- [hotel_reservas] [           main] o.h.b.model.internal.BasicValueBinder    : building BasicValue for reservaId
2024-10-07T00:27:05.979-03:00 DEBUG 18250 --- [hotel_reservas] [           main] org.hibernate.mapping.BasicValue         : Skipping column re-registration: ho_reserva.reserva_id
2024-10-07T00:27:05.979-03:00 DEBUG 18250 --- [hotel_reservas] [           main] o.h.boot.model.internal.PropertyBinder   : Building property reservaId
2024-10-07T00:27:05.979-03:00 DEBUG 18250 --- [hotel_reservas] [           main] o.h.boot.model.internal.BinderHelper     : #makeIdGenerator(BasicValue([Column(reserva_id)]), reservaId, org.hibernate.id.enhanced.SequenceStyleGenerator, reserva_sequence, ...)
2024-10-07T00:27:05.979-03:00 DEBUG 18250 --- [hotel_reservas] [           main] o.h.boot.model.internal.AnnotatedColumn  : Binding column: AnnotatedColumn(column='cliente')
2024-10-07T00:27:05.979-03:00 DEBUG 18250 --- [hotel_reservas] [           main] o.h.boot.model.internal.PropertyBinder   : MetadataSourceProcessor property cliente with lazy=false
2024-10-07T00:27:05.979-03:00 DEBUG 18250 --- [hotel_reservas] [           main] o.h.b.m.internal.AbstractPropertyHolder  : Attempting to locate auto-apply AttributeConverter for property [com.nathan.hotel_reservas.models.ReservaModel:cliente]
2024-10-07T00:27:05.979-03:00 DEBUG 18250 --- [hotel_reservas] [           main] o.h.b.model.internal.BasicValueBinder    : building BasicValue for cliente
2024-10-07T00:27:05.979-03:00 DEBUG 18250 --- [hotel_reservas] [           main] org.hibernate.mapping.BasicValue         : Skipping column re-registration: ho_reserva.cliente
2024-10-07T00:27:05.979-03:00 DEBUG 18250 --- [hotel_reservas] [           main] o.h.boot.model.internal.PropertyBinder   : Building property cliente
2024-10-07T00:27:05.979-03:00 DEBUG 18250 --- [hotel_reservas] [           main] o.h.boot.model.internal.AnnotatedColumn  : Binding column: AnnotatedColumn(column='numero')
2024-10-07T00:27:05.979-03:00 DEBUG 18250 --- [hotel_reservas] [           main] o.h.boot.model.internal.PropertyBinder   : MetadataSourceProcessor property habitacionId with lazy=false
2024-10-07T00:27:05.979-03:00 DEBUG 18250 --- [hotel_reservas] [           main] o.h.b.m.internal.AbstractPropertyHolder  : Attempting to locate auto-apply AttributeConverter for property [com.nathan.hotel_reservas.models.ReservaModel:habitacionId]
2024-10-07T00:27:05.980-03:00 DEBUG 18250 --- [hotel_reservas] [           main] o.h.b.model.internal.BasicValueBinder    : building BasicValue for habitacionId
2024-10-07T00:27:05.980-03:00 DEBUG 18250 --- [hotel_reservas] [           main] org.hibernate.mapping.BasicValue         : Skipping column re-registration: ho_reserva.numero
2024-10-07T00:27:05.980-03:00 DEBUG 18250 --- [hotel_reservas] [           main] o.h.boot.model.internal.PropertyBinder   : Building property habitacionId
2024-10-07T00:27:05.980-03:00 DEBUG 18250 --- [hotel_reservas] [           main] o.h.boot.model.internal.AnnotatedColumn  : Binding column: AnnotatedColumn(column='inicio')
2024-10-07T00:27:05.980-03:00 DEBUG 18250 --- [hotel_reservas] [           main] o.h.boot.model.internal.PropertyBinder   : MetadataSourceProcessor property inicio with lazy=false
2024-10-07T00:27:05.980-03:00 DEBUG 18250 --- [hotel_reservas] [           main] o.h.b.m.internal.AbstractPropertyHolder  : Attempting to locate auto-apply AttributeConverter for property [com.nathan.hotel_reservas.models.ReservaModel:inicio]
2024-10-07T00:27:05.980-03:00 DEBUG 18250 --- [hotel_reservas] [           main] o.h.b.model.internal.BasicValueBinder    : building BasicValue for inicio
2024-10-07T00:27:05.980-03:00 DEBUG 18250 --- [hotel_reservas] [           main] org.hibernate.mapping.BasicValue         : Skipping column re-registration: ho_reserva.inicio
2024-10-07T00:27:05.980-03:00 DEBUG 18250 --- [hotel_reservas] [           main] o.h.boot.model.internal.PropertyBinder   : Building property inicio
2024-10-07T00:27:05.980-03:00 DEBUG 18250 --- [hotel_reservas] [           main] o.h.boot.model.internal.AnnotatedColumn  : Binding column: AnnotatedColumn(column='reserva_flag')
2024-10-07T00:27:05.980-03:00 DEBUG 18250 --- [hotel_reservas] [           main] o.h.boot.model.internal.PropertyBinder   : MetadataSourceProcessor property reservaFlag with lazy=false
2024-10-07T00:27:05.980-03:00 DEBUG 18250 --- [hotel_reservas] [           main] o.h.b.m.internal.AbstractPropertyHolder  : Attempting to locate auto-apply AttributeConverter for property [com.nathan.hotel_reservas.models.ReservaModel:reservaFlag]
2024-10-07T00:27:05.980-03:00 DEBUG 18250 --- [hotel_reservas] [           main] o.h.b.model.internal.BasicValueBinder    : building BasicValue for reservaFlag
2024-10-07T00:27:05.980-03:00 DEBUG 18250 --- [hotel_reservas] [           main] org.hibernate.mapping.BasicValue         : Skipping column re-registration: ho_reserva.reserva_flag
2024-10-07T00:27:05.980-03:00 DEBUG 18250 --- [hotel_reservas] [           main] o.h.boot.model.internal.PropertyBinder   : Building property reservaFlag
2024-10-07T00:27:05.980-03:00 DEBUG 18250 --- [hotel_reservas] [           main] o.h.boot.model.internal.AnnotatedColumn  : Binding column: AnnotatedColumn(column='termino')
2024-10-07T00:27:05.980-03:00 DEBUG 18250 --- [hotel_reservas] [           main] o.h.boot.model.internal.PropertyBinder   : MetadataSourceProcessor property termino with lazy=false
2024-10-07T00:27:05.980-03:00 DEBUG 18250 --- [hotel_reservas] [           main] o.h.b.m.internal.AbstractPropertyHolder  : Attempting to locate auto-apply AttributeConverter for property [com.nathan.hotel_reservas.models.ReservaModel:termino]
2024-10-07T00:27:05.980-03:00 DEBUG 18250 --- [hotel_reservas] [           main] o.h.b.model.internal.BasicValueBinder    : building BasicValue for termino
2024-10-07T00:27:05.980-03:00 DEBUG 18250 --- [hotel_reservas] [           main] org.hibernate.mapping.BasicValue         : Skipping column re-registration: ho_reserva.termino
2024-10-07T00:27:05.980-03:00 DEBUG 18250 --- [hotel_reservas] [           main] o.h.boot.model.internal.PropertyBinder   : Building property termino
2024-10-07T00:27:05.980-03:00 DEBUG 18250 --- [hotel_reservas] [           main] o.h.b.r.c.i.ClassLoaderServiceImpl       : HHH000194: Package not found or no package-info.java: com.nathan.hotel_reservas.models
2024-10-07T00:27:05.981-03:00 DEBUG 18250 --- [hotel_reservas] [           main] o.h.b.model.internal.BasicValueBinder    : Starting `BasicValueBinder#fillSimpleValue` for id
2024-10-07T00:27:05.982-03:00 DEBUG 18250 --- [hotel_reservas] [           main] o.h.b.model.internal.BasicValueBinder    : Starting `BasicValueBinder#fillSimpleValue` for camas
2024-10-07T00:27:05.982-03:00 DEBUG 18250 --- [hotel_reservas] [           main] o.h.b.model.internal.BasicValueBinder    : Starting `BasicValueBinder#fillSimpleValue` for habitacionNumero
2024-10-07T00:27:05.982-03:00 DEBUG 18250 --- [hotel_reservas] [           main] o.h.b.model.internal.BasicValueBinder    : Starting `BasicValueBinder#fillSimpleValue` for observacion
2024-10-07T00:27:05.982-03:00 DEBUG 18250 --- [hotel_reservas] [           main] o.h.b.model.internal.BasicValueBinder    : Starting `BasicValueBinder#fillSimpleValue` for piso
2024-10-07T00:27:05.982-03:00 DEBUG 18250 --- [hotel_reservas] [           main] o.h.b.model.internal.BasicValueBinder    : Starting `BasicValueBinder#fillSimpleValue` for reservaId
2024-10-07T00:27:05.982-03:00 DEBUG 18250 --- [hotel_reservas] [           main] o.h.b.model.internal.BasicValueBinder    : Starting `BasicValueBinder#fillSimpleValue` for cliente
2024-10-07T00:27:05.982-03:00 DEBUG 18250 --- [hotel_reservas] [           main] o.h.b.model.internal.BasicValueBinder    : Starting `BasicValueBinder#fillSimpleValue` for habitacionId
2024-10-07T00:27:05.982-03:00 DEBUG 18250 --- [hotel_reservas] [           main] o.h.b.model.internal.BasicValueBinder    : Starting `BasicValueBinder#fillSimpleValue` for inicio
2024-10-07T00:27:05.982-03:00 DEBUG 18250 --- [hotel_reservas] [           main] o.h.b.model.internal.BasicValueBinder    : Starting `BasicValueBinder#fillSimpleValue` for reservaFlag
2024-10-07T00:27:05.982-03:00 DEBUG 18250 --- [hotel_reservas] [           main] o.h.b.model.internal.BasicValueBinder    : Starting `BasicValueBinder#fillSimpleValue` for termino
2024-10-07T00:27:05.983-03:00 DEBUG 18250 --- [hotel_reservas] [           main] org.hibernate.mapping.PrimaryKey         : Forcing column [habitacion_id] to be non-null as it is part of the primary key for table [ho_habitacion]
2024-10-07T00:27:05.983-03:00 DEBUG 18250 --- [hotel_reservas] [           main] org.hibernate.mapping.PrimaryKey         : Forcing column [reserva_id] to be non-null as it is part of the primary key for table [ho_reserva]
2024-10-07T00:27:06.020-03:00 DEBUG 18250 --- [hotel_reservas] [           main] o.hibernate.internal.SessionFactoryImpl  : Building session factory
2024-10-07T00:27:06.038-03:00 DEBUG 18250 --- [hotel_reservas] [           main] .h.s.i.SessionFactoryServiceRegistryImpl : EventListenerRegistry access via ServiceRegistry is deprecated.  Use `sessionFactory.getEventEngine().getListenerRegistry()` instead
2024-10-07T00:27:06.038-03:00 DEBUG 18250 --- [hotel_reservas] [           main] o.hibernate.internal.SessionFactoryImpl  : Instantiating SessionFactory with settings: {java.specification.version=22, hibernate.resource.beans.container=org.springframework.orm.hibernate5.SpringBeanContainer@af3295f, hibernate.connection.handling_mode=DELAYED_ACQUISITION_AND_HOLD, sun.jnu.encoding=UTF-8, hibernate.dialect=org.hibernate.dialect.OracleDialect, hibernate.implicit_naming_strategy=org.springframework.boot.orm.jpa.hibernate.SpringImplicitNamingStrategy, java.class.path=/Users/jonathanbernal/Documents/Duoc/FullStack/Week9/hotel_reservas/target/test-classes:/Users/jonathanbernal/Documents/Duoc/FullStack/Week9/hotel_reservas/target/classes:/Users/jonathanbernal/.m2/repository/org/springframework/boot/spring-boot-starter-web/3.3.4/spring-boot-starter-web-3.3.4.jar:/Users/jonathanbernal/.m2/repository/org/springframework/boot/spring-boot-starter/3.3.4/spring-boot-starter-3.3.4.jar:/Users/jonathanbernal/.m2/repository/org/springframework/boot/spring-boot-starter-logging/3.3.4/spring-boot-starter-logging-3.3.4.jar:/Users/jonathanbernal/.m2/repository/ch/qos/logback/logback-classic/1.5.8/logback-classic-1.5.8.jar:/Users/jonathanbernal/.m2/repository/ch/qos/logback/logback-core/1.5.8/logback-core-1.5.8.jar:/Users/jonathanbernal/.m2/repository/org/apache/logging/log4j/log4j-to-slf4j/2.23.1/log4j-to-slf4j-2.23.1.jar:/Users/jonathanbernal/.m2/repository/org/apache/logging/log4j/log4j-api/2.23.1/log4j-api-2.23.1.jar:/Users/jonathanbernal/.m2/repository/org/slf4j/jul-to-slf4j/2.0.16/jul-to-slf4j-2.0.16.jar:/Users/jonathanbernal/.m2/repository/jakarta/annotation/jakarta.annotation-api/2.1.1/jakarta.annotation-api-2.1.1.jar:/Users/jonathanbernal/.m2/repository/org/yaml/snakeyaml/2.2/snakeyaml-2.2.jar:/Users/jonathanbernal/.m2/repository/org/springframework/boot/spring-boot-starter-json/3.3.4/spring-boot-starter-json-3.3.4.jar:/Users/jonathanbernal/.m2/repository/com/fasterxml/jackson/core/jackson-databind/2.17.2/jackson-databind-2.17.2.jar:/Users/jonathanbernal/.m2/repository/com/fasterxml/jackson/core/jackson-annotations/2.17.2/jackson-annotations-2.17.2.jar:/Users/jonathanbernal/.m2/repository/com/fasterxml/jackson/core/jackson-core/2.17.2/jackson-core-2.17.2.jar:/Users/jonathanbernal/.m2/repository/com/fasterxml/jackson/datatype/jackson-datatype-jdk8/2.17.2/jackson-datatype-jdk8-2.17.2.jar:/Users/jonathanbernal/.m2/repository/com/fasterxml/jackson/datatype/jackson-datatype-jsr310/2.17.2/jackson-datatype-jsr310-2.17.2.jar:/Users/jonathanbernal/.m2/repository/com/fasterxml/jackson/module/jackson-module-parameter-names/2.17.2/jackson-module-parameter-names-2.17.2.jar:/Users/jonathanbernal/.m2/repository/org/springframework/boot/spring-boot-starter-tomcat/3.3.4/spring-boot-starter-tomcat-3.3.4.jar:/Users/jonathanbernal/.m2/repository/org/apache/tomcat/embed/tomcat-embed-core/10.1.30/tomcat-embed-core-10.1.30.jar:/Users/jonathanbernal/.m2/repository/org/apache/tomcat/embed/tomcat-embed-el/10.1.30/tomcat-embed-el-10.1.30.jar:/Users/jonathanbernal/.m2/repository/org/apache/tomcat/embed/tomcat-embed-websocket/10.1.30/tomcat-embed-websocket-10.1.30.jar:/Users/jonathanbernal/.m2/repository/org/springframework/spring-web/6.1.13/spring-web-6.1.13.jar:/Users/jonathanbernal/.m2/repository/org/springframework/spring-beans/6.1.13/spring-beans-6.1.13.jar:/Users/jonathanbernal/.m2/repository/io/micrometer/micrometer-observation/1.13.4/micrometer-
[...]

   NamedParameterJdbcTemplateConfiguration matched:
      - @ConditionalOnSingleCandidate (types: org.springframework.jdbc.core.JdbcTemplate; SearchStrategy: all) found a single bean 'jdbcTemplate'; @ConditionalOnMissingBean (types: org.springframework.jdbc.core.namedparam.NamedParameterJdbcOperations; SearchStrategy: all) did not find any beans (OnBeanCondition)

   NoOpCacheConfiguration matched:
      - Cache org.springframework.boot.autoconfigure.cache.NoOpCacheConfiguration NONE cache type (CacheCondition)

   SqlInitializationAutoConfiguration matched:
      - @ConditionalOnProperty (spring.sql.init.enabled) matched (OnPropertyCondition)
      - NoneNestedConditions 0 matched 1 did not; NestedCondition on SqlInitializationAutoConfiguration.SqlInitializationModeCondition.ModeIsNever @ConditionalOnProperty (spring.sql.init.mode=never) did not find property 'mode' (SqlInitializationAutoConfiguration.SqlInitializationModeCondition)

   TestEntityManagerAutoConfiguration matched:
      - @ConditionalOnClass found required class 'jakarta.persistence.EntityManagerFactory' (OnClassCondition)

   TestEntityManagerAutoConfiguration#testEntityManager matched:
      - @ConditionalOnMissingBean (types: org.springframework.boot.test.autoconfigure.orm.jpa.TestEntityManager; SearchStrategy: all) did not find any beans (OnBeanCondition)

   TransactionAutoConfiguration matched:
      - @ConditionalOnClass found required class 'org.springframework.transaction.PlatformTransactionManager' (OnClassCondition)

   TransactionAutoConfiguration.EnableTransactionManagementConfiguration matched:
      - @ConditionalOnBean (types: org.springframework.transaction.TransactionManager; SearchStrategy: all) found bean 'transactionManager'; @ConditionalOnMissingBean (types: org.springframework.transaction.annotation.AbstractTransactionManagementConfiguration; SearchStrategy: all) did not find any beans (OnBeanCondition)

   TransactionAutoConfiguration.EnableTransactionManagementConfiguration.CglibAutoProxyConfiguration matched:
      - @ConditionalOnProperty (spring.aop.proxy-target-class=true) matched (OnPropertyCondition)

   TransactionAutoConfiguration.TransactionTemplateConfiguration matched:
      - @ConditionalOnSingleCandidate (types: org.springframework.transaction.PlatformTransactionManager; SearchStrategy: all) found a single bean 'transactionManager' (OnBeanCondition)

   TransactionAutoConfiguration.TransactionTemplateConfiguration#transactionTemplate matched:
      - @ConditionalOnMissingBean (types: org.springframework.transaction.support.TransactionOperations; SearchStrategy: all) did not find any beans (OnBeanCondition)


Negative matches:
-----------------

   Cache2kCacheConfiguration:
      Did not match:
         - @ConditionalOnClass did not find required class 'org.cache2k.Cache2kBuilder' (OnClassCondition)

   CacheAutoConfiguration:
      Did not match:
         - @ConditionalOnBean (types: org.springframework.cache.interceptor.CacheAspectSupport; SearchStrategy: all) did not find any beans of type org.springframework.cache.interceptor.CacheAspectSupport (OnBeanCondition)
      Matched:
         - @ConditionalOnClass found required class 'org.springframework.cache.CacheManager' (OnClassCondition)

   CacheAutoConfiguration.CacheManagerEntityManagerFactoryDependsOnPostProcessor:
      Did not match:
         - Ancestor org.springframework.boot.autoconfigure.cache.CacheAutoConfiguration did not match (ConditionEvaluationReport.AncestorsMatchedCondition)
      Matched:
         - @ConditionalOnClass found required class 'org.springframework.orm.jpa.LocalContainerEntityManagerFactoryBean' (OnClassCondition)

   CaffeineCacheConfiguration:
      Did not match:
         - @ConditionalOnClass did not find required class 'com.github.benmanes.caffeine.cache.Caffeine' (OnClassCondition)

   CouchbaseCacheConfiguration:
      Did not match:
         - @ConditionalOnClass did not find required class 'com.couchbase.client.java.Cluster' (OnClassCondition)

   DataSourceAutoConfiguration.EmbeddedDatabaseConfiguration:
      Did not match:
         - EmbeddedDataSource spring.datasource.url is set (DataSourceAutoConfiguration.EmbeddedDatabaseCondition)

   DataSourceCheckpointRestoreConfiguration:
      Did not match:
         - @ConditionalOnClass did not find required class 'org.crac.Resource' (OnClassCondition)

   DataSourceConfiguration.Dbcp2:
      Did not match:
         - @ConditionalOnClass did not find required class 'org.apache.commons.dbcp2.BasicDataSource' (OnClassCondition)

   DataSourceConfiguration.Generic:
      Did not match:
         - @ConditionalOnProperty (spring.datasource.type) did not find property 'spring.datasource.type' (OnPropertyCondition)

   DataSourceConfiguration.OracleUcp:
      Did not match:
         - @ConditionalOnClass did not find required class 'oracle.ucp.jdbc.PoolDataSourceImpl' (OnClassCondition)

   DataSourceConfiguration.Tomcat:
      Did not match:
         - @ConditionalOnClass did not find required class 'org.apache.tomcat.jdbc.pool.DataSource' (OnClassCondition)

   DataSourceJmxConfiguration:
      Did not match:
         - @ConditionalOnProperty (spring.jmx.enabled=true) found different value in property 'enabled' (OnPropertyCondition)

   DataSourcePoolMetadataProvidersConfiguration.CommonsDbcp2PoolDataSourceMetadataProviderConfiguration:
      Did not match:
         - @ConditionalOnClass did not find required class 'org.apache.commons.dbcp2.BasicDataSource' (OnClassCondition)

   DataSourcePoolMetadataProvidersConfiguration.OracleUcpPoolDataSourceMetadataProviderConfiguration:
      Did not match:
         - @ConditionalOnClass did not find required class 'oracle.ucp.jdbc.PoolDataSource' (OnClassCondition)

   DataSourcePoolMetadataProvidersConfiguration.TomcatDataSourcePoolMetadataProviderConfiguration:
      Did not match:
         - @ConditionalOnClass did not find required class 'org.apache.tomcat.jdbc.pool.DataSource' (OnClassCondition)

   DataSourceTransactionManagerAutoConfiguration.JdbcTransactionManagerConfiguration#transactionManager:
      Did not match:
         - @ConditionalOnMissingBean (types: org.springframework.transaction.TransactionManager; SearchStrategy: all) found beans of type 'org.springframework.transaction.TransactionManager' transactionManager (OnBeanCondition)

   FlywayAutoConfiguration:
      Did not match:
         - @ConditionalOnClass did not find required class 'org.flywaydb.core.Flyway' (OnClassCondition)

   GenericCacheConfiguration:
      Did not match:
         - Cache org.springframework.boot.autoconfigure.cache.GenericCacheConfiguration unknown cache type (CacheCondition)

   HazelcastCacheConfiguration:
      Did not match:
         - @ConditionalOnClass did not find required class 'com.hazelcast.core.HazelcastInstance' (OnClassCondition)

   InfinispanCacheConfiguration:
      Did not match:
         - @ConditionalOnClass did not find required class 'org.infinispan.spring.embedded.provider.SpringEmbeddedCacheManager' (OnClassCondition)

   JCacheCacheConfiguration:
      Did not match:
         - @ConditionalOnClass did not find required class 'javax.cache.Caching' (OnClassCondition)

   JpaBaseConfiguration.JpaWebConfiguration:
      Did not match:
         - not a servlet web application (OnWebApplicationCondition)
      Matched:
         - @ConditionalOnClass found required class 'org.springframework.web.servlet.config.annotation.WebMvcConfigurer' (OnClassCondition)

   JpaRepositoriesAutoConfiguration#entityManagerFactoryBootstrapExecutorCustomizer:
      Did not match:
         - AnyNestedCondition 0 matched 2 did not; NestedCondition on JpaRepositoriesAutoConfiguration.BootstrapExecutorCondition.LazyBootstrapMode @ConditionalOnProperty (spring.data.jpa.repositories.bootstrap-mode=lazy) found different value in property 'bootstrap-mode'; NestedCondition on JpaRepositoriesAutoConfiguration.BootstrapExecutorCondition.DeferredBootstrapMode @ConditionalOnProperty (spring.data.jpa.repositories.bootstrap-mode=deferred) found different value in property 'bootstrap-mode' (JpaRepositoriesAutoConfiguration.BootstrapExecutorCondition)

   LiquibaseAutoConfiguration:
      Did not match:
         - @ConditionalOnClass did not find required class 'liquibase.change.DatabaseChange' (OnClassCondition)

   R2dbcInitializationConfiguration:
      Did not match:
         - @ConditionalOnClass did not find required classes 'io.r2dbc.spi.ConnectionFactory', 'org.springframework.r2dbc.connection.init.DatabasePopulator' (OnClassCondition)

   RedisCacheConfiguration:
      Did not match:
         - @ConditionalOnClass did not find required class 'org.springframework.data.redis.connection.RedisConnectionFactory' (OnClassCondition)

   SimpleCacheConfiguration:
      Did not match:
         - Cache org.springframework.boot.autoconfigure.cache.SimpleCacheConfiguration unknown cache type (CacheCondition)

   TestDatabaseAutoConfiguration#dataSource:
      Did not match:
         - @ConditionalOnProperty (spring.test.database.replace=AUTO_CONFIGURED) found different value in property 'replace' (OnPropertyCondition)

   TestDatabaseAutoConfiguration#embeddedDataSourceBeanFactoryPostProcessor:
      Did not match:
         - @ConditionalOnProperty (spring.test.database.replace=ANY) found different value in property 'replace' (OnPropertyCondition)

   TransactionAutoConfiguration#transactionalOperator:
      Did not match:
         - @ConditionalOnSingleCandidate (types: org.springframework.transaction.ReactiveTransactionManager; SearchStrategy: all) did not find any beans (OnBeanCondition)

   TransactionAutoConfiguration.AspectJTransactionManagementConfiguration:
      Did not match:
         - @ConditionalOnBean (types: org.springframework.transaction.aspectj.AbstractTransactionAspect; SearchStrategy: all) did not find any beans of type org.springframework.transaction.aspectj.AbstractTransactionAspect (OnBeanCondition)

   TransactionAutoConfiguration.EnableTransactionManagementConfiguration.JdkDynamicAutoProxyConfiguration:
      Did not match:
         - @ConditionalOnProperty (spring.aop.proxy-target-class=false) did not find property 'proxy-target-class' (OnPropertyCondition)


Exclusions:
-----------

    None


Unconditional classes:
----------------------

    org.springframework.boot.test.autoconfigure.jdbc.TestDatabaseAutoConfiguration



2024-10-07T00:27:06.548-03:00  INFO 18250 --- [hotel_reservas] [           main] c.n.h.r.HabitacionRepositoryTest         : Started HabitacionRepositoryTest in 2.623 seconds (process running for 3.172)
2024-10-07T00:27:06.549-03:00 DEBUG 18250 --- [hotel_reservas] [           main] o.s.boot.devtools.restart.Restarter      : Creating new Restarter for thread Thread[#1,main,5,main]
2024-10-07T00:27:06.550-03:00 DEBUG 18250 --- [hotel_reservas] [           main] org.springframework.test.context.cache   : Spring test ApplicationContext cache statistics: [DefaultContextCache@6464f017 size = 1, maxSize = 32, parentContextCount = 0, hitCount = 0, missCount = 1, failureCount = 0]
2024-10-07T00:27:06.552-03:00 DEBUG 18250 --- [hotel_reservas] [           main] org.springframework.test.context.cache   : Spring test ApplicationContext cache statistics: [DefaultContextCache@6464f017 size = 1, maxSize = 32, parentContextCount = 0, hitCount = 1, missCount = 1, failureCount = 0]
2024-10-07T00:27:06.556-03:00 DEBUG 18250 --- [hotel_reservas] [           main] sContextBeforeModesTestExecutionListener : Before test method: class [HabitacionRepositoryTest], method [guardarHabitacionTest], class annotated with @DirtiesContext [false] with mode [null], method annotated with @DirtiesContext [false] with mode [null]
2024-10-07T00:27:06.558-03:00 DEBUG 18250 --- [hotel_reservas] [           main] t.c.t.TransactionalTestExecutionListener : Explicit transaction definition [PROPAGATION_REQUIRED,ISOLATION_DEFAULT] found for test class [com.nathan.hotel_reservas.repository.HabitacionRepositoryTest] and test method [guardarHabitacionTest]
2024-10-07T00:27:06.558-03:00 DEBUG 18250 --- [hotel_reservas] [           main] org.springframework.test.context.cache   : Spring test ApplicationContext cache statistics: [DefaultContextCache@6464f017 size = 1, maxSize = 32, parentContextCount = 0, hitCount = 2, missCount = 1, failureCount = 0]
2024-10-07T00:27:06.559-03:00 DEBUG 18250 --- [hotel_reservas] [           main] t.c.t.TransactionalTestExecutionListener : No method-level @Rollback override: using default rollback [true] for test method [public void com.nathan.hotel_reservas.repository.HabitacionRepositoryTest.guardarHabitacionTest()]
2024-10-07T00:27:06.559-03:00 DEBUG 18250 --- [hotel_reservas] [           main] o.s.orm.jpa.JpaTransactionManager        : Creating new transaction with name [com.nathan.hotel_reservas.repository.HabitacionRepositoryTest.guardarHabitacionTest]: PROPAGATION_REQUIRED,ISOLATION_DEFAULT
2024-10-07T00:27:06.559-03:00 DEBUG 18250 --- [hotel_reservas] [           main] o.s.orm.jpa.JpaTransactionManager        : Opened new EntityManager [SessionImpl(721863560<open>)] for JPA transaction
2024-10-07T00:27:06.560-03:00 DEBUG 18250 --- [hotel_reservas] [           main] o.h.e.t.internal.TransactionImpl         : On TransactionImpl creation, JpaCompliance#isJpaTransactionComplianceEnabled == false
2024-10-07T00:27:06.560-03:00 DEBUG 18250 --- [hotel_reservas] [           main] o.h.e.t.internal.TransactionImpl         : begin
2024-10-07T00:27:06.573-03:00 DEBUG 18250 --- [hotel_reservas] [           main] o.s.orm.jpa.JpaTransactionManager        : Exposing JPA transaction as JDBC [org.springframework.orm.jpa.vendor.HibernateJpaDialect$HibernateConnectionHandle@49741e80]
2024-10-07T00:27:06.573-03:00 DEBUG 18250 --- [hotel_reservas] [           main] o.s.t.c.transaction.TransactionContext   : Began transaction (1) for test class [com.nathan.hotel_reservas.repository.HabitacionRepositoryTest]; test method [guardarHabitacionTest]; transaction manager [org.springframework.orm.jpa.JpaTransactionManager@7f53b345]; rollback [true]
2024-10-07T00:27:06.574-03:00 DEBUG 18250 --- [hotel_reservas] [           main] org.springframework.test.context.cache   : Spring test ApplicationContext cache statistics: [DefaultContextCache@6464f017 size = 1, maxSize = 32, parentContextCount = 0, hitCount = 3, missCount = 1, failureCount = 0]
2024-10-07T00:27:06.574-03:00 DEBUG 18250 --- [hotel_reservas] [           main] org.springframework.test.context.cache   : Spring test ApplicationContext cache statistics: [DefaultContextCache@6464f017 size = 1, maxSize = 32, parentContextCount = 0, hitCount = 4, missCount = 1, failureCount = 0]
2024-10-07T00:27:06.919-03:00 DEBUG 18250 --- [hotel_reservas] [           main] org.springframework.test.context.cache   : Spring test ApplicationContext cache statistics: [DefaultContextCache@6464f017 size = 1, maxSize = 32, parentContextCount = 0, hitCount = 5, missCount = 1, failureCount = 0]
2024-10-07T00:27:06.924-03:00 DEBUG 18250 --- [hotel_reservas] [           main] o.s.orm.jpa.JpaTransactionManager        : Found thread-bound EntityManager [SessionImpl(721863560<open>)] for JPA transaction
2024-10-07T00:27:06.924-03:00 DEBUG 18250 --- [hotel_reservas] [           main] o.s.orm.jpa.JpaTransactionManager        : Participating in existing transaction
2024-10-07T00:27:06.926-03:00 DEBUG 18250 --- [hotel_reservas] [           main] o.h.j.internal.PersistenceUnitUtilImpl   : jakarta.persistence.PersistenceUnitUtil.getIdentifier is only intended to work with enhanced entities (although Hibernate also adapts this support to its proxies); however the passed entity was not enhanced (nor a proxy).. may not be able to read identifier
2024-10-07T00:27:06.931-03:00 DEBUG 18250 --- [hotel_reservas] [           main] org.hibernate.SQL                        : select seq_habitacion_id.nextval from dual
Hibernate: select seq_habitacion_id.nextval from dual
2024-10-07T00:27:06.959-03:00 DEBUG 18250 --- [hotel_reservas] [           main] o.h.id.enhanced.SequenceStructure        : Sequence value obtained: 6
2024-10-07T00:27:06.959-03:00 DEBUG 18250 --- [hotel_reservas] [           main] o.h.e.i.AbstractSaveEventListener        : Generated identifier: 6, using strategy: org.hibernate.id.enhanced.SequenceStyleGenerator
2024-10-07T00:27:06.969-03:00 DEBUG 18250 --- [hotel_reservas] [           main] org.springframework.test.context.cache   : Spring test ApplicationContext cache statistics: [DefaultContextCache@6464f017 size = 1, maxSize = 32, parentContextCount = 0, hitCount = 6, missCount = 1, failureCount = 0]
2024-10-07T00:27:06.969-03:00 DEBUG 18250 --- [hotel_reservas] [           main] org.springframework.test.context.cache   : Spring test ApplicationContext cache statistics: [DefaultContextCache@6464f017 size = 1, maxSize = 32, parentContextCount = 0, hitCount = 7, missCount = 1, failureCount = 0]
2024-10-07T00:27:06.969-03:00 DEBUG 18250 --- [hotel_reservas] [           main] org.springframework.test.context.cache   : Spring test ApplicationContext cache statistics: [DefaultContextCache@6464f017 size = 1, maxSize = 32, parentContextCount = 0, hitCount = 8, missCount = 1, failureCount = 0]
2024-10-07T00:27:06.970-03:00 DEBUG 18250 --- [hotel_reservas] [           main] org.springframework.test.context.cache   : Spring test ApplicationContext cache statistics: [DefaultContextCache@6464f017 size = 1, maxSize = 32, parentContextCount = 0, hitCount = 9, missCount = 1, failureCount = 0]
2024-10-07T00:27:06.971-03:00 DEBUG 18250 --- [hotel_reservas] [           main] org.springframework.test.context.cache   : Spring test ApplicationContext cache statistics: [DefaultContextCache@6464f017 size = 1, maxSize = 32, parentContextCount = 0, hitCount = 10, missCount = 1, failureCount = 0]
2024-10-07T00:27:06.971-03:00 DEBUG 18250 --- [hotel_reservas] [           main] org.springframework.test.context.cache   : Spring test ApplicationContext cache statistics: [DefaultContextCache@6464f017 size = 1, maxSize = 32, parentContextCount = 0, hitCount = 11, missCount = 1, failureCount = 0]
2024-10-07T00:27:06.971-03:00 DEBUG 18250 --- [hotel_reservas] [           main] o.s.orm.jpa.JpaTransactionManager        : Initiating transaction rollback
2024-10-07T00:27:06.972-03:00 DEBUG 18250 --- [hotel_reservas] [           main] o.s.orm.jpa.JpaTransactionManager        : Rolling back JPA transaction on EntityManager [SessionImpl(721863560<open>)]
2024-10-07T00:27:06.972-03:00 DEBUG 18250 --- [hotel_reservas] [           main] o.h.e.t.internal.TransactionImpl         : rolling back
2024-10-07T00:27:06.984-03:00 DEBUG 18250 --- [hotel_reservas] [           main] o.s.orm.jpa.JpaTransactionManager        : Closing JPA EntityManager [SessionImpl(721863560<open>)] after transaction
2024-10-07T00:27:06.985-03:00 DEBUG 18250 --- [hotel_reservas] [           main] o.s.t.c.transaction.TransactionContext   : Rolled back transaction (1) for test class [com.nathan.hotel_reservas.repository.HabitacionRepositoryTest]; test method [guardarHabitacionTest]
2024-10-07T00:27:06.985-03:00 DEBUG 18250 --- [hotel_reservas] [           main] .c.s.DirtiesContextTestExecutionListener : After test method: class [HabitacionRepositoryTest], method [guardarHabitacionTest], class annotated with @DirtiesContext [false] with mode [null], method annotated with @DirtiesContext [false] with mode [null]
]]></system-out>
    <system-err><![CDATA[WARNING: A Java agent has been loaded dynamically (/Users/jonathanbernal/.m2/repository/net/bytebuddy/byte-buddy-agent/1.14.19/byte-buddy-agent-1.14.19.jar)
WARNING: If a serviceability tool is in use, please run with -XX:+EnableDynamicAgentLoading to hide this warning
WARNING: If a serviceability tool is not in use, please run with -Djdk.instrument.traceUsage for more information
WARNING: Dynamic loading of agents will be disallowed by default in a future release
]]></system-err>
  </testcase>
</testsuite>