<?xml version="1.0" encoding="UTF-8"?>
<testsuite xmlns:xsi="http://www.w3.org/2001/XMLSchema-instance" xsi:noNamespaceSchemaLocation="https://maven.apache.org/surefire/maven-surefire-plugin/xsd/surefire-test-report-3.0.xsd" version="3.0" name="com.nathan.hotel_reservas.HotelReservasApplicationTests" time="1.026" tests="1" errors="0" skipped="0" failures="0">
  <properties>
[...]
</properties>
  <testcase name="contextLoads" classname="com.nathan.hotel_reservas.HotelReservasApplicationTests" time="0.003">
    <system-out><![CDATA[2024-10-07T00:27:07.038-03:00 DEBUG 18250 --- [hotel_reservas] [           main] .b.t.c.SpringBootTestContextBootstrapper : Neither @ContextConfiguration nor @ContextHierarchy found for test class [HotelReservasApplicationTests]: using SpringBootContextLoader
2024-10-07T00:27:07.038-03:00 DEBUG 18250 --- [hotel_reservas] [           main] o.s.t.c.support.AbstractContextLoader    : Could not detect default resource locations for test class [com.nathan.hotel_reservas.HotelReservasApplicationTests]: no resource found for suffixes {-context.xml, Context.groovy}.
2024-10-07T00:27:07.038-03:00  INFO 18250 --- [hotel_reservas] [           main] t.c.s.AnnotationConfigContextLoaderUtils : Could not detect default configuration classes for test class [com.nathan.hotel_reservas.HotelReservasApplicationTests]: HotelReservasApplicationTests does not declare any static, non-private, non-final, nested classes annotated with @Configuration.
2024-10-07T00:27:07.038-03:00 DEBUG 18250 --- [hotel_reservas] [           main] .b.t.c.SpringBootTestContextBootstrapper : Using ContextCustomizerFactory implementations for test class [HotelReservasApplicationTests]: [ImportsContextCustomizerFactory, ExcludeFilterContextCustomizerFactory, HttpGraphQlTesterContextCustomizerFactory, DuplicateJsonObjectContextCustomizerFactory, MockitoContextCustomizerFactory, TestRestTemplateContextCustomizerFactory, WebTestClientContextCustomizerFactory, DisableReactorResourceFactoryGlobalResourcesContextCustomizerFactory, OverrideAutoConfigurationContextCustomizerFactory, ObservabilityContextCustomizerFactory, TypeExcludeFiltersContextCustomizerFactory, PropertyMappingContextCustomizerFactory, WebDriverContextCustomizerFactory, MockServerContainerContextCustomizerFactory, DynamicPropertiesContextCustomizerFactory]
2024-10-07T00:27:07.039-03:00 DEBUG 18250 --- [hotel_reservas] [           main] .b.t.c.SpringBootTestContextBootstrapper : Using ContextCustomizers for test class [HotelReservasApplicationTests]: [ExcludeFilterContextCustomizer, DuplicateJsonObjectContextCustomizer, MockitoContextCustomizer, TestRestTemplateContextCustomizer, DisableReactorResourceFactoryGlobalResourcesContextCustomizerCustomizer, DisableObservabilityContextCustomizer, PropertyMappingContextCustomizer, WebDriverContextCustomizer]
2024-10-07T00:27:07.042-03:00 DEBUG 18250 --- [hotel_reservas] [           main] ssPathScanningCandidateComponentProvider : Identified candidate component class: file [/Users/jonathanbernal/Documents/Duoc/FullStack/Week9/hotel_reservas/target/classes/com/nathan/hotel_reservas/HotelReservasApplication.class]
2024-10-07T00:27:07.042-03:00  INFO 18250 --- [hotel_reservas] [           main] .b.t.c.SpringBootTestContextBootstrapper : Found @SpringBootConfiguration com.nathan.hotel_reservas.HotelReservasApplication for test class com.nathan.hotel_reservas.HotelReservasApplicationTests
2024-10-07T00:27:07.044-03:00 DEBUG 18250 --- [hotel_reservas] [           main] .s.t.c.u.TestContextSpringFactoriesUtils : Skipping candidate TestExecutionListener [org.springframework.test.context.observation.MicrometerObservationRegistryTestExecutionListener] due to a missing dependency. Specify custom TestExecutionListener classes or make the default TestExecutionListener classes and their required dependencies available. Offending class: io.micrometer.context.ThreadLocalAccessor. MicrometerObservationRegistryTestExecutionListener requires io.micrometer:micrometer-observation:1.10.8 or higher and io.micrometer:context-propagation:1.0.3 or higher.
2024-10-07T00:27:07.044-03:00 DEBUG 18250 --- [hotel_reservas] [           main] .b.t.c.SpringBootTestContextBootstrapper : Using TestExecutionListeners for test class [HotelReservasApplicationTests]: [ServletTestExecutionListener, DirtiesContextBeforeModesTestExecutionListener, ApplicationEventsTestExecutionListener, MockitoTestExecutionListener, DependencyInjectionTestExecutionListener, DirtiesContextTestExecutionListener, TransactionalTestExecutionListener, SqlScriptsTestExecutionListener, EventPublishingTestExecutionListener, ResetMocksTestExecutionListener, RestDocsTestExecutionListener, MockRestServiceServerResetTestExecutionListener, MockMvcPrintOnlyOnFailureTestExecutionListener, WebDriverTestExecutionListener, MockWebServiceServerTestExecutionListener]
2024-10-07T00:27:07.044-03:00 DEBUG 18250 --- [hotel_reservas] [           main] sContextBeforeModesTestExecutionListener : Before test class: class [HotelReservasApplicationTests], class annotated with @DirtiesContext [false] with mode [null]
2024-10-07T00:27:07.050-03:00  INFO 18250 --- [hotel_reservas] [           main] o.s.b.d.r.RestartApplicationListener     : Restart disabled due to context in which it is running
2024-10-07T00:27:07.063-03:00 DEBUG 18250 --- [hotel_reservas] [           main] .s.b.w.s.c.ApplicationServletEnvironment : Activating profiles []
2024-10-07T00:27:07.064-03:00 DEBUG 18250 --- [hotel_reservas] [           main] o.s.c.e.PropertySourcesPropertyResolver  : Found key 'spring.application.name' in PropertySource 'configurationProperties' with value of type String

  .   ____          _            __ _ _
 /\\ / ___'_ __ _ _(_)_ __  __ _ \ \ \ \
( ( )\___ | '_ | '_| | '_ \/ _` | \ \ \ \
 \\/  ___)| |_)| | | | | || (_| |  ) ) ) )
  '  |____| .__|_| |_|_| |_\__, | / / / /
 =========|_|==============|___/=/_/_/_/

 :: Spring Boot ::                (v3.3.4)

2024-10-07T00:27:07.067-03:00  INFO 18250 --- [hotel_reservas] [           main] c.n.h.HotelReservasApplicationTests      : Starting HotelReservasApplicationTests using Java 22.0.2 with PID 18250 (started by jonathanbernal in /Users/jonathanbernal/Documents/Duoc/FullStack/Week9/hotel_reservas)
2024-10-07T00:27:07.068-03:00  INFO 18250 --- [hotel_reservas] [           main] c.n.h.HotelReservasApplicationTests      : No active profile set, falling back to 1 default profile: "default"
2024-10-07T00:27:07.068-03:00 DEBUG 18250 --- [hotel_reservas] [           main] o.s.boot.SpringApplication               : Loading source class com.nathan.hotel_reservas.HotelReservasApplication
2024-10-07T00:27:07.069-03:00 DEBUG 18250 --- [hotel_reservas] [           main] o.s.w.c.s.GenericWebApplicationContext   : Refreshing org.springframework.web.context.support.GenericWebApplicationContext@5bed8b91
2024-10-07T00:27:07.071-03:00 DEBUG 18250 --- [hotel_reservas] [           main] o.s.b.f.s.DefaultListableBeanFactory     : Creating shared instance of singleton bean 'org.springframework.context.annotation.internalConfigurationAnnotationProcessor'
2024-10-07T00:27:07.071-03:00 DEBUG 18250 --- [hotel_reservas] [           main] o.s.b.f.s.DefaultListableBeanFactory     : Creating shared instance of singleton bean 'org.springframework.boot.autoconfigure.internalCachingMetadataReaderFactory'
2024-10-07T00:27:07.077-03:00 DEBUG 18250 --- [hotel_reservas] [           main] o.s.c.a.ClassPathBeanDefinitionScanner   : Identified candidate component class: file [/Users/jonathanbernal/Documents/Duoc/FullStack/Week9/hotel_reservas/target/classes/com/nathan/hotel_reservas/controllers/ReservaController.class]
2024-10-07T00:27:07.078-03:00 DEBUG 18250 --- [hotel_reservas] [           main] o.s.c.a.ClassPathBeanDefinitionScanner   : Identified candidate component class: file [/Users/jonathanbernal/Documents/Duoc/FullStack/Week9/hotel_reservas/target/classes/com/nathan/hotel_reservas/service/HabitacionServicelmpl.class]
2024-10-07T00:27:07.078-03:00 DEBUG 18250 --- [hotel_reservas] [           main] o.s.c.a.ClassPathBeanDefinitionScanner   : Identified candidate component class: file [/Users/jonathanbernal/Documents/Duoc/FullStack/Week9/hotel_reservas/target/classes/com/nathan/hotel_reservas/service/ReservaServicelmpl.class]
2024-10-07T00:27:07.227-03:00  INFO 18250 --- [hotel_reservas] [           main] .s.d.r.c.RepositoryConfigurationDelegate : Bootstrapping Spring Data JPA repositories in DEFAULT mode.
2024-10-07T00:27:07.227-03:00 DEBUG 18250 --- [hotel_reservas] [           main] o.s.b.f.s.DefaultListableBeanFactory     : Creating shared instance of singleton bean 'org.springframework.boot.autoconfigure.AutoConfigurationPackages'
2024-10-07T00:27:07.227-03:00 DEBUG 18250 --- [hotel_reservas] [           main] o.s.b.a.AutoConfigurationPackages        : @EnableAutoConfiguration was declared on a class in the package 'com.nathan.hotel_reservas'. Automatic @Repository and @Entity scanning is enabled.
2024-10-07T00:27:07.227-03:00 DEBUG 18250 --- [hotel_reservas] [           main] .s.d.r.c.RepositoryConfigurationDelegate : Scanning for JPA repositories in packages com.nathan.hotel_reservas.
2024-10-07T00:27:07.230-03:00 DEBUG 18250 --- [hotel_reservas] [           main] o.s.d.r.c.RepositoryComponentProvider    : Identified candidate component class: file [/Users/jonathanbernal/Documents/Duoc/FullStack/Week9/hotel_reservas/target/classes/com/nathan/hotel_reservas/repository/HabitacionRepository.class]
2024-10-07T00:27:07.230-03:00 DEBUG 18250 --- [hotel_reservas] [           main] o.s.d.r.c.RepositoryComponentProvider    : Identified candidate component class: file [/Users/jonathanbernal/Documents/Duoc/FullStack/Week9/hotel_reservas/target/classes/com/nathan/hotel_reservas/repository/ReservaRepository.class]
2024-10-07T00:27:07.234-03:00  INFO 18250 --- [hotel_reservas] [           main] .s.d.r.c.RepositoryConfigurationDelegate : Finished Spring Data repository scanning in 6 ms. Found 2 JPA repository interfaces.
2024-10-07T00:27:07.281-03:00 DEBUG 18250 --- [hotel_reservas] [           main] o.s.b.f.s.DefaultListableBeanFactory     : Creating shared instance of singleton bean 'propertySourcesPlaceholderConfigurer'
2024-10-07T00:27:07.283-03:00 DEBUG 18250 --- [hotel_reservas] [           main] o.s.b.f.s.DefaultListableBeanFactory     : Creating shared instance of singleton bean 'org.springframework.boot.test.mock.mockito.MockitoPostProcessor'
2024-10-07T00:27:07.284-03:00 DEBUG 18250 --- [hotel_reservas] [           main] o.s.b.f.s.DefaultListableBeanFactory     : Creating shared instance of singleton bean 'emBeanDefinitionRegistrarPostProcessor'
2024-10-07T00:27:07.284-03:00 DEBUG 18250 --- [hotel_reservas] [           main] o.s.b.f.s.DefaultListableBeanFactory     : Creating shared instance of singleton bean 'org.springframework.boot.sql.init.dependency.DatabaseInitializationDependencyConfigurer$DependsOnDatabaseInitializationPostProcessor'
2024-10-07T00:27:07.293-03:00 DEBUG 18250 --- [hotel_reservas] [           main] o.s.b.f.s.DefaultListableBeanFactory     : Creating shared instance of singleton bean 'org.springframework.context.event.internalEventListenerProcessor'
2024-10-07T00:27:07.293-03:00 DEBUG 18250 --- [hotel_reservas] [           main] o.s.b.f.s.DefaultListableBeanFactory     : Creating shared instance of singleton bean 'preserveErrorControllerTargetClassPostProcessor'
2024-10-07T00:27:07.293-03:00 DEBUG 18250 --- [hotel_reservas] [           main] o.s.b.f.s.DefaultListableBeanFactory     : Creating shared instance of singleton bean 'org.springframework.context.event.internalEventListenerFactory'
2024-10-07T00:27:07.293-03:00 DEBUG 18250 --- [hotel_reservas] [           main] o.s.b.f.s.DefaultListableBeanFactory     : Creating shared instance of singleton bean 'org.springframework.transaction.config.internalTransactionalEventListenerFactory'
2024-10-07T00:27:07.294-03:00 DEBUG 18250 --- [hotel_reservas] [           main] o.s.b.f.s.DefaultListableBeanFactory     : Creating shared instance of singleton bean 'org.springframework.boot.test.mock.mockito.MockitoPostProcessor$SpyPostProcessor'
2024-10-07T00:27:07.294-03:00 DEBUG 18250 --- [hotel_reservas] [           main] o.s.b.f.s.DefaultListableBeanFactory     : Creating shared instance of singleton bean 'org.springframework.context.annotation.internalAutowiredAnnotationProcessor'
2024-10-07T00:27:07.294-03:00 DEBUG 18250 --- [hotel_reservas] [           main] o.s.b.f.s.DefaultListableBeanFactory     : Creating shared instance of singleton bean 'org.springframework.context.annotation.internalCommonAnnotationProcessor'
2024-10-07T00:27:07.294-03:00 DEBUG 18250 --- [hotel_reservas] [           main] o.s.b.f.s.DefaultListableBeanFactory     : Creating shared instance of singleton bean 'org.springframework.context.annotation.internalPersistenceAnnotationProcessor'
2024-10-07T00:27:07.294-03:00 DEBUG 18250 --- [hotel_reservas] [           main] o.s.b.f.s.DefaultListableBeanFactory     : Creating shared instance of singleton bean 'org.springframework.boot.context.properties.ConfigurationPropertiesBindingPostProcessor'
2024-10-07T00:27:07.294-03:00 DEBUG 18250 --- [hotel_reservas] [           main] o.s.b.f.s.DefaultListableBeanFactory     : Creating shared instance of singleton bean 'org.springframework.boot.context.internalConfigurationPropertiesBinder'
2024-10-07T00:27:07.295-03:00 DEBUG 18250 --- [hotel_reservas] [           main] o.s.b.f.s.DefaultListableBeanFactory     : Creating shared instance of singleton bean 'jdbcConnectionDetailsHikariBeanPostProcessor'
2024-10-07T00:27:07.295-03:00 DEBUG 18250 --- [hotel_reservas] [           main] o.s.b.f.s.DefaultListableBeanFactory     : Creating shared instance of singleton bean 'org.springframework.aop.config.internalAutoProxyCreator'
2024-10-07T00:27:07.298-03:00 DEBUG 18250 --- [hotel_reservas] [           main] o.s.b.f.s.DefaultListableBeanFactory     : Creating shared instance of singleton bean 'persistenceExceptionTranslationPostProcessor'
2024-10-07T00:27:07.299-03:00 DEBUG 18250 --- [hotel_reservas] [           main] o.s.b.f.s.DefaultListableBeanFactory     : Autowiring by type from bean name 'persistenceExceptionTranslationPostProcessor' via factory method to bean named 'environment'
2024-10-07T00:27:07.300-03:00 DEBUG 18250 --- [hotel_reservas] [           main] o.s.b.f.s.DefaultListableBeanFactory     : Creating shared instance of singleton bean 'webServerFactoryCustomizerBeanPostProcessor'
2024-10-07T00:27:07.300-03:00 DEBUG 18250 --- [hotel_reservas] [           main] o.s.b.f.s.DefaultListableBeanFactory     : Creating shared instance of singleton bean 'errorPageRegistrarBeanPostProcessor'
2024-10-07T00:27:07.300-03:00 DEBUG 18250 --- [hotel_reservas] [           main] o.s.b.f.s.DefaultListableBeanFactory     : Creating shared instance of singleton bean 'projectingArgumentResolverBeanPostProcessor'
2024-10-07T00:27:07.301-03:00 DEBUG 18250 --- [hotel_reservas] [           main] o.s.b.f.s.DefaultListableBeanFactory     : Creating shared instance of singleton bean 'org.springframework.transaction.config.internalTransactionAdvisor'
2024-10-07T00:27:07.301-03:00 DEBUG 18250 --- [hotel_reservas] [           main] o.s.b.f.s.DefaultListableBeanFactory     : Creating shared instance of singleton bean 'org.springframework.transaction.annotation.ProxyTransactionManagementConfiguration'
2024-10-07T00:27:07.303-03:00 DEBUG 18250 --- [hotel_reservas] [           main] o.s.b.f.s.DefaultListableBeanFactory     : Creating shared instance of singleton bean 'transactionAttributeSource'
2024-10-07T00:27:07.304-03:00 DEBUG 18250 --- [hotel_reservas] [           main] o.s.b.f.s.DefaultListableBeanFactory     : Creating shared instance of singleton bean 'transactionInterceptor'
2024-10-07T00:27:07.304-03:00 DEBUG 18250 --- [hotel_reservas] [           main] o.s.b.f.s.DefaultListableBeanFactory     : Autowiring by type from bean name 'transactionInterceptor' via factory method to bean named 'transactionAttributeSource'
2024-10-07T00:27:07.304-03:00 DEBUG 18250 --- [hotel_reservas] [           main] o.s.b.f.s.DefaultListableBeanFactory     : Autowiring by type from bean name 'org.springframework.transaction.config.internalTransactionAdvisor' via factory method to bean named 'transactionAttributeSource'
2024-10-07T00:27:07.304-03:00 DEBUG 18250 --- [hotel_reservas] [           main] o.s.b.f.s.DefaultListableBeanFactory     : Autowiring by type from bean name 'org.springframework.transaction.config.internalTransactionAdvisor' via factory method to bean named 'transactionInterceptor'
2024-10-07T00:27:07.306-03:00 DEBUG 18250 --- [hotel_reservas] [           main] o.s.b.f.s.DefaultListableBeanFactory     : Creating shared instance of singleton bean 'hypermediaRepresentionModelProcessorConfigurator'
2024-10-07T00:27:07.306-03:00 DEBUG 18250 --- [hotel_reservas] [           main] o.s.b.f.s.DefaultListableBeanFactory     : Creating shared instance of singleton bean 'hypermediaRestTemplateBeanPostProcessor'
2024-10-07T00:27:07.307-03:00 DEBUG 18250 --- [hotel_reservas] [           main] o.s.u.c.s.UiApplicationContextUtils      : Unable to locate ThemeSource with name 'themeSource': using default [org.springframework.ui.context.support.ResourceBundleThemeSource@674b9b85]
2024-10-07T00:27:07.308-03:00 DEBUG 18250 --- [hotel_reservas] [           main] o.s.b.f.s.DefaultListableBeanFactory     : Creating shared instance of singleton bean 'dataSourceScriptDatabaseInitializer'
2024-10-07T00:27:07.308-03:00 DEBUG 18250 --- [hotel_reservas] [           main] o.s.b.f.s.DefaultListableBeanFactory     : Creating shared instance of singleton bean 'org.springframework.boot.autoconfigure.sql.init.DataSourceInitializationConfiguration'
2024-10-07T00:27:07.308-03:00 DEBUG 18250 --- [hotel_reservas] [           main] o.s.b.f.s.DefaultListableBeanFactory     : Creating shared instance of singleton bean 'dataSource'
2024-10-07T00:27:07.308-03:00 DEBUG 18250 --- [hotel_reservas] [           main] o.s.b.f.s.DefaultListableBeanFactory     : Creating shared instance of singleton bean 'org.springframework.boot.autoconfigure.jdbc.DataSourceConfiguration$Hikari'
2024-10-07T00:27:07.308-03:00 DEBUG 18250 --- [hotel_reservas] [           main] o.s.b.f.s.DefaultListableBeanFactory     : Creating shared instance of singleton bean 'spring.datasource-org.springframework.boot.autoconfigure.jdbc.DataSourceProperties'
2024-10-07T00:27:07.308-03:00 DEBUG 18250 --- [hotel_reservas] [           main] o.s.b.f.s.DefaultListableBeanFactory     : Creating shared instance of singleton bean 'org.springframework.boot.context.properties.BoundConfigurationProperties'
2024-10-07T00:27:07.311-03:00 DEBUG 18250 --- [hotel_reservas] [           main] o.s.b.f.s.DefaultListableBeanFactory     : Creating shared instance of singleton bean 'jdbcConnectionDetails'
2024-10-07T00:27:07.311-03:00 DEBUG 18250 --- [hotel_reservas] [           main] o.s.b.f.s.DefaultListableBeanFactory     : Creating shared instance of singleton bean 'org.springframework.boot.autoconfigure.jdbc.DataSourceAutoConfiguration$PooledDataSourceConfiguration'
2024-10-07T00:27:07.311-03:00 DEBUG 18250 --- [hotel_reservas] [           main] o.s.b.f.s.DefaultListableBeanFactory     : Autowiring by type from bean name 'jdbcConnectionDetails' via factory method to bean named 'spring.datasource-org.springframework.boot.autoconfigure.jdbc.DataSourceProperties'
2024-10-07T00:27:07.311-03:00 DEBUG 18250 --- [hotel_reservas] [           main] o.s.b.f.s.DefaultListableBeanFactory     : Autowiring by type from bean name 'dataSource' via factory method to bean named 'spring.datasource-org.springframework.boot.autoconfigure.jdbc.DataSourceProperties'
2024-10-07T00:27:07.311-03:00 DEBUG 18250 --- [hotel_reservas] [           main] o.s.b.f.s.DefaultListableBeanFactory     : Autowiring by type from bean name 'dataSource' via factory method to bean named 'jdbcConnectionDetails'
2024-10-07T00:27:07.315-03:00 DEBUG 18250 --- [hotel_reservas] [           main] o.s.b.f.s.DefaultListableBeanFactory     : Creating shared instance of singleton bean 'spring.sql.init-org.springframework.boot.autoconfigure.sql.init.SqlInitializationProperties'
2024-10-07T00:27:07.316-03:00 DEBUG 18250 --- [hotel_reservas] [           main] o.s.b.f.s.DefaultListableBeanFactory     : Autowiring by type from bean name 'dataSourceScriptDatabaseInitializer' via factory method to bean named 'dataSource'
2024-10-07T00:27:07.316-03:00 DEBUG 18250 --- [hotel_reservas] [           main] o.s.b.f.s.DefaultListableBeanFactory     : Autowiring by type from bean name 'dataSourceScriptDatabaseInitializer' via factory method to bean named 'spring.sql.init-org.springframework.boot.autoconfigure.sql.init.SqlInitializationProperties'
2024-10-07T00:27:07.317-03:00 DEBUG 18250 --- [hotel_reservas] [           main] o.s.b.f.s.DefaultListableBeanFactory     : Creating shared instance of singleton bean 'entityManagerFactory'
2024-10-07T00:27:07.317-03:00 DEBUG 18250 --- [hotel_reservas] [           main] o.s.b.f.s.DefaultListableBeanFactory     : Creating shared instance of singleton bean 'org.springframework.boot.autoconfigure.orm.jpa.HibernateJpaConfiguration'
2024-10-07T00:27:07.317-03:00 DEBUG 18250 --- [hotel_reservas] [           main] o.s.b.f.s.DefaultListableBeanFactory     : Creating shared instance of singleton bean 'spring.jpa-org.springframework.boot.autoconfigure.orm.jpa.JpaProperties'
2024-10-07T00:27:07.319-03:00 DEBUG 18250 --- [hotel_reservas] [           main] o.s.b.f.s.DefaultListableBeanFactory     : Creating shared instance of singleton bean 'spring.jpa.hibernate-org.springframework.boot.autoconfigure.orm.jpa.HibernateProperties'
2024-10-07T00:27:07.319-03:00 DEBUG 18250 --- [hotel_reservas] [           main] o.s.b.f.s.DefaultListableBeanFactory     : Autowiring by type from bean name 'org.springframework.boot.autoconfigure.orm.jpa.HibernateJpaConfiguration' via constructor to bean named 'dataSource'
2024-10-07T00:27:07.319-03:00 DEBUG 18250 --- [hotel_reservas] [           main] o.s.b.f.s.DefaultListableBeanFactory     : Autowiring by type from bean name 'org.springframework.boot.autoconfigure.orm.jpa.HibernateJpaConfiguration' via constructor to bean named 'spring.jpa-org.springframework.boot.autoconfigure.orm.jpa.JpaProperties'
2024-10-07T00:27:07.319-03:00 DEBUG 18250 --- [hotel_reservas] [           main] o.s.b.f.s.DefaultListableBeanFactory     : Autowiring by type from bean name 'org.springframework.boot.autoconfigure.orm.jpa.HibernateJpaConfiguration' via constructor to bean named 'org.springframework.beans.factory.support.DefaultListableBeanFactory@157267db'
2024-10-07T00:27:07.319-03:00 DEBUG 18250 --- [hotel_reservas] [           main] o.s.b.f.s.DefaultListableBeanFactory     : Autowiring by type from bean name 'org.springframework.boot.autoconfigure.orm.jpa.HibernateJpaConfiguration' via constructor to bean named 'spring.jpa.hibernate-org.springframework.boot.autoconfigure.orm.jpa.HibernateProperties'
2024-10-07T00:27:07.319-03:00 DEBUG 18250 --- [hotel_reservas] [           main] o.s.b.f.s.DefaultListableBeanFactory     : Creating shared instance of singleton bean 'hikariPoolDataSourceMetadataProvider'
2024-10-07T00:27:07.320-03:00 DEBUG 18250 --- [hotel_reservas] [           main] o.s.b.f.s.DefaultListableBeanFactory     : Creating shared instance of singleton bean 'org.springframework.boot.autoconfigure.jdbc.metadata.DataSourcePoolMetadataProvidersConfiguration$HikariPoolDataSourceMetadataProviderConfiguration'
2024-10-07T00:27:07.321-03:00 DEBUG 18250 --- [hotel_reservas] [           main] o.s.b.f.s.DefaultListableBeanFactory     : Creating shared instance of singleton bean 'entityManagerFactoryBuilder'
2024-10-07T00:27:07.321-03:00 DEBUG 18250 --- [hotel_reservas] [           main] o.s.b.f.s.DefaultListableBeanFactory     : Creating shared instance of singleton bean 'jpaVendorAdapter'
2024-10-07T00:27:07.321-03:00 DEBUG 18250 --- [hotel_reservas] [           main] o.s.b.f.s.DefaultListableBeanFactory     : Autowiring by type from bean name 'entityManagerFactoryBuilder' via factory method to bean named 'jpaVendorAdapter'
2024-10-07T00:27:07.322-03:00 DEBUG 18250 --- [hotel_reservas] [           main] o.s.b.f.s.DefaultListableBeanFactory     : Creating shared instance of singleton bean 'persistenceManagedTypes'
2024-10-07T00:27:07.322-03:00 DEBUG 18250 --- [hotel_reservas] [           main] o.s.b.f.s.DefaultListableBeanFactory     : Autowiring by type from bean name 'persistenceManagedTypes' via factory method to bean named 'org.springframework.beans.factory.support.DefaultListableBeanFactory@157267db'
2024-10-07T00:27:07.322-03:00 DEBUG 18250 --- [hotel_reservas] [           main] o.s.b.f.s.DefaultListableBeanFactory     : Autowiring by type from bean name 'persistenceManagedTypes' via factory method to bean named 'org.springframework.web.context.support.GenericWebApplicationContext@5bed8b91'
2024-10-07T00:27:07.325-03:00 DEBUG 18250 --- [hotel_reservas] [           main] o.s.b.f.s.DefaultListableBeanFactory     : Autowiring by type from bean name 'entityManagerFactory' via factory method to bean named 'entityManagerFactoryBuilder'
2024-10-07T00:27:07.325-03:00 DEBUG 18250 --- [hotel_reservas] [           main] o.s.b.f.s.DefaultListableBeanFactory     : Autowiring by type from bean name 'entityManagerFactory' via factory method to bean named 'persistenceManagedTypes'
2024-10-07T00:27:07.326-03:00 DEBUG 18250 --- [hotel_reservas] [           main] j.LocalContainerEntityManagerFactoryBean : Building JPA container EntityManagerFactory for persistence unit 'default'
2024-10-07T00:27:07.326-03:00 DEBUG 18250 --- [hotel_reservas] [           main] o.hibernate.jpa.internal.util.LogHelper  : PersistenceUnitInfo [
	name: default
	persistence provider classname: null
	classloader: jdk.internal.loader.ClassLoaders$AppClassLoader@43e45247
	excludeUnlistedClasses: true
	JTA datasource: null
	Non JTA datasource: HikariDataSource (null)
	Transaction type: RESOURCE_LOCAL
	PU root URL: file:/Users/jonathanbernal/Documents/Duoc/FullStack/Week9/hotel_reservas/target/test-classes/
	Shared Cache Mode: UNSPECIFIED
	Validation Mode: AUTO
	Jar files URLs []
	Managed classes names [
		com.nathan.hotel_reservas.models.HabitacionModel
		com.nathan.hotel_reservas.models.ReservaModel]
	Mapping files names []
	Properties []
2024-10-07T00:27:07.326-03:00 DEBUG 18250 --- [hotel_reservas] [           main] o.h.i.internal.IntegratorServiceImpl     : Adding Integrator [org.hibernate.boot.beanvalidation.BeanValidationIntegrator].
2024-10-07T00:27:07.326-03:00 DEBUG 18250 --- [hotel_reservas] [           main] o.h.i.internal.IntegratorServiceImpl     : Adding Integrator [org.hibernate.cache.internal.CollectionCacheInvalidator].
2024-10-07T00:27:07.327-03:00 DEBUG 18250 --- [hotel_reservas] [           main] org.hibernate.orm.idgen.factory          : Registering IdentifierGenerator strategy [uuid2] -> [org.hibernate.id.UUIDGenerator]
2024-10-07T00:27:07.327-03:00 DEBUG 18250 --- [hotel_reservas] [           main] org.hibernate.orm.idgen.factory          : Registering IdentifierGenerator strategy [guid] -> [org.hibernate.id.GUIDGenerator]
2024-10-07T00:27:07.327-03:00 DEBUG 18250 --- [hotel_reservas] [           main] org.hibernate.orm.idgen.factory          : Registering IdentifierGenerator strategy [uuid] -> [org.hibernate.id.UUIDHexGenerator]
2024-10-07T00:27:07.327-03:00 DEBUG 18250 --- [hotel_reservas] [           main] org.hibernate.orm.idgen.factory          : Registering IdentifierGenerator strategy [uuid.hex] -> [org.hibernate.id.UUIDHexGenerator]
2024-10-07T00:27:07.327-03:00 DEBUG 18250 --- [hotel_reservas] [           main] org.hibernate.orm.idgen.factory          : Registering IdentifierGenerator strategy [assigned] -> [org.hibernate.id.Assigned]
2024-10-07T00:27:07.327-03:00 DEBUG 18250 --- [hotel_reservas] [           main] org.hibernate.orm.idgen.factory          : Registering IdentifierGenerator strategy [identity] -> [org.hibernate.id.IdentityGenerator]
2024-10-07T00:27:07.327-03:00 DEBUG 18250 --- [hotel_reservas] [           main] org.hibernate.orm.idgen.factory          : Registering IdentifierGenerator strategy [select] -> [org.hibernate.id.SelectGenerator]
2024-10-07T00:27:07.327-03:00 DEBUG 18250 --- [hotel_reservas] [           main] org.hibernate.orm.idgen.factory          : Registering IdentifierGenerator strategy [sequence] -> [org.hibernate.id.enhanced.SequenceStyleGenerator]
2024-10-07T00:27:07.327-03:00 DEBUG 18250 --- [hotel_reservas] [           main] org.hibernate.orm.idgen.factory          : Registering IdentifierGenerator strategy [increment] -> [org.hibernate.id.IncrementGenerator]
2024-10-07T00:27:07.327-03:00 DEBUG 18250 --- [hotel_reservas] [           main] org.hibernate.orm.idgen.factory          : Registering IdentifierGenerator strategy [foreign] -> [org.hibernate.id.ForeignGenerator]
2024-10-07T00:27:07.327-03:00 DEBUG 18250 --- [hotel_reservas] [           main] org.hibernate.orm.idgen.factory          : Registering IdentifierGenerator strategy [enhanced-sequence] -> [org.hibernate.id.enhanced.SequenceStyleGenerator]
2024-10-07T00:27:07.327-03:00 DEBUG 18250 --- [hotel_reservas] [           main] org.hibernate.orm.idgen.factory          : Registering IdentifierGenerator strategy [enhanced-table] -> [org.hibernate.id.enhanced.TableGenerator]
2024-10-07T00:27:07.327-03:00 DEBUG 18250 --- [hotel_reservas] [           main] o.h.c.internal.RegionFactoryInitiator    : Cannot default RegionFactory based on registered strategies as `[]` RegionFactory strategies were registered
2024-10-07T00:27:07.327-03:00  INFO 18250 --- [hotel_reservas] [           main] o.h.c.internal.RegionFactoryInitiator    : HHH000026: Second-level cache disabled
2024-10-07T00:27:07.327-03:00 DEBUG 18250 --- [hotel_reservas] [           main] org.hibernate.type.BasicTypeRegistry     : Adding type registration boolean -> org.hibernate.type.BasicTypeReference@738d37fc
2024-10-07T00:27:07.327-03:00 DEBUG 18250 --- [hotel_reservas] [           main] org.hibernate.type.BasicTypeRegistry     : Adding type registration boolean -> org.hibernate.type.BasicTypeReference@738d37fc
2024-10-07T00:27:07.327-03:00 DEBUG 18250 --- [hotel_reservas] [           main] org.hibernate.type.BasicTypeRegistry     : Adding type registration java.lang.Boolean -> org.hibernate.type.BasicTypeReference@738d37fc
2024-10-07T00:27:07.327-03:00 DEBUG 18250 --- [hotel_reservas] [           main] org.hibernate.type.BasicTypeRegistry     : Adding type registration numeric_boolean -> org.hibernate.type.BasicTypeReference@6fa2448b
2024-10-07T00:27:07.327-03:00 DEBUG 18250 --- [hotel_reservas] [           main] org.hibernate.type.BasicTypeRegistry     : Adding type registration org.hibernate.type.NumericBooleanConverter -> org.hibernate.type.BasicTypeReference@6fa2448b
2024-10-07T00:27:07.327-03:00 DEBUG 18250 --- [hotel_reservas] [           main] org.hibernate.type.BasicTypeRegistry     : Adding type registration true_false -> org.hibernate.type.BasicTypeReference@61bb1e4d
2024-10-07T00:27:07.327-03:00 DEBUG 18250 --- [hotel_reservas] [           main] org.hibernate.type.BasicTypeRegistry     : Adding type registration org.hibernate.type.TrueFalseConverter -> org.hibernate.type.BasicTypeReference@61bb1e4d
2024-10-07T00:27:07.327-03:00 DEBUG 18250 --- [hotel_reservas] [           main] org.hibernate.type.BasicTypeRegistry     : Adding type registration yes_no -> org.hibernate.type.BasicTypeReference@5c53f292
2024-10-07T00:27:07.327-03:00 DEBUG 18250 --- [hotel_reservas] [           main] org.hibernate.type.BasicTypeRegistry     : Adding type registration org.hibernate.type.YesNoConverter -> org.hibernate.type.BasicTypeReference@5c53f292
2024-10-07T00:27:07.327-03:00 DEBUG 18250 --- [hotel_reservas] [           main] org.hibernate.type.BasicTypeRegistry     : Adding type registration byte -> org.hibernate.type.BasicTypeReference@46fb0c33
2024-10-07T00:27:07.327-03:00 DEBUG 18250 --- [hotel_reservas] [           main] org.hibernate.type.BasicTypeRegistry     : Adding type registration byte -> org.hibernate.type.BasicTypeReference@46fb0c33
2024-10-07T00:27:07.327-03:00 DEBUG 18250 --- [hotel_reservas] [           main] org.hibernate.type.BasicTypeRegistry     : Adding type registration java.lang.Byte -> org.hibernate.type.BasicTypeReference@46fb0c33
2024-10-07T00:27:07.327-03:00 DEBUG 18250 --- [hotel_reservas] [           main] org.hibernate.type.BasicTypeRegistry     : Adding type registration binary -> org.hibernate.type.BasicTypeReference@3b009e7b
2024-10-07T00:27:07.327-03:00 DEBUG 18250 --- [hotel_reservas] [           main] org.hibernate.type.BasicTypeRegistry     : Adding type registration byte[] -> org.hibernate.type.BasicTypeReference@3b009e7b
2024-10-07T00:27:07.327-03:00 DEBUG 18250 --- [hotel_reservas] [           main] org.hibernate.type.BasicTypeRegistry     : Adding type registration [B -> org.hibernate.type.BasicTypeReference@3b009e7b
2024-10-07T00:27:07.327-03:00 DEBUG 18250 --- [hotel_reservas] [           main] org.hibernate.type.BasicTypeRegistry     : Adding type registration binary_wrapper -> org.hibernate.type.BasicTypeReference@270a620
2024-10-07T00:27:07.327-03:00 DEBUG 18250 --- [hotel_reservas] [           main] org.hibernate.type.BasicTypeRegistry     : Adding type registration wrapper-binary -> org.hibernate.type.BasicTypeReference@270a620
2024-10-07T00:27:07.327-03:00 DEBUG 18250 --- [hotel_reservas] [           main] org.hibernate.type.BasicTypeRegistry     : Adding type registration image -> org.hibernate.type.BasicTypeReference@41f4039e
2024-10-07T00:27:07.327-03:00 DEBUG 18250 --- [hotel_reservas] [           main] org.hibernate.type.BasicTypeRegistry     : Adding type registration blob -> org.hibernate.type.BasicTypeReference@5ff00507
2024-10-07T00:27:07.327-03:00 DEBUG 18250 --- [hotel_reservas] [           main] org.hibernate.type.BasicTypeRegistry     : Adding type registration java.sql.Blob -> org.hibernate.type.BasicTypeReference@5ff00507
2024-10-07T00:27:07.327-03:00 DEBUG 18250 --- [hotel_reservas] [           main] org.hibernate.type.BasicTypeRegistry     : Adding type registration materialized_blob -> org.hibernate.type.BasicTypeReference@603cabc4
2024-10-07T00:27:07.327-03:00 DEBUG 18250 --- [hotel_reservas] [           main] org.hibernate.type.BasicTypeRegistry     : Adding type registration materialized_blob_wrapper -> org.hibernate.type.BasicTypeReference@67fa5045
2024-10-07T00:27:07.327-03:00 DEBUG 18250 --- [hotel_reservas] [           main] org.hibernate.type.BasicTypeRegistry     : Adding type registration short -> org.hibernate.type.BasicTypeReference@6f347d7
2024-10-07T00:27:07.327-03:00 DEBUG 18250 --- [hotel_reservas] [           main] org.hibernate.type.BasicTypeRegistry     : Adding type registration short -> org.hibernate.type.BasicTypeReference@6f347d7
2024-10-07T00:27:07.327-03:00 DEBUG 18250 --- [hotel_reservas] [           main] org.hibernate.type.BasicTypeRegistry     : Adding type registration java.lang.Short -> org.hibernate.type.BasicTypeReference@6f347d7
2024-10-07T00:27:07.327-03:00 DEBUG 18250 --- [hotel_reservas] [           main] org.hibernate.type.BasicTypeRegistry     : Adding type registration integer -> org.hibernate.type.BasicTypeReference@5974b233
2024-10-07T00:27:07.327-03:00 DEBUG 18250 --- [hotel_reservas] [           main] org.hibernate.type.BasicTypeRegistry     : Adding type registration int -> org.hibernate.type.BasicTypeReference@5974b233
2024-10-07T00:27:07.327-03:00 DEBUG 18250 --- [hotel_reservas] [           main] org.hibernate.type.BasicTypeRegistry     : Adding type registration java.lang.Integer -> org.hibernate.type.BasicTypeReference@5974b233
2024-10-07T00:27:07.327-03:00 DEBUG 18250 --- [hotel_reservas] [           main] org.hibernate.type.BasicTypeRegistry     : Adding type registration long -> org.hibernate.type.BasicTypeReference@5c134052
2024-10-07T00:27:07.327-03:00 DEBUG 18250 --- [hotel_reservas] [           main] org.hibernate.type.BasicTypeRegistry     : Adding type registration long -> org.hibernate.type.BasicTypeReference@5c134052
2024-10-07T00:27:07.327-03:00 DEBUG 18250 --- [hotel_reservas] [           main] org.hibernate.type.BasicTypeRegistry     : Adding type registration java.lang.Long -> org.hibernate.type.BasicTypeReference@5c134052
2024-10-07T00:27:07.327-03:00 DEBUG 18250 --- [hotel_reservas] [           main] org.hibernate.type.BasicTypeRegistry     : Adding type registration float -> org.hibernate.type.BasicTypeReference@69de5bed
2024-10-07T00:27:07.327-03:00 DEBUG 18250 --- [hotel_reservas] [           main] org.hibernate.type.BasicTypeRegistry     : Adding type registration float -> org.hibernate.type.BasicTypeReference@69de5bed
2024-10-07T00:27:07.327-03:00 DEBUG 18250 --- [hotel_reservas] [           main] org.hibernate.type.BasicTypeRegistry     : Adding type registration java.lang.Float -> org.hibernate.type.BasicTypeReference@69de5bed
2024-10-07T00:27:07.327-03:00 DEBUG 18250 --- [hotel_reservas] [           main] org.hibernate.type.BasicTypeRegistry     : Adding type registration double -> org.hibernate.type.BasicTypeReference@750f64fe
2024-10-07T00:27:07.327-03:00 DEBUG 18250 --- [hotel_reservas] [           main] org.hibernate.type.BasicTypeRegistry     : Adding type registration double -> org.hibernate.type.BasicTypeReference@750f64fe
2024-10-07T00:27:07.327-03:00 DEBUG 18250 --- [hotel_reservas] [           main] org.hibernate.type.BasicTypeRegistry     : Adding type registration java.lang.Double -> org.hibernate.type.BasicTypeReference@750f64fe
2024-10-07T00:27:07.327-03:00 DEBUG 18250 --- [hotel_reservas] [           main] org.hibernate.type.BasicTypeRegistry     : Adding type registration big_integer -> org.hibernate.type.BasicTypeReference@996a546
2024-10-07T00:27:07.327-03:00 DEBUG 18250 --- [hotel_reservas] [           main] org.hibernate.type.BasicTypeRegistry     : Adding type registration java.math.BigInteger -> org.hibernate.type.BasicTypeReference@996a546
2024-10-07T00:27:07.327-03:00 DEBUG 18250 --- [hotel_reservas] [           main] org.hibernate.type.BasicTypeRegistry     : Adding type registration big_decimal -> org.hibernate.type.BasicTypeReference@4fc165f6
2024-10-07T00:27:07.327-03:00 DEBUG 18250 --- [hotel_reservas] [           main] org.hibernate.type.BasicTypeRegistry     : Adding type registration java.math.BigDecimal -> org.hibernate.type.BasicTypeReference@4fc165f6
2024-10-07T00:27:07.327-03:00 DEBUG 18250 --- [hotel_reservas] [           main] org.hibernate.type.BasicTypeRegistry     : Adding type registration character -> org.hibernate.type.BasicTypeReference@545b5ed0
2024-10-07T00:27:07.328-03:00 DEBUG 18250 --- [hotel_reservas] [           main] org.hibernate.type.BasicTypeRegistry     : Adding type registration char -> org.hibernate.type.BasicTypeReference@545b5ed0
2024-10-07T00:27:07.328-03:00 DEBUG 18250 --- [hotel_reservas] [           main] org.hibernate.type.BasicTypeRegistry     : Adding type registration java.lang.Character -> org.hibernate.type.BasicTypeReference@545b5ed0
2024-10-07T00:27:07.328-03:00 DEBUG 18250 --- [hotel_reservas] [           main] org.hibernate.type.BasicTypeRegistry     : Adding type registration character_nchar -> org.hibernate.type.BasicTypeReference@5a7df831
2024-10-07T00:27:07.328-03:00 DEBUG 18250 --- [hotel_reservas] [           main] org.hibernate.type.BasicTypeRegistry     : Adding type registration string -> org.hibernate.type.BasicTypeReference@667dcaad
2024-10-07T00:27:07.328-03:00 DEBUG 18250 --- [hotel_reservas] [           main] org.hibernate.type.BasicTypeRegistry     : Adding type registration java.lang.String -> org.hibernate.type.BasicTypeReference@667dcaad
2024-10-07T00:27:07.328-03:00 DEBUG 18250 --- [hotel_reservas] [           main] org.hibernate.type.BasicTypeRegistry     : Adding type registration nstring -> org.hibernate.type.BasicTypeReference@22d7fd41
2024-10-07T00:27:07.328-03:00 DEBUG 18250 --- [hotel_reservas] [           main] org.hibernate.type.BasicTypeRegistry     : Adding type registration characters -> org.hibernate.type.BasicTypeReference@2c748a15
2024-10-07T00:27:07.328-03:00 DEBUG 18250 --- [hotel_reservas] [           main] org.hibernate.type.BasicTypeRegistry     : Adding type registration char[] -> org.hibernate.type.BasicTypeReference@2c748a15
2024-10-07T00:27:07.328-03:00 DEBUG 18250 --- [hotel_reservas] [           main] org.hibernate.type.BasicTypeRegistry     : Adding type registration [C -> org.hibernate.type.BasicTypeReference@2c748a15
2024-10-07T00:27:07.328-03:00 DEBUG 18250 --- [hotel_reservas] [           main] org.hibernate.type.BasicTypeRegistry     : Adding type registration wrapper-characters -> org.hibernate.type.BasicTypeReference@19fd43da
2024-10-07T00:27:07.328-03:00 DEBUG 18250 --- [hotel_reservas] [           main] org.hibernate.type.BasicTypeRegistry     : Adding type registration text -> org.hibernate.type.BasicTypeReference@115dcaea
2024-10-07T00:27:07.328-03:00 DEBUG 18250 --- [hotel_reservas] [           main] org.hibernate.type.BasicTypeRegistry     : Adding type registration ntext -> org.hibernate.type.BasicTypeReference@cfd1075
2024-10-07T00:27:07.328-03:00 DEBUG 18250 --- [hotel_reservas] [           main] org.hibernate.type.BasicTypeRegistry     : Adding type registration clob -> org.hibernate.type.BasicTypeReference@45117dd
2024-10-07T00:27:07.328-03:00 DEBUG 18250 --- [hotel_reservas] [           main] org.hibernate.type.BasicTypeRegistry     : Adding type registration java.sql.Clob -> org.hibernate.type.BasicTypeReference@45117dd
2024-10-07T00:27:07.328-03:00 DEBUG 18250 --- [hotel_reservas] [           main] org.hibernate.type.BasicTypeRegistry     : Adding type registration nclob -> org.hibernate.type.BasicTypeReference@7741771e
2024-10-07T00:27:07.328-03:00 DEBUG 18250 --- [hotel_reservas] [           main] org.hibernate.type.BasicTypeRegistry     : Adding type registration java.sql.NClob -> org.hibernate.type.BasicTypeReference@7741771e
2024-10-07T00:27:07.328-03:00 DEBUG 18250 --- [hotel_reservas] [           main] org.hibernate.type.BasicTypeRegistry     : Adding type registration materialized_clob -> org.hibernate.type.BasicTypeReference@834e986
2024-10-07T00:27:07.328-03:00 DEBUG 18250 --- [hotel_reservas] [           main] org.hibernate.type.BasicTypeRegistry     : Adding type registration materialized_clob_char_array -> org.hibernate.type.BasicTypeReference@6cae2e4d
2024-10-07T00:27:07.328-03:00 DEBUG 18250 --- [hotel_reservas] [           main] org.hibernate.type.BasicTypeRegistry     : Adding type registration materialized_clob_character_array -> org.hibernate.type.BasicTypeReference@604d23fa
2024-10-07T00:27:07.328-03:00 DEBUG 18250 --- [hotel_reservas] [           main] org.hibernate.type.BasicTypeRegistry     : Adding type registration materialized_nclob -> org.hibernate.type.BasicTypeReference@1cc8416a
2024-10-07T00:27:07.328-03:00 DEBUG 18250 --- [hotel_reservas] [           main] org.hibernate.type.BasicTypeRegistry     : Adding type registration materialized_nclob_character_array -> org.hibernate.type.BasicTypeReference@331ff3ac
2024-10-07T00:27:07.328-03:00 DEBUG 18250 --- [hotel_reservas] [           main] org.hibernate.type.BasicTypeRegistry     : Adding type registration materialized_nclob_char_array -> org.hibernate.type.BasicTypeReference@2e5e6fc4
2024-10-07T00:27:07.328-03:00 DEBUG 18250 --- [hotel_reservas] [           main] org.hibernate.type.BasicTypeRegistry     : Adding type registration Duration -> org.hibernate.type.BasicTypeReference@2785db06
2024-10-07T00:27:07.328-03:00 DEBUG 18250 --- [hotel_reservas] [           main] org.hibernate.type.BasicTypeRegistry     : Adding type registration java.time.Duration -> org.hibernate.type.BasicTypeReference@2785db06
2024-10-07T00:27:07.328-03:00 DEBUG 18250 --- [hotel_reservas] [           main] org.hibernate.type.BasicTypeRegistry     : Adding type registration LocalDateTime -> org.hibernate.type.BasicTypeReference@79980d8d
2024-10-07T00:27:07.328-03:00 DEBUG 18250 --- [hotel_reservas] [           main] org.hibernate.type.BasicTypeRegistry     : Adding type registration java.time.LocalDateTime -> org.hibernate.type.BasicTypeReference@79980d8d
2024-10-07T00:27:07.328-03:00 DEBUG 18250 --- [hotel_reservas] [           main] org.hibernate.type.BasicTypeRegistry     : Adding type registration LocalDate -> org.hibernate.type.BasicTypeReference@35d60381
2024-10-07T00:27:07.328-03:00 DEBUG 18250 --- [hotel_reservas] [           main] org.hibernate.type.BasicTypeRegistry     : Adding type registration java.time.LocalDate -> org.hibernate.type.BasicTypeReference@35d60381
2024-10-07T00:27:07.328-03:00 DEBUG 18250 --- [hotel_reservas] [           main] org.hibernate.type.BasicTypeRegistry     : Adding type registration LocalTime -> org.hibernate.type.BasicTypeReference@68ab6ab0
2024-10-07T00:27:07.328-03:00 DEBUG 18250 --- [hotel_reservas] [           main] org.hibernate.type.BasicTypeRegistry     : Adding type registration java.time.LocalTime -> org.hibernate.type.BasicTypeReference@68ab6ab0
2024-10-07T00:27:07.328-03:00 DEBUG 18250 --- [hotel_reservas] [           main] org.hibernate.type.BasicTypeRegistry     : Adding type registration OffsetDateTime -> org.hibernate.type.BasicTypeReference@61ffd148
2024-10-07T00:27:07.328-03:00 DEBUG 18250 --- [hotel_reservas] [           main] org.hibernate.type.BasicTypeRegistry     : Adding type registration java.time.OffsetDateTime -> org.hibernate.type.BasicTypeReference@61ffd148
2024-10-07T00:27:07.328-03:00 DEBUG 18250 --- [hotel_reservas] [           main] org.hibernate.type.BasicTypeRegistry     : Adding type registration OffsetDateTimeWithTimezone -> org.hibernate.type.BasicTypeReference@58324c9f
2024-10-07T00:27:07.328-03:00 DEBUG 18250 --- [hotel_reservas] [           main] org.hibernate.type.BasicTypeRegistry     : Adding type registration OffsetDateTimeWithoutTimezone -> org.hibernate.type.BasicTypeReference@5d7d8613
2024-10-07T00:27:07.328-03:00 DEBUG 18250 --- [hotel_reservas] [           main] org.hibernate.type.BasicTypeRegistry     : Adding type registration OffsetTime -> org.hibernate.type.BasicTypeReference@6eb089e6
2024-10-07T00:27:07.328-03:00 DEBUG 18250 --- [hotel_reservas] [           main] org.hibernate.type.BasicTypeRegistry     : Adding type registration java.time.OffsetTime -> org.hibernate.type.BasicTypeReference@6eb089e6
2024-10-07T00:27:07.328-03:00 DEBUG 18250 --- [hotel_reservas] [           main] org.hibernate.type.BasicTypeRegistry     : Adding type registration OffsetTimeUtc -> org.hibernate.type.BasicTypeReference@715a70e9
2024-10-07T00:27:07.328-03:00 DEBUG 18250 --- [hotel_reservas] [           main] org.hibernate.type.BasicTypeRegistry     : Adding type registration OffsetTimeWithTimezone -> org.hibernate.type.BasicTypeReference@3bc69ce9
2024-10-07T00:27:07.328-03:00 DEBUG 18250 --- [hotel_reservas] [           main] org.hibernate.type.BasicTypeRegistry     : Adding type registration OffsetTimeWithoutTimezone -> org.hibernate.type.BasicTypeReference@abad89c
2024-10-07T00:27:07.328-03:00 DEBUG 18250 --- [hotel_reservas] [           main] org.hibernate.type.BasicTypeRegistry     : Adding type registration ZonedDateTime -> org.hibernate.type.BasicTypeReference@602f8f94
2024-10-07T00:27:07.328-03:00 DEBUG 18250 --- [hotel_reservas] [           main] org.hibernate.type.BasicTypeRegistry     : Adding type registration java.time.ZonedDateTime -> org.hibernate.type.BasicTypeReference@602f8f94
2024-10-07T00:27:07.328-03:00 DEBUG 18250 --- [hotel_reservas] [           main] org.hibernate.type.BasicTypeRegistry     : Adding type registration ZonedDateTimeWithTimezone -> org.hibernate.type.BasicTypeReference@42507640
2024-10-07T00:27:07.328-03:00 DEBUG 18250 --- [hotel_reservas] [           main] org.hibernate.type.BasicTypeRegistry     : Adding type registration ZonedDateTimeWithoutTimezone -> org.hibernate.type.BasicTypeReference@4dfe8b37
2024-10-07T00:27:07.328-03:00 DEBUG 18250 --- [hotel_reservas] [           main] org.hibernate.type.BasicTypeRegistry     : Adding type registration date -> org.hibernate.type.BasicTypeReference@11dcd42c
2024-10-07T00:27:07.328-03:00 DEBUG 18250 --- [hotel_reservas] [           main] org.hibernate.type.BasicTypeRegistry     : Adding type registration java.sql.Date -> org.hibernate.type.BasicTypeReference@11dcd42c
2024-10-07T00:27:07.328-03:00 DEBUG 18250 --- [hotel_reservas] [           main] org.hibernate.type.BasicTypeRegistry     : Adding type registration time -> org.hibernate.type.BasicTypeReference@d13baac
2024-10-07T00:27:07.328-03:00 DEBUG 18250 --- [hotel_reservas] [           main] org.hibernate.type.BasicTypeRegistry     : Adding type registration java.sql.Time -> org.hibernate.type.BasicTypeReference@d13baac
2024-10-07T00:27:07.328-03:00 DEBUG 18250 --- [hotel_reservas] [           main] org.hibernate.type.BasicTypeRegistry     : Adding type registration timestamp -> org.hibernate.type.BasicTypeReference@4c302f38
2024-10-07T00:27:07.328-03:00 DEBUG 18250 --- [hotel_reservas] [           main] org.hibernate.type.BasicTypeRegistry     : Adding type registration java.sql.Timestamp -> org.hibernate.type.BasicTypeReference@4c302f38
2024-10-07T00:27:07.328-03:00 DEBUG 18250 --- [hotel_reservas] [           main] org.hibernate.type.BasicTypeRegistry     : Adding type registration java.util.Date -> org.hibernate.type.BasicTypeReference@4c302f38
2024-10-07T00:27:07.328-03:00 DEBUG 18250 --- [hotel_reservas] [           main] org.hibernate.type.BasicTypeRegistry     : Adding type registration calendar -> org.hibernate.type.BasicTypeReference@75aea2ba
2024-10-07T00:27:07.328-03:00 DEBUG 18250 --- [hotel_reservas] [           main] org.hibernate.type.BasicTypeRegistry     : Adding type registration java.util.Calendar -> org.hibernate.type.BasicTypeReference@75aea2ba
2024-10-07T00:27:07.328-03:00 DEBUG 18250 --- [hotel_reservas] [           main] org.hibernate.type.BasicTypeRegistry     : Adding type registration java.util.GregorianCalendar -> org.hibernate.type.BasicTypeReference@75aea2ba
2024-10-07T00:27:07.328-03:00 DEBUG 18250 --- [hotel_reservas] [           main] org.hibernate.type.BasicTypeRegistry     : Adding type registration calendar_date -> org.hibernate.type.BasicTypeReference@2a47597
2024-10-07T00:27:07.328-03:00 DEBUG 18250 --- [hotel_reservas] [           main] org.hibernate.type.BasicTypeRegistry     : Adding type registration calendar_time -> org.hibernate.type.BasicTypeReference@12f279b5
2024-10-07T00:27:07.328-03:00 DEBUG 18250 --- [hotel_reservas] [           main] org.hibernate.type.BasicTypeRegistry     : Adding type registration instant -> org.hibernate.type.BasicTypeReference@5ff6dd3c
2024-10-07T00:27:07.328-03:00 DEBUG 18250 --- [hotel_reservas] [           main] org.hibernate.type.BasicTypeRegistry     : Adding type registration java.time.Instant -> org.hibernate.type.BasicTypeReference@5ff6dd3c
2024-10-07T00:27:07.328-03:00 DEBUG 18250 --- [hotel_reservas] [           main] org.hibernate.type.BasicTypeRegistry     : Adding type registration uuid -> org.hibernate.type.BasicTypeReference@5fcd1f0a
2024-10-07T00:27:07.328-03:00 DEBUG 18250 --- [hotel_reservas] [           main] org.hibernate.type.BasicTypeRegistry     : Adding type registration java.util.UUID -> org.hibernate.type.BasicTypeReference@5fcd1f0a
2024-10-07T00:27:07.328-03:00 DEBUG 18250 --- [hotel_reservas] [           main] org.hibernate.type.BasicTypeRegistry     : Adding type registration pg-uuid -> org.hibernate.type.BasicTypeReference@5fcd1f0a
2024-10-07T00:27:07.328-03:00 DEBUG 18250 --- [hotel_reservas] [           main] org.hibernate.type.BasicTypeRegistry     : Adding type registration uuid-binary -> org.hibernate.type.BasicTypeReference@7e64c1a9
2024-10-07T00:27:07.328-03:00 DEBUG 18250 --- [hotel_reservas] [           main] org.hibernate.type.BasicTypeRegistry     : Adding type registration uuid-char -> org.hibernate.type.BasicTypeReference@7fda2001
2024-10-07T00:27:07.328-03:00 DEBUG 18250 --- [hotel_reservas] [           main] org.hibernate.type.BasicTypeRegistry     : Adding type registration class -> org.hibernate.type.BasicTypeReference@162c1dfb
2024-10-07T00:27:07.328-03:00 DEBUG 18250 --- [hotel_reservas] [           main] org.hibernate.type.BasicTypeRegistry     : Adding type registration java.lang.Class -> org.hibernate.type.BasicTypeReference@162c1dfb
2024-10-07T00:27:07.328-03:00 DEBUG 18250 --- [hotel_reservas] [           main] org.hibernate.type.BasicTypeRegistry     : Adding type registration currency -> org.hibernate.type.BasicTypeReference@21ae657b
2024-10-07T00:27:07.328-03:00 DEBUG 18250 --- [hotel_reservas] [           main] org.hibernate.type.BasicTypeRegistry     : Adding type registration Currency -> org.hibernate.type.BasicTypeReference@21ae657b
2024-10-07T00:27:07.328-03:00 DEBUG 18250 --- [hotel_reservas] [           main] org.hibernate.type.BasicTypeRegistry     : Adding type registration java.util.Currency -> org.hibernate.type.BasicTypeReference@21ae657b
2024-10-07T00:27:07.328-03:00 DEBUG 18250 --- [hotel_reservas] [           main] org.hibernate.type.BasicTypeRegistry     : Adding type registration locale -> org.hibernate.type.BasicTypeReference@576b7c74
2024-10-07T00:27:07.328-03:00 DEBUG 18250 --- [hotel_reservas] [           main] org.hibernate.type.BasicTypeRegistry     : Adding type registration java.util.Locale -> org.hibernate.type.BasicTypeReference@576b7c74
2024-10-07T00:27:07.328-03:00 DEBUG 18250 --- [hotel_reservas] [           main] org.hibernate.type.BasicTypeRegistry     : Adding type registration serializable -> org.hibernate.type.BasicTypeReference@21de60a7
2024-10-07T00:27:07.328-03:00 DEBUG 18250 --- [hotel_reservas] [           main] org.hibernate.type.BasicTypeRegistry     : Adding type registration java.io.Serializable -> org.hibernate.type.BasicTypeReference@21de60a7
2024-10-07T00:27:07.328-03:00 DEBUG 18250 --- [hotel_reservas] [           main] org.hibernate.type.BasicTypeRegistry     : Adding type registration timezone -> org.hibernate.type.BasicTypeReference@73894c5a
2024-10-07T00:27:07.328-03:00 DEBUG 18250 --- [hotel_reservas] [           main] org.hibernate.type.BasicTypeRegistry     : Adding type registration java.util.TimeZone -> org.hibernate.type.BasicTypeReference@73894c5a
2024-10-07T00:27:07.328-03:00 DEBUG 18250 --- [hotel_reservas] [           main] org.hibernate.type.BasicTypeRegistry     : Adding type registration ZoneOffset -> org.hibernate.type.BasicTypeReference@7698b7a4
2024-10-07T00:27:07.328-03:00 DEBUG 18250 --- [hotel_reservas] [           main] org.hibernate.type.BasicTypeRegistry     : Adding type registration java.time.ZoneOffset -> org.hibernate.type.BasicTypeReference@7698b7a4
2024-10-07T00:27:07.328-03:00 DEBUG 18250 --- [hotel_reservas] [           main] org.hibernate.type.BasicTypeRegistry     : Adding type registration url -> org.hibernate.type.BasicTypeReference@7a9ceddf
2024-10-07T00:27:07.328-03:00 DEBUG 18250 --- [hotel_reservas] [           main] org.hibernate.type.BasicTypeRegistry     : Adding type registration java.net.URL -> org.hibernate.type.BasicTypeReference@7a9ceddf
2024-10-07T00:27:07.328-03:00 DEBUG 18250 --- [hotel_reservas] [           main] org.hibernate.type.BasicTypeRegistry     : Adding type registration vector -> org.hibernate.type.BasicTypeReference@28157173
2024-10-07T00:27:07.328-03:00 DEBUG 18250 --- [hotel_reservas] [           main] org.hibernate.type.BasicTypeRegistry     : Adding type registration row_version -> org.hibernate.type.BasicTypeReference@11c713b7
2024-10-07T00:27:07.328-03:00 DEBUG 18250 --- [hotel_reservas] [           main] org.hibernate.type.BasicTypeRegistry     : Adding type registration object -> org.hibernate.type.JavaObjectType@78307a56
2024-10-07T00:27:07.328-03:00 DEBUG 18250 --- [hotel_reservas] [           main] org.hibernate.type.BasicTypeRegistry     : Adding type registration java.lang.Object -> org.hibernate.type.JavaObjectType@78307a56
2024-10-07T00:27:07.328-03:00 DEBUG 18250 --- [hotel_reservas] [           main] org.hibernate.type.BasicTypeRegistry     : Adding type registration null -> org.hibernate.type.NullType@286855ea
2024-10-07T00:27:07.328-03:00 DEBUG 18250 --- [hotel_reservas] [           main] org.hibernate.type.BasicTypeRegistry     : Adding type registration imm_date -> org.hibernate.type.BasicTypeReference@264340f0
2024-10-07T00:27:07.328-03:00 DEBUG 18250 --- [hotel_reservas] [           main] org.hibernate.type.BasicTypeRegistry     : Adding type registration imm_time -> org.hibernate.type.BasicTypeReference@7640a191
2024-10-07T00:27:07.328-03:00 DEBUG 18250 --- [hotel_reservas] [           main] org.hibernate.type.BasicTypeRegistry     : Adding type registration imm_timestamp -> org.hibernate.type.BasicTypeReference@504a9352
2024-10-07T00:27:07.328-03:00 DEBUG 18250 --- [hotel_reservas] [           main] org.hibernate.type.BasicTypeRegistry     : Adding type registration imm_calendar -> org.hibernate.type.BasicTypeReference@48e1e18a
2024-10-07T00:27:07.328-03:00 DEBUG 18250 --- [hotel_reservas] [           main] org.hibernate.type.BasicTypeRegistry     : Adding type registration imm_calendar_date -> org.hibernate.type.BasicTypeReference@74997ca6
2024-10-07T00:27:07.328-03:00 DEBUG 18250 --- [hotel_reservas] [           main] org.hibernate.type.BasicTypeRegistry     : Adding type registration imm_calendar_time -> org.hibernate.type.BasicTypeReference@7a6078d
2024-10-07T00:27:07.328-03:00 DEBUG 18250 --- [hotel_reservas] [           main] org.hibernate.type.BasicTypeRegistry     : Adding type registration imm_binary -> org.hibernate.type.BasicTypeReference@372c428
2024-10-07T00:27:07.328-03:00 DEBUG 18250 --- [hotel_reservas] [           main] org.hibernate.type.BasicTypeRegistry     : Adding type registration imm_serializable -> org.hibernate.type.BasicTypeReference@4458887d
2024-10-07T00:27:07.329-03:00 DEBUG 18250 --- [hotel_reservas] [           main] o.h.boot.internal.BootstrapContextImpl   : Injecting JPA temp ClassLoader [org.springframework.instrument.classloading.SimpleThrowawayClassLoader@4c364a9d] into BootstrapContext; was [null]
2024-10-07T00:27:07.329-03:00 DEBUG 18250 --- [hotel_reservas] [           main] o.h.boot.internal.ClassLoaderAccessImpl  : ClassLoaderAccessImpl#injectTempClassLoader(org.springframework.instrument.classloading.SimpleThrowawayClassLoader@4c364a9d) [was null]
2024-10-07T00:27:07.329-03:00 DEBUG 18250 --- [hotel_reservas] [           main] o.h.boot.internal.BootstrapContextImpl   : Injecting ScanEnvironment [org.hibernate.jpa.boot.internal.StandardJpaScanEnvironmentImpl@597084b7] into BootstrapContext; was [null]
2024-10-07T00:27:07.329-03:00 DEBUG 18250 --- [hotel_reservas] [           main] o.h.boot.internal.BootstrapContextImpl   : Injecting ScanOptions [org.hibernate.boot.archive.scan.internal.StandardScanOptions@59ebe484] into BootstrapContext; was [org.hibernate.boot.archive.scan.internal.StandardScanOptions@7fd624f5]
2024-10-07T00:27:07.332-03:00  INFO 18250 --- [hotel_reservas] [           main] o.s.o.j.p.SpringPersistenceUnitInfo      : No LoadTimeWeaver setup: ignoring JPA class transformer
2024-10-07T00:27:07.332-03:00 DEBUG 18250 --- [hotel_reservas] [           main] o.h.boot.internal.BootstrapContextImpl   : Injecting JPA temp ClassLoader [null] into BootstrapContext; was [org.springframework.instrument.classloading.SimpleThrowawayClassLoader@4c364a9d]
2024-10-07T00:27:07.332-03:00 DEBUG 18250 --- [hotel_reservas] [           main] o.h.boot.internal.ClassLoaderAccessImpl  : ClassLoaderAccessImpl#injectTempClassLoader(null) [was org.springframework.instrument.classloading.SimpleThrowawayClassLoader@4c364a9d]
2024-10-07T00:27:07.332-03:00  INFO 18250 --- [hotel_reservas] [           main] com.zaxxer.hikari.HikariDataSource       : HikariPool-2 - Starting...
2024-10-07T00:27:07.332-03:00  WARN 18250 --- [hotel_reservas] [           main] c.zaxxer.hikari.util.DriverDataSource    : Registered driver with driverClassName=oracle.jdbc.driver.OracleDriver was not found, trying direct instantiation.
2024-10-07T00:27:07.669-03:00  INFO 18250 --- [hotel_reservas] [           main] com.zaxxer.hikari.pool.HikariPool        : HikariPool-2 - Added connection oracle.jdbc.driver.T4CConnection@5f113867
2024-10-07T00:27:07.669-03:00  INFO 18250 --- [hotel_reservas] [           main] com.zaxxer.hikari.HikariDataSource       : HikariPool-2 - Start completed.
2024-10-07T00:27:07.669-03:00 DEBUG 18250 --- [hotel_reservas] [           main] o.h.e.j.e.i.JdbcEnvironmentInitiator     : Database ->
	   name : Oracle
	version : Oracle Database 23ai Enterprise Edition Release 23.0.0.0.0 - Production
Version 23.6.0.24.07
	  major : 23
	  minor : 0
2024-10-07T00:27:07.669-03:00 DEBUG 18250 --- [hotel_reservas] [           main] o.h.e.j.e.i.JdbcEnvironmentInitiator     : Driver ->
	   name : Oracle JDBC driver
	version : 21.9.0.0.0
	  major : 21
	  minor : 9
2024-10-07T00:27:07.669-03:00 DEBUG 18250 --- [hotel_reservas] [           main] o.h.e.j.e.i.JdbcEnvironmentInitiator     : JDBC version : 4.3
2024-10-07T00:27:07.680-03:00  WARN 18250 --- [hotel_reservas] [           main] org.hibernate.orm.deprecation            : HHH90000025: OracleDialect does not need to be specified explicitly using 'hibernate.dialect' (remove the property setting and it will be selected by default)
2024-10-07T00:27:07.680-03:00 DEBUG 18250 --- [hotel_reservas] [           main] org.hibernate.orm.dialect                : HHH035001: Using dialect: org.hibernate.dialect.OracleDialect, version: 23.0
2024-10-07T00:27:07.716-03:00 DEBUG 18250 --- [hotel_reservas] [           main] o.h.t.d.jdbc.spi.JdbcTypeRegistry        : addDescriptor(NCharTypeDescriptor) replaced previous registration(CharTypeDescriptor)
2024-10-07T00:27:07.716-03:00 DEBUG 18250 --- [hotel_reservas] [           main] o.h.t.d.jdbc.spi.JdbcTypeRegistry        : addDescriptor(NVarcharTypeDescriptor) replaced previous registration(VarcharTypeDescriptor)
2024-10-07T00:27:07.716-03:00 DEBUG 18250 --- [hotel_reservas] [           main] o.h.t.d.jdbc.spi.JdbcTypeRegistry        : addDescriptor(LongNVarcharTypeDescriptor) replaced previous registration(LongVarcharTypeDescriptor)
2024-10-07T00:27:07.717-03:00 DEBUG 18250 --- [hotel_reservas] [           main] o.h.t.d.jdbc.spi.JdbcTypeRegistry        : addDescriptor(NClobTypeDescriptor(DEFAULT)) replaced previous registration(ClobTypeDescriptor(DEFAULT))
2024-10-07T00:27:07.717-03:00 DEBUG 18250 --- [hotel_reservas] [           main] o.h.t.d.jdbc.spi.JdbcTypeRegistry        : addDescriptor(2005, ClobTypeDescriptor(STREAM_BINDING)) replaced previous registration(ClobTypeDescriptor(DEFAULT))
2024-10-07T00:27:07.717-03:00 DEBUG 18250 --- [hotel_reservas] [           main] o.h.t.d.jdbc.spi.JdbcTypeRegistry        : addDescriptor(BooleanTypeDescriptor) replaced previous registration(BooleanTypeDescriptor)
2024-10-07T00:27:07.717-03:00 DEBUG 18250 --- [hotel_reservas] [           main] org.hibernate.type.BasicTypeRegistry     : Adding type registration null -> org.hibernate.type.NullType@4848681d
2024-10-07T00:27:07.717-03:00 DEBUG 18250 --- [hotel_reservas] [           main] org.hibernate.type.BasicTypeRegistry     : Type registration key [null] overrode previous entry : `org.hibernate.type.NullType@286855ea`
2024-10-07T00:27:07.717-03:00 DEBUG 18250 --- [hotel_reservas] [           main] org.hibernate.type.BasicTypeRegistry     : Adding type registration JAVA_OBJECT -> org.hibernate.type.JavaObjectType@7712c315
2024-10-07T00:27:07.717-03:00 DEBUG 18250 --- [hotel_reservas] [           main] org.hibernate.type.BasicTypeRegistry     : Adding type registration java.lang.Object -> org.hibernate.type.JavaObjectType@7712c315
2024-10-07T00:27:07.717-03:00 DEBUG 18250 --- [hotel_reservas] [           main] org.hibernate.type.BasicTypeRegistry     : Type registration key [java.lang.Object] overrode previous entry : `org.hibernate.type.JavaObjectType@78307a56`
2024-10-07T00:27:07.717-03:00 DEBUG 18250 --- [hotel_reservas] [           main] org.hibernate.type.BasicTypeRegistry     : Adding type registration org.hibernate.type.DurationType -> basicType@22(java.time.Duration,3015)
2024-10-07T00:27:07.717-03:00 DEBUG 18250 --- [hotel_reservas] [           main] org.hibernate.type.BasicTypeRegistry     : Adding type registration Duration -> basicType@22(java.time.Duration,3015)
2024-10-07T00:27:07.717-03:00 DEBUG 18250 --- [hotel_reservas] [           main] org.hibernate.type.BasicTypeRegistry     : Adding type registration java.time.Duration -> basicType@22(java.time.Duration,3015)
2024-10-07T00:27:07.717-03:00 DEBUG 18250 --- [hotel_reservas] [           main] o.h.type.spi.TypeConfiguration$Scope     : Scoping TypeConfiguration [org.hibernate.type.spi.TypeConfiguration@5a9a187b] to MetadataBuildingContext [org.hibernate.boot.internal.MetadataBuildingContextRootImpl@5529fd4e]
2024-10-07T00:27:07.717-03:00 DEBUG 18250 --- [hotel_reservas] [           main] o.h.boot.model.relational.Namespace      : Created database namespace [logicalName=Name{catalog=null, schema=null}, physicalName=Name{catalog=null, schema=null}]
2024-10-07T00:27:07.717-03:00 DEBUG 18250 --- [hotel_reservas] [           main] o.h.boot.model.internal.EntityBinder     : Binding entity from annotated class: com.nathan.hotel_reservas.models.HabitacionModel
2024-10-07T00:27:07.717-03:00 DEBUG 18250 --- [hotel_reservas] [           main] o.h.boot.model.internal.EntityBinder     : Import with entity name HabitacionModel
2024-10-07T00:27:07.717-03:00 DEBUG 18250 --- [hotel_reservas] [           main] o.h.boot.model.internal.EntityBinder     : Bind entity com.nathan.hotel_reservas.models.HabitacionModel on table ho_habitacion
2024-10-07T00:27:07.717-03:00 DEBUG 18250 --- [hotel_reservas] [           main] o.h.boot.model.internal.AnnotatedColumn  : Binding column: AnnotatedDiscriminatorColumn(column='DTYPE')
2024-10-07T00:27:07.718-03:00 DEBUG 18250 --- [hotel_reservas] [           main] o.h.boot.model.internal.AnnotatedColumn  : Binding column: AnnotatedColumn(column='habitacion_id')
2024-10-07T00:27:07.718-03:00 DEBUG 18250 --- [hotel_reservas] [           main] o.h.boot.internal.ClassLoaderAccessImpl  : Not known whether passed class name [com.nathan.hotel_reservas.models.HabitacionModel] is safe
2024-10-07T00:27:07.718-03:00 DEBUG 18250 --- [hotel_reservas] [           main] o.h.boot.internal.ClassLoaderAccessImpl  : No temp ClassLoader provided; using live ClassLoader for loading potentially unsafe class : com.nathan.hotel_reservas.models.HabitacionModel
2024-10-07T00:27:07.718-03:00 DEBUG 18250 --- [hotel_reservas] [           main] o.h.boot.model.internal.PropertyBinder   : MetadataSourceProcessor property id with lazy=false
2024-10-07T00:27:07.718-03:00 DEBUG 18250 --- [hotel_reservas] [           main] o.h.b.m.internal.AbstractPropertyHolder  : Attempting to locate auto-apply AttributeConverter for property [com.nathan.hotel_reservas.models.HabitacionModel:id]
2024-10-07T00:27:07.718-03:00 DEBUG 18250 --- [hotel_reservas] [           main] o.h.b.model.internal.BasicValueBinder    : building BasicValue for id
2024-10-07T00:27:07.718-03:00 DEBUG 18250 --- [hotel_reservas] [           main] org.hibernate.mapping.BasicValue         : Skipping column re-registration: ho_habitacion.habitacion_id
2024-10-07T00:27:07.718-03:00 DEBUG 18250 --- [hotel_reservas] [           main] o.h.boot.model.internal.PropertyBinder   : Building property id
2024-10-07T00:27:07.718-03:00 DEBUG 18250 --- [hotel_reservas] [           main] o.h.boot.model.internal.BinderHelper     : #makeIdGenerator(BasicValue([Column(habitacion_id)]), id, org.hibernate.id.enhanced.SequenceStyleGenerator, habitacion_sequence, ...)
2024-10-07T00:27:07.718-03:00 DEBUG 18250 --- [hotel_reservas] [           main] o.h.boot.model.internal.AnnotatedColumn  : Binding column: AnnotatedColumn(column='camas')
2024-10-07T00:27:07.718-03:00 DEBUG 18250 --- [hotel_reservas] [           main] o.h.boot.model.internal.PropertyBinder   : MetadataSourceProcessor property camas with lazy=false
2024-10-07T00:27:07.718-03:00 DEBUG 18250 --- [hotel_reservas] [           main] o.h.b.m.internal.AbstractPropertyHolder  : Attempting to locate auto-apply AttributeConverter for property [com.nathan.hotel_reservas.models.HabitacionModel:camas]
2024-10-07T00:27:07.718-03:00 DEBUG 18250 --- [hotel_reservas] [           main] o.h.b.model.internal.BasicValueBinder    : building BasicValue for camas
2024-10-07T00:27:07.718-03:00 DEBUG 18250 --- [hotel_reservas] [           main] org.hibernate.mapping.BasicValue         : Skipping column re-registration: ho_habitacion.camas
2024-10-07T00:27:07.718-03:00 DEBUG 18250 --- [hotel_reservas] [           main] o.h.boot.model.internal.PropertyBinder   : Building property camas
2024-10-07T00:27:07.718-03:00 DEBUG 18250 --- [hotel_reservas] [           main] o.h.boot.model.internal.AnnotatedColumn  : Binding column: AnnotatedColumn(column='numero')
2024-10-07T00:27:07.718-03:00 DEBUG 18250 --- [hotel_reservas] [           main] o.h.boot.model.internal.PropertyBinder   : MetadataSourceProcessor property habitacionNumero with lazy=false
2024-10-07T00:27:07.718-03:00 DEBUG 18250 --- [hotel_reservas] [           main] o.h.b.m.internal.AbstractPropertyHolder  : Attempting to locate auto-apply AttributeConverter for property [com.nathan.hotel_reservas.models.HabitacionModel:habitacionNumero]
2024-10-07T00:27:07.718-03:00 DEBUG 18250 --- [hotel_reservas] [           main] o.h.b.model.internal.BasicValueBinder    : building BasicValue for habitacionNumero
2024-10-07T00:27:07.718-03:00 DEBUG 18250 --- [hotel_reservas] [           main] org.hibernate.mapping.BasicValue         : Skipping column re-registration: ho_habitacion.numero
2024-10-07T00:27:07.718-03:00 DEBUG 18250 --- [hotel_reservas] [           main] o.h.boot.model.internal.PropertyBinder   : Building property habitacionNumero
2024-10-07T00:27:07.718-03:00 DEBUG 18250 --- [hotel_reservas] [           main] o.h.boot.model.internal.AnnotatedColumn  : Binding column: AnnotatedColumn(column='observacion')
2024-10-07T00:27:07.718-03:00 DEBUG 18250 --- [hotel_reservas] [           main] o.h.boot.model.internal.PropertyBinder   : MetadataSourceProcessor property observacion with lazy=false
2024-10-07T00:27:07.718-03:00 DEBUG 18250 --- [hotel_reservas] [           main] o.h.b.m.internal.AbstractPropertyHolder  : Attempting to locate auto-apply AttributeConverter for property [com.nathan.hotel_reservas.models.HabitacionModel:observacion]
2024-10-07T00:27:07.718-03:00 DEBUG 18250 --- [hotel_reservas] [           main] o.h.b.model.internal.BasicValueBinder    : building BasicValue for observacion
2024-10-07T00:27:07.718-03:00 DEBUG 18250 --- [hotel_reservas] [           main] org.hibernate.mapping.BasicValue         : Skipping column re-registration: ho_habitacion.observacion
2024-10-07T00:27:07.718-03:00 DEBUG 18250 --- [hotel_reservas] [           main] o.h.boot.model.internal.PropertyBinder   : Building property observacion
2024-10-07T00:27:07.718-03:00 DEBUG 18250 --- [hotel_reservas] [           main] o.h.boot.model.internal.AnnotatedColumn  : Binding column: AnnotatedColumn(column='piso')
2024-10-07T00:27:07.718-03:00 DEBUG 18250 --- [hotel_reservas] [           main] o.h.boot.model.internal.PropertyBinder   : MetadataSourceProcessor property piso with lazy=false
2024-10-07T00:27:07.718-03:00 DEBUG 18250 --- [hotel_reservas] [           main] o.h.b.m.internal.AbstractPropertyHolder  : Attempting to locate auto-apply AttributeConverter for property [com.nathan.hotel_reservas.models.HabitacionModel:piso]
2024-10-07T00:27:07.718-03:00 DEBUG 18250 --- [hotel_reservas] [           main] o.h.b.model.internal.BasicValueBinder    : building BasicValue for piso
2024-10-07T00:27:07.718-03:00 DEBUG 18250 --- [hotel_reservas] [           main] org.hibernate.mapping.BasicValue         : Skipping column re-registration: ho_habitacion.piso
2024-10-07T00:27:07.718-03:00 DEBUG 18250 --- [hotel_reservas] [           main] o.h.boot.model.internal.PropertyBinder   : Building property piso
2024-10-07T00:27:07.719-03:00 DEBUG 18250 --- [hotel_reservas] [           main] o.h.b.r.c.i.ClassLoaderServiceImpl       : HHH000194: Package not found or no package-info.java: com.nathan.hotel_reservas.models
2024-10-07T00:27:07.719-03:00 DEBUG 18250 --- [hotel_reservas] [           main] o.h.boot.model.internal.EntityBinder     : Binding entity from annotated class: com.nathan.hotel_reservas.models.ReservaModel
2024-10-07T00:27:07.719-03:00 DEBUG 18250 --- [hotel_reservas] [           main] o.h.boot.model.internal.EntityBinder     : Import with entity name ReservaModel
2024-10-07T00:27:07.719-03:00 DEBUG 18250 --- [hotel_reservas] [           main] o.h.boot.model.internal.EntityBinder     : Bind entity com.nathan.hotel_reservas.models.ReservaModel on table ho_reserva
2024-10-07T00:27:07.719-03:00 DEBUG 18250 --- [hotel_reservas] [           main] o.h.boot.model.internal.AnnotatedColumn  : Binding column: AnnotatedDiscriminatorColumn(column='DTYPE')
2024-10-07T00:27:07.719-03:00 DEBUG 18250 --- [hotel_reservas] [           main] o.h.boot.model.internal.AnnotatedColumn  : Binding column: AnnotatedColumn(column='reserva_id')
2024-10-07T00:27:07.719-03:00 DEBUG 18250 --- [hotel_reservas] [           main] o.h.boot.internal.ClassLoaderAccessImpl  : Not known whether passed class name [com.nathan.hotel_reservas.models.ReservaModel] is safe
2024-10-07T00:27:07.719-03:00 DEBUG 18250 --- [hotel_reservas] [           main] o.h.boot.internal.ClassLoaderAccessImpl  : No temp ClassLoader provided; using live ClassLoader for loading potentially unsafe class : com.nathan.hotel_reservas.models.ReservaModel
2024-10-07T00:27:07.719-03:00 DEBUG 18250 --- [hotel_reservas] [           main] o.h.boot.model.internal.PropertyBinder   : MetadataSourceProcessor property reservaId with lazy=false
2024-10-07T00:27:07.719-03:00 DEBUG 18250 --- [hotel_reservas] [           main] o.h.b.m.internal.AbstractPropertyHolder  : Attempting to locate auto-apply AttributeConverter for property [com.nathan.hotel_reservas.models.ReservaModel:reservaId]
2024-10-07T00:27:07.719-03:00 DEBUG 18250 --- [hotel_reservas] [           main] o.h.b.model.internal.BasicValueBinder    : building BasicValue for reservaId
2024-10-07T00:27:07.719-03:00 DEBUG 18250 --- [hotel_reservas] [           main] org.hibernate.mapping.BasicValue         : Skipping column re-registration: ho_reserva.reserva_id
2024-10-07T00:27:07.719-03:00 DEBUG 18250 --- [hotel_reservas] [           main] o.h.boot.model.internal.PropertyBinder   : Building property reservaId
2024-10-07T00:27:07.719-03:00 DEBUG 18250 --- [hotel_reservas] [           main] o.h.boot.model.internal.BinderHelper     : #makeIdGenerator(BasicValue([Column(reserva_id)]), reservaId, org.hibernate.id.enhanced.SequenceStyleGenerator, reserva_sequence, ...)
2024-10-07T00:27:07.719-03:00 DEBUG 18250 --- [hotel_reservas] [           main] o.h.boot.model.internal.AnnotatedColumn  : Binding column: AnnotatedColumn(column='cliente')
2024-10-07T00:27:07.719-03:00 DEBUG 18250 --- [hotel_reservas] [           main] o.h.boot.model.internal.PropertyBinder   : MetadataSourceProcessor property cliente with lazy=false
2024-10-07T00:27:07.719-03:00 DEBUG 18250 --- [hotel_reservas] [           main] o.h.b.m.internal.AbstractPropertyHolder  : Attempting to locate auto-apply AttributeConverter for property [com.nathan.hotel_reservas.models.ReservaModel:cliente]
2024-10-07T00:27:07.719-03:00 DEBUG 18250 --- [hotel_reservas] [           main] o.h.b.model.internal.BasicValueBinder    : building BasicValue for cliente
2024-10-07T00:27:07.719-03:00 DEBUG 18250 --- [hotel_reservas] [           main] org.hibernate.mapping.BasicValue         : Skipping column re-registration: ho_reserva.cliente
2024-10-07T00:27:07.719-03:00 DEBUG 18250 --- [hotel_reservas] [           main] o.h.boot.model.internal.PropertyBinder   : Building property cliente
2024-10-07T00:27:07.720-03:00 DEBUG 18250 --- [hotel_reservas] [           main] o.h.boot.model.internal.AnnotatedColumn  : Binding column: AnnotatedColumn(column='numero')
2024-10-07T00:27:07.720-03:00 DEBUG 18250 --- [hotel_reservas] [           main] o.h.boot.model.internal.PropertyBinder   : MetadataSourceProcessor property habitacionId with lazy=false
2024-10-07T00:27:07.720-03:00 DEBUG 18250 --- [hotel_reservas] [           main] o.h.b.m.internal.AbstractPropertyHolder  : Attempting to locate auto-apply AttributeConverter for property [com.nathan.hotel_reservas.models.ReservaModel:habitacionId]
2024-10-07T00:27:07.720-03:00 DEBUG 18250 --- [hotel_reservas] [           main] o.h.b.model.internal.BasicValueBinder    : building BasicValue for habitacionId
2024-10-07T00:27:07.720-03:00 DEBUG 18250 --- [hotel_reservas] [           main] org.hibernate.mapping.BasicValue         : Skipping column re-registration: ho_reserva.numero
2024-10-07T00:27:07.720-03:00 DEBUG 18250 --- [hotel_reservas] [           main] o.h.boot.model.internal.PropertyBinder   : Building property habitacionId
2024-10-07T00:27:07.720-03:00 DEBUG 18250 --- [hotel_reservas] [           main] o.h.boot.model.internal.AnnotatedColumn  : Binding column: AnnotatedColumn(column='inicio')
2024-10-07T00:27:07.720-03:00 DEBUG 18250 --- [hotel_reservas] [           main] o.h.boot.model.internal.PropertyBinder   : MetadataSourceProcessor property inicio with lazy=false
2024-10-07T00:27:07.720-03:00 DEBUG 18250 --- [hotel_reservas] [           main] o.h.b.m.internal.AbstractPropertyHolder  : Attempting to locate auto-apply AttributeConverter for property [com.nathan.hotel_reservas.models.ReservaModel:inicio]
2024-10-07T00:27:07.720-03:00 DEBUG 18250 --- [hotel_reservas] [           main] o.h.b.model.internal.BasicValueBinder    : building BasicValue for inicio
2024-10-07T00:27:07.720-03:00 DEBUG 18250 --- [hotel_reservas] [           main] org.hibernate.mapping.BasicValue         : Skipping column re-registration: ho_reserva.inicio
2024-10-07T00:27:07.720-03:00 DEBUG 18250 --- [hotel_reservas] [           main] o.h.boot.model.internal.PropertyBinder   : Building property inicio
2024-10-07T00:27:07.720-03:00 DEBUG 18250 --- [hotel_reservas] [           main] o.h.boot.model.internal.AnnotatedColumn  : Binding column: AnnotatedColumn(column='reserva_flag')
2024-10-07T00:27:07.720-03:00 DEBUG 18250 --- [hotel_reservas] [           main] o.h.boot.model.internal.PropertyBinder   : MetadataSourceProcessor property reservaFlag with lazy=false
2024-10-07T00:27:07.720-03:00 DEBUG 18250 --- [hotel_reservas] [           main] o.h.b.m.internal.AbstractPropertyHolder  : Attempting to locate auto-apply AttributeConverter for property [com.nathan.hotel_reservas.models.ReservaModel:reservaFlag]
2024-10-07T00:27:07.720-03:00 DEBUG 18250 --- [hotel_reservas] [           main] o.h.b.model.internal.BasicValueBinder    : building BasicValue for reservaFlag
2024-10-07T00:27:07.720-03:00 DEBUG 18250 --- [hotel_reservas] [           main] org.hibernate.mapping.BasicValue         : Skipping column re-registration: ho_reserva.reserva_flag
2024-10-07T00:27:07.720-03:00 DEBUG 18250 --- [hotel_reservas] [           main] o.h.boot.model.internal.PropertyBinder   : Building property reservaFlag
2024-10-07T00:27:07.720-03:00 DEBUG 18250 --- [hotel_reservas] [           main] o.h.boot.model.internal.AnnotatedColumn  : Binding column: AnnotatedColumn(column='termino')
2024-10-07T00:27:07.720-03:00 DEBUG 18250 --- [hotel_reservas] [           main] o.h.boot.model.internal.PropertyBinder   : MetadataSourceProcessor property termino with lazy=false
2024-10-07T00:27:07.720-03:00 DEBUG 18250 --- [hotel_reservas] [           main] o.h.b.m.internal.AbstractPropertyHolder  : Attempting to locate auto-apply AttributeConverter for property [com.nathan.hotel_reservas.models.ReservaModel:termino]
[...]

   QuartzAutoConfiguration:
      Did not match:
         - @ConditionalOnClass did not find required class 'org.quartz.Scheduler' (OnClassCondition)

   R2dbcAutoConfiguration:
      Did not match:
         - @ConditionalOnClass did not find required class 'io.r2dbc.spi.ConnectionFactory' (OnClassCondition)

   R2dbcDataAutoConfiguration:
      Did not match:
         - @ConditionalOnClass did not find required class 'org.springframework.data.r2dbc.core.R2dbcEntityTemplate' (OnClassCondition)

   R2dbcInitializationConfiguration:
      Did not match:
         - @ConditionalOnClass did not find required classes 'io.r2dbc.spi.ConnectionFactory', 'org.springframework.r2dbc.connection.init.DatabasePopulator' (OnClassCondition)

   R2dbcRepositoriesAutoConfiguration:
      Did not match:
         - @ConditionalOnClass did not find required class 'io.r2dbc.spi.ConnectionFactory' (OnClassCondition)

   R2dbcTransactionManagerAutoConfiguration:
      Did not match:
         - @ConditionalOnClass did not find required class 'org.springframework.r2dbc.connection.R2dbcTransactionManager' (OnClassCondition)

   RSocketGraphQlClientAutoConfiguration:
      Did not match:
         - @ConditionalOnClass did not find required class 'graphql.GraphQL' (OnClassCondition)

   RSocketMessagingAutoConfiguration:
      Did not match:
         - @ConditionalOnClass did not find required class 'io.rsocket.RSocket' (OnClassCondition)

   RSocketRequesterAutoConfiguration:
      Did not match:
         - @ConditionalOnClass did not find required class 'io.rsocket.RSocket' (OnClassCondition)

   RSocketSecurityAutoConfiguration:
      Did not match:
         - @ConditionalOnClass did not find required class 'org.springframework.security.rsocket.core.SecuritySocketAcceptorInterceptor' (OnClassCondition)

   RSocketServerAutoConfiguration:
      Did not match:
         - @ConditionalOnClass did not find required class 'io.rsocket.core.RSocketServer' (OnClassCondition)

   RSocketStrategiesAutoConfiguration:
      Did not match:
         - @ConditionalOnClass did not find required class 'io.netty.buffer.PooledByteBufAllocator' (OnClassCondition)

   RabbitAutoConfiguration:
      Did not match:
         - @ConditionalOnClass did not find required class 'com.rabbitmq.client.Channel' (OnClassCondition)

   ReactiveElasticsearchClientAutoConfiguration:
      Did not match:
         - @ConditionalOnClass did not find required class 'co.elastic.clients.transport.ElasticsearchTransport' (OnClassCondition)

   ReactiveElasticsearchRepositoriesAutoConfiguration:
      Did not match:
         - @ConditionalOnClass did not find required class 'reactor.core.publisher.Mono' (OnClassCondition)

   ReactiveMultipartAutoConfiguration:
      Did not match:
         - @ConditionalOnClass did not find required class 'org.springframework.web.reactive.config.WebFluxConfigurer' (OnClassCondition)

   ReactiveOAuth2ClientAutoConfiguration:
      Did not match:
         - @ConditionalOnClass did not find required class 'reactor.core.publisher.Flux' (OnClassCondition)

   ReactiveOAuth2ResourceServerAutoConfiguration:
      Did not match:
         - @ConditionalOnClass did not find required class 'org.springframework.security.config.annotation.web.reactive.EnableWebFluxSecurity' (OnClassCondition)

   ReactiveSecurityAutoConfiguration:
      Did not match:
         - @ConditionalOnClass did not find required class 'reactor.core.publisher.Flux' (OnClassCondition)

   ReactiveUserDetailsServiceAutoConfiguration:
      Did not match:
         - @ConditionalOnClass did not find required class 'org.springframework.security.authentication.ReactiveAuthenticationManager' (OnClassCondition)

   ReactiveWebServerFactoryAutoConfiguration:
      Did not match:
         - @ConditionalOnWebApplication did not find reactive web application classes (OnWebApplicationCondition)

   ReactorAutoConfiguration:
      Did not match:
         - @ConditionalOnClass did not find required class 'reactor.core.publisher.Hooks' (OnClassCondition)

   RedisAutoConfiguration:
      Did not match:
         - @ConditionalOnClass did not find required class 'org.springframework.data.redis.core.RedisOperations' (OnClassCondition)

   RedisCacheConfiguration:
      Did not match:
         - @ConditionalOnClass did not find required class 'org.springframework.data.redis.connection.RedisConnectionFactory' (OnClassCondition)

   RedisReactiveAutoConfiguration:
      Did not match:
         - @ConditionalOnClass did not find required class 'reactor.core.publisher.Flux' (OnClassCondition)

   RedisRepositoriesAutoConfiguration:
      Did not match:
         - @ConditionalOnClass did not find required class 'org.springframework.data.redis.repository.configuration.EnableRedisRepositories' (OnClassCondition)

   RemoteDevToolsAutoConfiguration:
      Did not match:
         - @ConditionalOnProperty (spring.devtools.remote.secret) did not find property 'secret' (OnPropertyCondition)
      Matched:
         - @ConditionalOnClass found required classes 'jakarta.servlet.Filter', 'org.springframework.http.server.ServerHttpRequest' (OnClassCondition)

   RepositoryRestMvcAutoConfiguration:
      Did not match:
         - @ConditionalOnClass did not find required class 'org.springframework.data.rest.webmvc.config.RepositoryRestMvcConfiguration' (OnClassCondition)

   Saml2RelyingPartyAutoConfiguration:
      Did not match:
         - @ConditionalOnClass did not find required class 'org.springframework.security.saml2.provider.service.registration.RelyingPartyRegistrationRepository' (OnClassCondition)

   SecurityAutoConfiguration:
      Did not match:
         - @ConditionalOnClass did not find required class 'org.springframework.security.authentication.DefaultAuthenticationEventPublisher' (OnClassCondition)

   SecurityFilterAutoConfiguration:
      Did not match:
         - @ConditionalOnClass did not find required class 'org.springframework.security.config.http.SessionCreationPolicy' (OnClassCondition)

   SendGridAutoConfiguration:
      Did not match:
         - @ConditionalOnClass did not find required class 'com.sendgrid.SendGrid' (OnClassCondition)

   ServletWebServerFactoryAutoConfiguration.ForwardedHeaderFilterConfiguration:
      Did not match:
         - @ConditionalOnProperty (server.forward-headers-strategy=framework) did not find property 'server.forward-headers-strategy' (OnPropertyCondition)

   ServletWebServerFactoryConfiguration.EmbeddedJetty:
      Did not match:
         - @ConditionalOnClass did not find required classes 'org.eclipse.jetty.server.Server', 'org.eclipse.jetty.util.Loader', 'org.eclipse.jetty.ee10.webapp.WebAppContext' (OnClassCondition)

   ServletWebServerFactoryConfiguration.EmbeddedUndertow:
      Did not match:
         - @ConditionalOnClass did not find required classes 'io.undertow.Undertow', 'org.xnio.SslClientAuthMode' (OnClassCondition)

   SessionAutoConfiguration:
      Did not match:
         - @ConditionalOnClass did not find required class 'org.springframework.session.Session' (OnClassCondition)

   SpringApplicationAdminJmxAutoConfiguration:
      Did not match:
         - @ConditionalOnProperty (spring.application.admin.enabled=true) did not find property 'enabled' (OnPropertyCondition)

   TaskExecutorConfigurations.SimpleAsyncTaskExecutorBuilderConfiguration#simpleAsyncTaskExecutorBuilderVirtualThreads:
      Did not match:
         - @ConditionalOnMissingBean (types: org.springframework.boot.task.SimpleAsyncTaskExecutorBuilder; SearchStrategy: all) found beans of type 'org.springframework.boot.task.SimpleAsyncTaskExecutorBuilder' simpleAsyncTaskExecutorBuilder (OnBeanCondition)

   TaskExecutorConfigurations.TaskExecutorConfiguration#applicationTaskExecutorVirtualThreads:
      Did not match:
         - @ConditionalOnThreading did not find VIRTUAL (OnThreadingCondition)

   TaskSchedulingAutoConfiguration#scheduledBeanLazyInitializationExcludeFilter:
      Did not match:
         - @ConditionalOnBean (names: org.springframework.context.annotation.internalScheduledAnnotationProcessor; SearchStrategy: all) did not find any beans named org.springframework.context.annotation.internalScheduledAnnotationProcessor (OnBeanCondition)

   TaskSchedulingConfigurations.SimpleAsyncTaskSchedulerBuilderConfiguration#simpleAsyncTaskSchedulerBuilderVirtualThreads:
      Did not match:
         - @ConditionalOnMissingBean (types: org.springframework.boot.task.SimpleAsyncTaskSchedulerBuilder; SearchStrategy: all) found beans of type 'org.springframework.boot.task.SimpleAsyncTaskSchedulerBuilder' simpleAsyncTaskSchedulerBuilder (OnBeanCondition)

   TaskSchedulingConfigurations.TaskSchedulerConfiguration:
      Did not match:
         - @ConditionalOnBean (names: org.springframework.context.annotation.internalScheduledAnnotationProcessor; SearchStrategy: all) did not find any beans named org.springframework.context.annotation.internalScheduledAnnotationProcessor (OnBeanCondition)

   ThymeleafAutoConfiguration:
      Did not match:
         - @ConditionalOnClass did not find required class 'org.thymeleaf.spring6.SpringTemplateEngine' (OnClassCondition)

   TransactionAutoConfiguration#transactionalOperator:
      Did not match:
         - @ConditionalOnSingleCandidate (types: org.springframework.transaction.ReactiveTransactionManager; SearchStrategy: all) did not find any beans (OnBeanCondition)

   TransactionAutoConfiguration.AspectJTransactionManagementConfiguration:
      Did not match:
         - @ConditionalOnBean (types: org.springframework.transaction.aspectj.AbstractTransactionAspect; SearchStrategy: all) did not find any beans of type org.springframework.transaction.aspectj.AbstractTransactionAspect (OnBeanCondition)

   TransactionAutoConfiguration.EnableTransactionManagementConfiguration.JdkDynamicAutoProxyConfiguration:
      Did not match:
         - @ConditionalOnProperty (spring.aop.proxy-target-class=false) did not find property 'proxy-target-class' (OnPropertyCondition)

   UserDetailsServiceAutoConfiguration:
      Did not match:
         - @ConditionalOnClass did not find required class 'org.springframework.security.authentication.AuthenticationManager' (OnClassCondition)

   ValidationAutoConfiguration:
      Did not match:
         - @ConditionalOnClass did not find required class 'jakarta.validation.executable.ExecutableValidator' (OnClassCondition)

   WebClientAutoConfiguration:
      Did not match:
         - @ConditionalOnClass did not find required class 'org.springframework.web.reactive.function.client.WebClient' (OnClassCondition)

   WebFluxAutoConfiguration:
      Did not match:
         - @ConditionalOnClass did not find required class 'org.springframework.web.reactive.config.WebFluxConfigurer' (OnClassCondition)

   WebMvcAutoConfiguration#hiddenHttpMethodFilter:
      Did not match:
         - @ConditionalOnProperty (spring.mvc.hiddenmethod.filter.enabled) did not find property 'enabled' (OnPropertyCondition)

   WebMvcAutoConfiguration.ProblemDetailsErrorHandlingConfiguration:
      Did not match:
         - @ConditionalOnProperty (spring.mvc.problemdetails.enabled=true) did not find property 'enabled' (OnPropertyCondition)

   WebMvcAutoConfiguration.ResourceChainCustomizerConfiguration:
      Did not match:
         - @ConditionalOnEnabledResourceChain did not find class org.webjars.WebJarAssetLocator (OnEnabledResourceChainCondition)

   WebMvcAutoConfiguration.WebMvcAutoConfigurationAdapter#beanNameViewResolver:
      Did not match:
         - @ConditionalOnMissingBean (types: org.springframework.web.servlet.view.BeanNameViewResolver; SearchStrategy: all) found beans of type 'org.springframework.web.servlet.view.BeanNameViewResolver' beanNameViewResolver (OnBeanCondition)

   WebServiceTemplateAutoConfiguration:
      Did not match:
         - @ConditionalOnClass did not find required class 'org.springframework.oxm.Marshaller' (OnClassCondition)

   WebServicesAutoConfiguration:
      Did not match:
         - @ConditionalOnClass did not find required class 'org.springframework.ws.transport.http.MessageDispatcherServlet' (OnClassCondition)

   WebSessionIdResolverAutoConfiguration:
      Did not match:
         - @ConditionalOnClass did not find required class 'reactor.core.publisher.Mono' (OnClassCondition)

   WebSocketMessagingAutoConfiguration:
      Did not match:
         - @ConditionalOnClass did not find required class 'org.springframework.web.socket.config.annotation.WebSocketMessageBrokerConfigurer' (OnClassCondition)

   WebSocketReactiveAutoConfiguration:
      Did not match:
         - @ConditionalOnWebApplication did not find reactive web application classes (OnWebApplicationCondition)

   WebSocketServletAutoConfiguration.JettyWebSocketConfiguration:
      Did not match:
         - @ConditionalOnClass did not find required class 'org.eclipse.jetty.ee10.websocket.jakarta.server.config.JakartaWebSocketServletContainerInitializer' (OnClassCondition)

   WebSocketServletAutoConfiguration.UndertowWebSocketConfiguration:
      Did not match:
         - @ConditionalOnClass did not find required class 'io.undertow.websockets.jsr.Bootstrap' (OnClassCondition)

   XADataSourceAutoConfiguration:
      Did not match:
         - @ConditionalOnBean (types: org.springframework.boot.jdbc.XADataSourceWrapper; SearchStrategy: all) did not find any beans of type org.springframework.boot.jdbc.XADataSourceWrapper (OnBeanCondition)
      Matched:
         - @ConditionalOnClass found required classes 'javax.sql.DataSource', 'jakarta.transaction.TransactionManager', 'org.springframework.jdbc.datasource.embedded.EmbeddedDatabaseType' (OnClassCondition)


Exclusions:
-----------

    None


Unconditional classes:
----------------------

    org.springframework.boot.autoconfigure.context.ConfigurationPropertiesAutoConfiguration

    org.springframework.boot.autoconfigure.ssl.SslAutoConfiguration

    org.springframework.boot.autoconfigure.context.LifecycleAutoConfiguration

    org.springframework.boot.autoconfigure.context.PropertyPlaceholderAutoConfiguration

    org.springframework.boot.autoconfigure.availability.ApplicationAvailabilityAutoConfiguration

    org.springframework.boot.autoconfigure.info.ProjectInfoAutoConfiguration



2024-10-07T00:27:08.052-03:00  INFO 18250 --- [hotel_reservas] [           main] c.n.h.HotelReservasApplicationTests      : Started HotelReservasApplicationTests in 1.003 seconds (process running for 4.677)
2024-10-07T00:27:08.053-03:00 DEBUG 18250 --- [hotel_reservas] [           main] o.s.b.a.ApplicationAvailabilityBean      : Application availability state LivenessState changed to CORRECT
2024-10-07T00:27:08.053-03:00 DEBUG 18250 --- [hotel_reservas] [           main] o.s.b.a.ApplicationAvailabilityBean      : Application availability state ReadinessState changed to ACCEPTING_TRAFFIC
2024-10-07T00:27:08.053-03:00 DEBUG 18250 --- [hotel_reservas] [           main] org.springframework.test.context.cache   : Spring test ApplicationContext cache statistics: [DefaultContextCache@6464f017 size = 2, maxSize = 32, parentContextCount = 0, hitCount = 26, missCount = 2, failureCount = 0]
2024-10-07T00:27:08.053-03:00 DEBUG 18250 --- [hotel_reservas] [           main] o.s.t.c.w.ServletTestExecutionListener   : Setting up MockHttpServletRequest, MockHttpServletResponse, ServletWebRequest, and RequestContextHolder for test class com.nathan.hotel_reservas.HotelReservasApplicationTests
2024-10-07T00:27:08.060-03:00 DEBUG 18250 --- [hotel_reservas] [           main] DependencyInjectionTestExecutionListener : Performing dependency injection for test class com.nathan.hotel_reservas.HotelReservasApplicationTests
2024-10-07T00:27:08.060-03:00 DEBUG 18250 --- [hotel_reservas] [           main] org.springframework.test.context.cache   : Spring test ApplicationContext cache statistics: [DefaultContextCache@6464f017 size = 2, maxSize = 32, parentContextCount = 0, hitCount = 27, missCount = 2, failureCount = 0]
2024-10-07T00:27:08.060-03:00 DEBUG 18250 --- [hotel_reservas] [           main] org.springframework.test.context.cache   : Spring test ApplicationContext cache statistics: [DefaultContextCache@6464f017 size = 2, maxSize = 32, parentContextCount = 0, hitCount = 28, missCount = 2, failureCount = 0]
2024-10-07T00:27:08.061-03:00 DEBUG 18250 --- [hotel_reservas] [           main] sContextBeforeModesTestExecutionListener : Before test method: class [HotelReservasApplicationTests], method [contextLoads], class annotated with @DirtiesContext [false] with mode [null], method annotated with @DirtiesContext [false] with mode [null]
2024-10-07T00:27:08.061-03:00 DEBUG 18250 --- [hotel_reservas] [           main] org.springframework.test.context.cache   : Spring test ApplicationContext cache statistics: [DefaultContextCache@6464f017 size = 2, maxSize = 32, parentContextCount = 0, hitCount = 29, missCount = 2, failureCount = 0]
2024-10-07T00:27:08.061-03:00 DEBUG 18250 --- [hotel_reservas] [           main] org.springframework.test.context.cache   : Spring test ApplicationContext cache statistics: [DefaultContextCache@6464f017 size = 2, maxSize = 32, parentContextCount = 0, hitCount = 30, missCount = 2, failureCount = 0]
2024-10-07T00:27:08.062-03:00 DEBUG 18250 --- [hotel_reservas] [           main] org.springframework.test.context.cache   : Spring test ApplicationContext cache statistics: [DefaultContextCache@6464f017 size = 2, maxSize = 32, parentContextCount = 0, hitCount = 31, missCount = 2, failureCount = 0]
2024-10-07T00:27:08.062-03:00 DEBUG 18250 --- [hotel_reservas] [           main] org.springframework.test.context.cache   : Spring test ApplicationContext cache statistics: [DefaultContextCache@6464f017 size = 2, maxSize = 32, parentContextCount = 0, hitCount = 32, missCount = 2, failureCount = 0]
2024-10-07T00:27:08.062-03:00 DEBUG 18250 --- [hotel_reservas] [           main] org.springframework.test.context.cache   : Spring test ApplicationContext cache statistics: [DefaultContextCache@6464f017 size = 2, maxSize = 32, parentContextCount = 0, hitCount = 33, missCount = 2, failureCount = 0]
2024-10-07T00:27:08.062-03:00 DEBUG 18250 --- [hotel_reservas] [           main] org.springframework.test.context.cache   : Spring test ApplicationContext cache statistics: [DefaultContextCache@6464f017 size = 2, maxSize = 32, parentContextCount = 0, hitCount = 34, missCount = 2, failureCount = 0]
2024-10-07T00:27:08.062-03:00 DEBUG 18250 --- [hotel_reservas] [           main] org.springframework.test.context.cache   : Spring test ApplicationContext cache statistics: [DefaultContextCache@6464f017 size = 2, maxSize = 32, parentContextCount = 0, hitCount = 35, missCount = 2, failureCount = 0]
2024-10-07T00:27:08.062-03:00 DEBUG 18250 --- [hotel_reservas] [           main] org.springframework.test.context.cache   : Spring test ApplicationContext cache statistics: [DefaultContextCache@6464f017 size = 2, maxSize = 32, parentContextCount = 0, hitCount = 36, missCount = 2, failureCount = 0]
2024-10-07T00:27:08.063-03:00 DEBUG 18250 --- [hotel_reservas] [           main] org.springframework.test.context.cache   : Spring test ApplicationContext cache statistics: [DefaultContextCache@6464f017 size = 2, maxSize = 32, parentContextCount = 0, hitCount = 37, missCount = 2, failureCount = 0]
2024-10-07T00:27:08.063-03:00 DEBUG 18250 --- [hotel_reservas] [           main] .c.s.DirtiesContextTestExecutionListener : After test method: class [HotelReservasApplicationTests], method [contextLoads], class annotated with @DirtiesContext [false] with mode [null], method annotated with @DirtiesContext [false] with mode [null]
2024-10-07T00:27:08.063-03:00 DEBUG 18250 --- [hotel_reservas] [           main] o.s.t.c.w.ServletTestExecutionListener   : Resetting RequestContextHolder for test class com.nathan.hotel_reservas.HotelReservasApplicationTests
]]></system-out>
  </testcase>
</testsuite>